<?xml version="1.0" encoding="UTF-8"?>
<coverage generated="1747683230504" clover="3.2.0">
  <project timestamp="1747683230504" name="All files">
    <metrics statements="985" coveredstatements="805" conditionals="306" coveredconditionals="196" methods="128" coveredmethods="114" elements="1419" coveredelements="1115" complexity="0" loc="985" ncloc="985" packages="9" files="42" classes="42"/>
    <package name="src">
      <metrics statements="53" coveredstatements="47" conditionals="16" coveredconditionals="8" methods="3" coveredmethods="1"/>
      <file name="index.js" path="D:\GitHub\Diploma-Work\backend\src\index.js">
        <metrics statements="53" coveredstatements="47" conditionals="16" coveredconditionals="8" methods="3" coveredmethods="1"/>
        <line num="1" count="10" type="stmt"/>
        <line num="2" count="10" type="stmt"/>
        <line num="3" count="10" type="stmt"/>
        <line num="4" count="10" type="stmt"/>
        <line num="5" count="10" type="stmt"/>
        <line num="6" count="10" type="stmt"/>
        <line num="7" count="10" type="stmt"/>
        <line num="8" count="10" type="stmt"/>
        <line num="9" count="10" type="stmt"/>
        <line num="15" count="10" type="stmt"/>
        <line num="16" count="10" type="stmt"/>
        <line num="17" count="10" type="stmt"/>
        <line num="18" count="10" type="stmt"/>
        <line num="19" count="10" type="stmt"/>
        <line num="20" count="10" type="stmt"/>
        <line num="21" count="10" type="stmt"/>
        <line num="22" count="10" type="stmt"/>
        <line num="23" count="10" type="stmt"/>
        <line num="24" count="10" type="stmt"/>
        <line num="25" count="10" type="stmt"/>
        <line num="27" count="10" type="stmt"/>
        <line num="29" count="10" type="stmt"/>
        <line num="34" count="10" type="stmt"/>
        <line num="36" count="134" type="cond" truecount="2" falsecount="2"/>
        <line num="37" count="134" type="stmt"/>
        <line num="39" count="0" type="stmt"/>
        <line num="49" count="10" type="stmt"/>
        <line num="51" count="10" type="stmt"/>
        <line num="75" count="10" type="stmt"/>
        <line num="82" count="10" type="stmt"/>
        <line num="84" count="10" type="cond" truecount="1" falsecount="1"/>
        <line num="85" count="0" type="stmt"/>
        <line num="87" count="10" type="stmt"/>
        <line num="88" count="10" type="stmt"/>
        <line num="90" count="10" type="stmt"/>
        <line num="91" count="0" type="stmt"/>
        <line num="94" count="10" type="cond" truecount="1" falsecount="1"/>
        <line num="95" count="0" type="stmt"/>
        <line num="98" count="10" type="stmt"/>
        <line num="99" count="10" type="stmt"/>
        <line num="100" count="10" type="stmt"/>
        <line num="101" count="10" type="stmt"/>
        <line num="102" count="10" type="stmt"/>
        <line num="103" count="10" type="stmt"/>
        <line num="104" count="10" type="stmt"/>
        <line num="105" count="10" type="stmt"/>
        <line num="106" count="10" type="stmt"/>
        <line num="107" count="10" type="stmt"/>
        <line num="109" count="10" type="cond" truecount="1" falsecount="1"/>
        <line num="111" count="10" type="cond" truecount="1" falsecount="1"/>
        <line num="112" count="0" type="stmt"/>
        <line num="113" count="0" type="stmt"/>
        <line num="117" count="10" type="stmt"/>
      </file>
    </package>
    <package name="src.api.controllers">
      <metrics statements="437" coveredstatements="352" conditionals="180" coveredconditionals="128" methods="40" coveredmethods="39"/>
      <file name="adminController.js" path="D:\GitHub\Diploma-Work\backend\src\api\controllers\adminController.js">
        <metrics statements="116" coveredstatements="98" conditionals="62" coveredconditionals="54" methods="8" coveredmethods="8"/>
        <line num="1" count="10" type="stmt"/>
        <line num="2" count="10" type="stmt"/>
        <line num="3" count="10" type="stmt"/>
        <line num="4" count="10" type="stmt"/>
        <line num="12" count="10" type="stmt"/>
        <line num="14" count="10" type="stmt"/>
        <line num="15" count="1" type="stmt"/>
        <line num="16" count="1" type="stmt"/>
        <line num="17" count="1" type="stmt"/>
        <line num="19" count="0" type="stmt"/>
        <line num="23" count="10" type="stmt"/>
        <line num="24" count="6" type="stmt"/>
        <line num="36" count="6" type="stmt"/>
        <line num="39" count="6" type="cond" truecount="2" falsecount="0"/>
        <line num="49" count="1" type="stmt"/>
        <line num="52" count="5" type="stmt"/>
        <line num="53" count="5" type="cond" truecount="2" falsecount="0"/>
        <line num="54" count="1" type="stmt"/>
        <line num="58" count="4" type="stmt"/>
        <line num="59" count="4" type="cond" truecount="2" falsecount="0"/>
        <line num="60" count="1" type="stmt"/>
        <line num="64" count="3" type="stmt"/>
        <line num="65" count="3" type="cond" truecount="2" falsecount="0"/>
        <line num="66" count="1" type="stmt"/>
        <line num="70" count="2" type="cond" truecount="1" falsecount="1"/>
        <line num="71" count="0" type="stmt"/>
        <line num="73" count="2" type="cond" truecount="1" falsecount="1"/>
        <line num="74" count="0" type="stmt"/>
        <line num="76" count="2" type="cond" truecount="1" falsecount="1"/>
        <line num="77" count="0" type="stmt"/>
        <line num="79" count="2" type="cond" truecount="3" falsecount="1"/>
        <line num="80" count="0" type="stmt"/>
        <line num="82" count="2" type="cond" truecount="1" falsecount="1"/>
        <line num="83" count="0" type="stmt"/>
        <line num="87" count="2" type="stmt"/>
        <line num="88" count="2" type="cond" truecount="2" falsecount="0"/>
        <line num="89" count="1" type="stmt"/>
        <line num="91" count="1" type="cond" truecount="1" falsecount="1"/>
        <line num="92" count="0" type="stmt"/>
        <line num="94" count="1" type="cond" truecount="1" falsecount="1"/>
        <line num="95" count="0" type="stmt"/>
        <line num="97" count="1" type="cond" truecount="1" falsecount="1"/>
        <line num="98" count="0" type="stmt"/>
        <line num="104" count="1" type="stmt"/>
        <line num="106" count="1" type="stmt"/>
        <line num="119" count="1" type="stmt"/>
        <line num="121" count="1" type="stmt"/>
        <line num="123" count="0" type="stmt"/>
        <line num="127" count="10" type="stmt"/>
        <line num="128" count="4" type="stmt"/>
        <line num="129" count="4" type="stmt"/>
        <line num="130" count="4" type="stmt"/>
        <line num="131" count="4" type="cond" truecount="2" falsecount="0"/>
        <line num="132" count="2" type="stmt"/>
        <line num="134" count="2" type="stmt"/>
        <line num="135" count="2" type="stmt"/>
        <line num="137" count="0" type="stmt"/>
        <line num="141" count="10" type="stmt"/>
        <line num="142" count="5" type="stmt"/>
        <line num="143" count="5" type="stmt"/>
        <line num="144" count="5" type="stmt"/>
        <line num="145" count="5" type="stmt"/>
        <line num="146" count="5" type="cond" truecount="2" falsecount="0"/>
        <line num="147" count="1" type="stmt"/>
        <line num="149" count="4" type="stmt"/>
        <line num="150" count="4" type="stmt"/>
        <line num="151" count="4" type="stmt"/>
        <line num="152" count="4" type="cond" truecount="4" falsecount="0"/>
        <line num="153" count="1" type="stmt"/>
        <line num="155" count="3" type="cond" truecount="4" falsecount="0"/>
        <line num="156" count="1" type="stmt"/>
        <line num="158" count="2" type="cond" truecount="4" falsecount="0"/>
        <line num="159" count="1" type="stmt"/>
        <line num="161" count="1" type="stmt"/>
        <line num="162" count="1" type="stmt"/>
        <line num="164" count="0" type="stmt"/>
        <line num="168" count="10" type="stmt"/>
        <line num="169" count="1" type="stmt"/>
        <line num="170" count="1" type="stmt"/>
        <line num="171" count="1" type="stmt"/>
        <line num="173" count="0" type="stmt"/>
        <line num="177" count="10" type="stmt"/>
        <line num="178" count="2" type="stmt"/>
        <line num="179" count="2" type="stmt"/>
        <line num="180" count="2" type="stmt"/>
        <line num="182" count="2" type="cond" truecount="2" falsecount="0"/>
        <line num="183" count="1" type="stmt"/>
        <line num="186" count="1" type="stmt"/>
        <line num="188" count="0" type="stmt"/>
        <line num="192" count="10" type="stmt"/>
        <line num="193" count="4" type="stmt"/>
        <line num="194" count="4" type="stmt"/>
        <line num="196" count="4" type="stmt"/>
        <line num="197" count="4" type="cond" truecount="2" falsecount="0"/>
        <line num="198" count="1" type="stmt"/>
        <line num="201" count="3" type="cond" truecount="2" falsecount="0"/>
        <line num="202" count="1" type="stmt"/>
        <line num="205" count="2" type="stmt"/>
        <line num="206" count="2" type="stmt"/>
        <line num="208" count="2" type="stmt"/>
        <line num="210" count="2" type="stmt"/>
        <line num="215" count="2" type="stmt"/>
        <line num="220" count="0" type="stmt"/>
        <line num="221" count="0" type="stmt"/>
        <line num="225" count="10" type="stmt"/>
        <line num="226" count="4" type="stmt"/>
        <line num="227" count="4" type="stmt"/>
        <line num="229" count="4" type="stmt"/>
        <line num="230" count="4" type="cond" truecount="2" falsecount="0"/>
        <line num="231" count="1" type="stmt"/>
        <line num="234" count="3" type="cond" truecount="2" falsecount="0"/>
        <line num="235" count="1" type="stmt"/>
        <line num="238" count="2" type="stmt"/>
        <line num="243" count="2" type="stmt"/>
        <line num="248" count="0" type="stmt"/>
        <line num="249" count="0" type="stmt"/>
      </file>
      <file name="authController.js" path="D:\GitHub\Diploma-Work\backend\src\api\controllers\authController.js">
        <metrics statements="65" coveredstatements="49" conditionals="46" coveredconditionals="32" methods="3" coveredmethods="3"/>
        <line num="1" count="10" type="stmt"/>
        <line num="2" count="10" type="stmt"/>
        <line num="3" count="10" type="stmt"/>
        <line num="4" count="10" type="stmt"/>
        <line num="5" count="10" type="stmt"/>
        <line num="13" count="10" type="stmt"/>
        <line num="15" count="10" type="stmt"/>
        <line num="16" count="14" type="stmt"/>
        <line num="28" count="14" type="stmt"/>
        <line num="31" count="14" type="cond" truecount="1" falsecount="1"/>
        <line num="41" count="0" type="stmt"/>
        <line num="45" count="14" type="cond" truecount="1" falsecount="1"/>
        <line num="46" count="0" type="stmt"/>
        <line num="48" count="14" type="cond" truecount="1" falsecount="1"/>
        <line num="49" count="0" type="stmt"/>
        <line num="51" count="14" type="cond" truecount="1" falsecount="1"/>
        <line num="52" count="0" type="stmt"/>
        <line num="54" count="14" type="cond" truecount="3" falsecount="1"/>
        <line num="55" count="0" type="stmt"/>
        <line num="57" count="14" type="cond" truecount="1" falsecount="1"/>
        <line num="58" count="0" type="stmt"/>
        <line num="62" count="14" type="stmt"/>
        <line num="63" count="14" type="stmt"/>
        <line num="64" count="14" type="cond" truecount="4" falsecount="0"/>
        <line num="65" count="1" type="stmt"/>
        <line num="69" count="13" type="cond" truecount="1" falsecount="1"/>
        <line num="70" count="0" type="stmt"/>
        <line num="72" count="13" type="cond" truecount="1" falsecount="1"/>
        <line num="73" count="0" type="stmt"/>
        <line num="75" count="13" type="cond" truecount="1" falsecount="1"/>
        <line num="76" count="0" type="stmt"/>
        <line num="81" count="13" type="stmt"/>
        <line num="82" count="13" type="cond" truecount="2" falsecount="0"/>
        <line num="83" count="1" type="stmt"/>
        <line num="87" count="12" type="stmt"/>
        <line num="88" count="12" type="cond" truecount="2" falsecount="0"/>
        <line num="89" count="1" type="stmt"/>
        <line num="94" count="11" type="cond" truecount="1" falsecount="1"/>
        <line num="95" count="0" type="cond" truecount="0" falsecount="2"/>
        <line num="96" count="0" type="stmt"/>
        <line num="98" count="0" type="stmt"/>
        <line num="99" count="0" type="cond" truecount="0" falsecount="2"/>
        <line num="100" count="0" type="stmt"/>
        <line num="104" count="11" type="stmt"/>
        <line num="106" count="11" type="stmt"/>
        <line num="119" count="11" type="stmt"/>
        <line num="121" count="11" type="stmt"/>
        <line num="123" count="0" type="stmt"/>
        <line num="127" count="10" type="stmt"/>
        <line num="128" count="9" type="stmt"/>
        <line num="129" count="9" type="stmt"/>
        <line num="130" count="9" type="stmt"/>
        <line num="131" count="8" type="stmt"/>
        <line num="132" count="8" type="cond" truecount="2" falsecount="0"/>
        <line num="136" count="3" type="stmt"/>
        <line num="138" count="5" type="stmt"/>
        <line num="139" count="5" type="stmt"/>
        <line num="151" count="5" type="stmt"/>
        <line num="156" count="5" type="stmt"/>
        <line num="158" count="1" type="stmt"/>
        <line num="162" count="10" type="stmt"/>
        <line num="163" count="1" type="stmt"/>
        <line num="164" count="1" type="stmt"/>
        <line num="165" count="1" type="stmt"/>
        <line num="167" count="0" type="stmt"/>
      </file>
      <file name="candidatesController.js" path="D:\GitHub\Diploma-Work\backend\src\api\controllers\candidatesController.js">
        <metrics statements="13" coveredstatements="10" conditionals="0" coveredconditionals="0" methods="2" coveredmethods="2"/>
        <line num="1" count="10" type="stmt"/>
        <line num="3" count="10" type="stmt"/>
        <line num="4" count="1" type="stmt"/>
        <line num="5" count="1" type="stmt"/>
        <line num="6" count="1" type="stmt"/>
        <line num="8" count="0" type="stmt"/>
        <line num="12" count="10" type="stmt"/>
        <line num="13" count="1" type="stmt"/>
        <line num="14" count="1" type="stmt"/>
        <line num="15" count="1" type="stmt"/>
        <line num="16" count="1" type="stmt"/>
        <line num="18" count="0" type="stmt"/>
        <line num="19" count="0" type="stmt"/>
      </file>
      <file name="electionsController.js" path="D:\GitHub\Diploma-Work\backend\src\api\controllers\electionsController.js">
        <metrics statements="31" coveredstatements="28" conditionals="0" coveredconditionals="0" methods="5" coveredmethods="5"/>
        <line num="1" count="10" type="stmt"/>
        <line num="3" count="10" type="stmt"/>
        <line num="4" count="1" type="stmt"/>
        <line num="5" count="1" type="stmt"/>
        <line num="6" count="1" type="stmt"/>
        <line num="8" count="0" type="stmt"/>
        <line num="12" count="10" type="stmt"/>
        <line num="13" count="1" type="stmt"/>
        <line num="14" count="1" type="stmt"/>
        <line num="15" count="1" type="stmt"/>
        <line num="16" count="1" type="stmt"/>
        <line num="17" count="1" type="stmt"/>
        <line num="19" count="0" type="stmt"/>
        <line num="23" count="10" type="stmt"/>
        <line num="24" count="2" type="stmt"/>
        <line num="25" count="2" type="stmt"/>
        <line num="26" count="2" type="stmt"/>
        <line num="27" count="2" type="stmt"/>
        <line num="29" count="0" type="stmt"/>
        <line num="33" count="10" type="stmt"/>
        <line num="34" count="2" type="stmt"/>
        <line num="35" count="2" type="stmt"/>
        <line num="36" count="2" type="stmt"/>
        <line num="37" count="1" type="stmt"/>
        <line num="39" count="1" type="stmt"/>
        <line num="43" count="10" type="stmt"/>
        <line num="44" count="2" type="stmt"/>
        <line num="45" count="2" type="stmt"/>
        <line num="46" count="2" type="stmt"/>
        <line num="47" count="1" type="stmt"/>
        <line num="49" count="1" type="stmt"/>
      </file>
      <file name="eventsController.js" path="D:\GitHub\Diploma-Work\backend\src\api\controllers\eventsController.js">
        <metrics statements="6" coveredstatements="5" conditionals="0" coveredconditionals="0" methods="1" coveredmethods="1"/>
        <line num="1" count="10" type="stmt"/>
        <line num="3" count="10" type="stmt"/>
        <line num="4" count="1" type="stmt"/>
        <line num="5" count="1" type="stmt"/>
        <line num="6" count="1" type="stmt"/>
        <line num="8" count="0" type="stmt"/>
      </file>
      <file name="locationsController.js" path="D:\GitHub\Diploma-Work\backend\src\api\controllers\locationsController.js">
        <metrics statements="24" coveredstatements="20" conditionals="0" coveredconditionals="0" methods="4" coveredmethods="4"/>
        <line num="1" count="10" type="stmt"/>
        <line num="2" count="10" type="stmt"/>
        <line num="4" count="10" type="stmt"/>
        <line num="5" count="1" type="stmt"/>
        <line num="6" count="1" type="stmt"/>
        <line num="7" count="1" type="stmt"/>
        <line num="8" count="1" type="stmt"/>
        <line num="10" count="0" type="stmt"/>
        <line num="14" count="10" type="stmt"/>
        <line num="15" count="1" type="stmt"/>
        <line num="16" count="1" type="stmt"/>
        <line num="17" count="1" type="stmt"/>
        <line num="18" count="1" type="stmt"/>
        <line num="20" count="0" type="stmt"/>
        <line num="24" count="10" type="stmt"/>
        <line num="25" count="1" type="stmt"/>
        <line num="26" count="1" type="stmt"/>
        <line num="27" count="1" type="stmt"/>
        <line num="29" count="0" type="stmt"/>
        <line num="33" count="10" type="stmt"/>
        <line num="34" count="1" type="stmt"/>
        <line num="35" count="1" type="stmt"/>
        <line num="36" count="1" type="stmt"/>
        <line num="38" count="0" type="stmt"/>
      </file>
      <file name="managerController.js" path="D:\GitHub\Diploma-Work\backend\src\api\controllers\managerController.js">
        <metrics statements="73" coveredstatements="62" conditionals="20" coveredconditionals="10" methods="9" coveredmethods="9"/>
        <line num="1" count="10" type="stmt"/>
        <line num="2" count="10" type="stmt"/>
        <line num="3" count="10" type="stmt"/>
        <line num="5" count="10" type="stmt"/>
        <line num="6" count="1" type="stmt"/>
        <line num="7" count="1" type="stmt"/>
        <line num="8" count="1" type="stmt"/>
        <line num="15" count="1" type="stmt"/>
        <line num="17" count="0" type="stmt"/>
        <line num="21" count="10" type="stmt"/>
        <line num="22" count="1" type="stmt"/>
        <line num="23" count="1" type="stmt"/>
        <line num="24" count="1" type="stmt"/>
        <line num="25" count="1" type="stmt"/>
        <line num="27" count="0" type="stmt"/>
        <line num="31" count="10" type="stmt"/>
        <line num="32" count="1" type="stmt"/>
        <line num="41" count="1" type="stmt"/>
        <line num="42" count="1" type="stmt"/>
        <line num="51" count="1" type="stmt"/>
        <line num="53" count="0" type="stmt"/>
        <line num="57" count="10" type="stmt"/>
        <line num="58" count="1" type="stmt"/>
        <line num="59" count="1" type="stmt"/>
        <line num="60" count="1" type="stmt"/>
        <line num="61" count="1" type="stmt"/>
        <line num="63" count="0" type="stmt"/>
        <line num="67" count="10" type="stmt"/>
        <line num="68" count="1" type="stmt"/>
        <line num="69" count="1" type="stmt"/>
        <line num="78" count="1" type="stmt"/>
        <line num="80" count="1" type="stmt"/>
        <line num="81" count="1" type="cond" truecount="1" falsecount="1"/>
        <line num="82" count="1" type="cond" truecount="1" falsecount="1"/>
        <line num="83" count="1" type="cond" truecount="1" falsecount="1"/>
        <line num="84" count="1" type="cond" truecount="1" falsecount="1"/>
        <line num="85" count="1" type="cond" truecount="1" falsecount="1"/>
        <line num="86" count="1" type="cond" truecount="1" falsecount="1"/>
        <line num="87" count="0" type="stmt"/>
        <line num="88" count="1" type="cond" truecount="1" falsecount="1"/>
        <line num="89" count="0" type="stmt"/>
        <line num="91" count="1" type="stmt"/>
        <line num="92" count="1" type="stmt"/>
        <line num="94" count="0" type="stmt"/>
        <line num="98" count="10" type="stmt"/>
        <line num="99" count="1" type="stmt"/>
        <line num="100" count="1" type="stmt"/>
        <line num="101" count="1" type="stmt"/>
        <line num="105" count="1" type="stmt"/>
        <line num="107" count="0" type="stmt"/>
        <line num="111" count="10" type="stmt"/>
        <line num="112" count="1" type="stmt"/>
        <line num="113" count="1" type="stmt"/>
        <line num="114" count="1" type="stmt"/>
        <line num="115" count="1" type="stmt"/>
        <line num="117" count="0" type="stmt"/>
        <line num="121" count="10" type="stmt"/>
        <line num="122" count="1" type="stmt"/>
        <line num="123" count="1" type="stmt"/>
        <line num="124" count="1" type="stmt"/>
        <line num="126" count="1" type="stmt"/>
        <line num="127" count="1" type="cond" truecount="1" falsecount="1"/>
        <line num="128" count="1" type="cond" truecount="1" falsecount="1"/>
        <line num="129" count="1" type="cond" truecount="1" falsecount="1"/>
        <line num="131" count="1" type="stmt"/>
        <line num="132" count="1" type="stmt"/>
        <line num="134" count="0" type="stmt"/>
        <line num="138" count="10" type="stmt"/>
        <line num="139" count="1" type="stmt"/>
        <line num="140" count="1" type="stmt"/>
        <line num="141" count="1" type="stmt"/>
        <line num="142" count="1" type="stmt"/>
        <line num="144" count="0" type="stmt"/>
      </file>
      <file name="otpController.js" path="D:\GitHub\Diploma-Work\backend\src\api\controllers\otpController.js">
        <metrics statements="14" coveredstatements="3" conditionals="6" coveredconditionals="0" methods="1" coveredmethods="0"/>
        <line num="1" count="10" type="stmt"/>
        <line num="2" count="10" type="stmt"/>
        <line num="4" count="10" type="stmt"/>
        <line num="5" count="0" type="stmt"/>
        <line num="6" count="0" type="cond" truecount="0" falsecount="2"/>
        <line num="7" count="0" type="stmt"/>
        <line num="9" count="0" type="cond" truecount="0" falsecount="2"/>
        <line num="10" count="0" type="stmt"/>
        <line num="13" count="0" type="stmt"/>
        <line num="14" count="0" type="stmt"/>
        <line num="15" count="0" type="stmt"/>
        <line num="17" count="0" type="stmt"/>
        <line num="18" count="0" type="cond" truecount="0" falsecount="2"/>
        <line num="19" count="0" type="stmt"/>
      </file>
      <file name="usersController.js" path="D:\GitHub\Diploma-Work\backend\src\api\controllers\usersController.js">
        <metrics statements="46" coveredstatements="37" conditionals="32" coveredconditionals="23" methods="3" coveredmethods="3"/>
        <line num="1" count="10" type="stmt"/>
        <line num="2" count="10" type="stmt"/>
        <line num="8" count="10" type="stmt"/>
        <line num="10" count="10" type="stmt"/>
        <line num="11" count="3" type="stmt"/>
        <line num="12" count="3" type="stmt"/>
        <line num="13" count="3" type="stmt"/>
        <line num="14" count="3" type="stmt"/>
        <line num="16" count="0" type="stmt"/>
        <line num="20" count="10" type="stmt"/>
        <line num="21" count="14" type="stmt"/>
        <line num="22" count="14" type="stmt"/>
        <line num="23" count="14" type="stmt"/>
        <line num="25" count="14" type="cond" truecount="4" falsecount="0"/>
        <line num="26" count="2" type="stmt"/>
        <line num="29" count="12" type="stmt"/>
        <line num="30" count="12" type="cond" truecount="1" falsecount="1"/>
        <line num="31" count="0" type="stmt"/>
        <line num="34" count="12" type="cond" truecount="4" falsecount="0"/>
        <line num="35" count="1" type="stmt"/>
        <line num="38" count="11" type="cond" truecount="2" falsecount="2"/>
        <line num="39" count="0" type="stmt"/>
        <line num="42" count="11" type="cond" truecount="2" falsecount="2"/>
        <line num="43" count="0" type="stmt"/>
        <line num="46" count="11" type="cond" truecount="2" falsecount="2"/>
        <line num="47" count="0" type="stmt"/>
        <line num="50" count="11" type="cond" truecount="2" falsecount="2"/>
        <line num="51" count="0" type="stmt"/>
        <line num="54" count="11" type="cond" truecount="2" falsecount="0"/>
        <line num="55" count="1" type="stmt"/>
        <line num="58" count="10" type="stmt"/>
        <line num="66" count="10" type="cond" truecount="2" falsecount="0"/>
        <line num="67" count="1" type="stmt"/>
        <line num="70" count="9" type="stmt"/>
        <line num="72" count="9" type="cond" truecount="2" falsecount="0"/>
        <line num="73" count="1" type="stmt"/>
        <line num="78" count="8" type="stmt"/>
        <line num="85" count="8" type="stmt"/>
        <line num="90" count="0" type="stmt"/>
        <line num="91" count="0" type="stmt"/>
        <line num="95" count="10" type="stmt"/>
        <line num="96" count="1" type="stmt"/>
        <line num="97" count="1" type="stmt"/>
        <line num="98" count="1" type="stmt"/>
        <line num="99" count="1" type="stmt"/>
        <line num="101" count="0" type="stmt"/>
      </file>
      <file name="voteController.js" path="D:\GitHub\Diploma-Work\backend\src\api\controllers\voteController.js">
        <metrics statements="49" coveredstatements="40" conditionals="14" coveredconditionals="9" methods="4" coveredmethods="4"/>
        <line num="1" count="10" type="stmt"/>
        <line num="2" count="10" type="stmt"/>
        <line num="3" count="10" type="stmt"/>
        <line num="4" count="10" type="stmt"/>
        <line num="6" count="10" type="stmt"/>
        <line num="7" count="7" type="stmt"/>
        <line num="8" count="7" type="stmt"/>
        <line num="9" count="7" type="stmt"/>
        <line num="11" count="7" type="stmt"/>
        <line num="12" count="7" type="cond" truecount="2" falsecount="0"/>
        <line num="13" count="1" type="stmt"/>
        <line num="16" count="6" type="stmt"/>
        <line num="17" count="6" type="cond" truecount="2" falsecount="0"/>
        <line num="18" count="1" type="stmt"/>
        <line num="21" count="5" type="stmt"/>
        <line num="26" count="5" type="cond" truecount="2" falsecount="0"/>
        <line num="27" count="1" type="stmt"/>
        <line num="32" count="4" type="cond" truecount="1" falsecount="1"/>
        <line num="33" count="0" type="cond" truecount="0" falsecount="2"/>
        <line num="34" count="0" type="stmt"/>
        <line num="36" count="0" type="stmt"/>
        <line num="37" count="0" type="cond" truecount="0" falsecount="2"/>
        <line num="38" count="0" type="stmt"/>
        <line num="42" count="4" type="stmt"/>
        <line num="43" count="4" type="stmt"/>
        <line num="49" count="4" type="stmt"/>
        <line num="51" count="0" type="stmt"/>
        <line num="55" count="10" type="stmt"/>
        <line num="56" count="2" type="stmt"/>
        <line num="57" count="2" type="stmt"/>
        <line num="58" count="2" type="stmt"/>
        <line num="59" count="2" type="stmt"/>
        <line num="60" count="2" type="stmt"/>
        <line num="62" count="0" type="stmt"/>
        <line num="66" count="10" type="stmt"/>
        <line num="67" count="2" type="stmt"/>
        <line num="68" count="2" type="stmt"/>
        <line num="69" count="2" type="stmt"/>
        <line num="70" count="2" type="stmt"/>
        <line num="75" count="2" type="stmt"/>
        <line num="77" count="0" type="stmt"/>
        <line num="81" count="10" type="stmt"/>
        <line num="82" count="2" type="stmt"/>
        <line num="83" count="2" type="stmt"/>
        <line num="84" count="2" type="stmt"/>
        <line num="85" count="2" type="cond" truecount="2" falsecount="0"/>
        <line num="86" count="1" type="stmt"/>
        <line num="88" count="1" type="stmt"/>
        <line num="90" count="0" type="stmt"/>
      </file>
    </package>
    <package name="src.api.middlewares">
      <metrics statements="39" coveredstatements="25" conditionals="16" coveredconditionals="7" methods="5" coveredmethods="4"/>
      <file name="authMiddleware.js" path="D:\GitHub\Diploma-Work\backend\src\api\middlewares\authMiddleware.js">
        <metrics statements="27" coveredstatements="23" conditionals="8" coveredconditionals="7" methods="4" coveredmethods="4"/>
        <line num="1" count="10" type="stmt"/>
        <line num="3" count="10" type="stmt"/>
        <line num="4" count="101" type="stmt"/>
        <line num="5" count="101" type="cond" truecount="2" falsecount="0"/>
        <line num="6" count="18" type="stmt"/>
        <line num="8" count="83" type="stmt"/>
        <line num="9" count="83" type="stmt"/>
        <line num="10" count="83" type="stmt"/>
        <line num="11" count="83" type="stmt"/>
        <line num="13" count="0" type="stmt"/>
        <line num="14" count="0" type="stmt"/>
        <line num="18" count="10" type="stmt"/>
        <line num="19" count="35" type="cond" truecount="2" falsecount="0"/>
        <line num="20" count="8" type="stmt"/>
        <line num="22" count="27" type="stmt"/>
        <line num="25" count="10" type="stmt"/>
        <line num="26" count="9" type="cond" truecount="1" falsecount="1"/>
        <line num="27" count="0" type="stmt"/>
        <line num="29" count="9" type="stmt"/>
        <line num="32" count="10" type="stmt"/>
        <line num="33" count="25" type="stmt"/>
        <line num="34" count="25" type="cond" truecount="2" falsecount="0"/>
        <line num="35" count="2" type="stmt"/>
        <line num="36" count="2" type="stmt"/>
        <line num="37" count="2" type="stmt"/>
        <line num="39" count="0" type="stmt"/>
        <line num="42" count="23" type="stmt"/>
      </file>
      <file name="citizenMiddleware.js" path="D:\GitHub\Diploma-Work\backend\src\api\middlewares\citizenMiddleware.js">
        <metrics statements="12" coveredstatements="2" conditionals="8" coveredconditionals="0" methods="1" coveredmethods="0"/>
        <line num="1" count="10" type="stmt"/>
        <line num="4" count="0" type="stmt"/>
        <line num="5" count="0" type="stmt"/>
        <line num="6" count="0" type="stmt"/>
        <line num="7" count="0" type="cond" truecount="0" falsecount="4"/>
        <line num="8" count="0" type="stmt"/>
        <line num="12" count="0" type="cond" truecount="0" falsecount="4"/>
        <line num="13" count="0" type="stmt"/>
        <line num="17" count="0" type="stmt"/>
        <line num="19" count="0" type="stmt"/>
        <line num="20" count="0" type="stmt"/>
        <line num="24" count="10" type="stmt"/>
      </file>
    </package>
    <package name="src.api.routes">
      <metrics statements="85" coveredstatements="84" conditionals="4" coveredconditionals="2" methods="0" coveredmethods="0"/>
      <file name="adminRoutes.js" path="D:\GitHub\Diploma-Work\backend\src\api\routes\adminRoutes.js">
        <metrics statements="12" coveredstatements="12" conditionals="0" coveredconditionals="0" methods="0" coveredmethods="0"/>
        <line num="1" count="10" type="stmt"/>
        <line num="2" count="10" type="stmt"/>
        <line num="12" count="10" type="stmt"/>
        <line num="79" count="10" type="stmt"/>
        <line num="185" count="10" type="stmt"/>
        <line num="286" count="10" type="stmt"/>
        <line num="347" count="10" type="stmt"/>
        <line num="406" count="10" type="stmt"/>
        <line num="472" count="10" type="stmt"/>
        <line num="530" count="10" type="stmt"/>
        <line num="588" count="10" type="stmt"/>
        <line num="590" count="10" type="stmt"/>
      </file>
      <file name="authRoutes.js" path="D:\GitHub\Diploma-Work\backend\src\api\routes\authRoutes.js">
        <metrics statements="11" coveredstatements="10" conditionals="4" coveredconditionals="2" methods="0" coveredmethods="0"/>
        <line num="1" count="10" type="stmt"/>
        <line num="2" count="10" type="stmt"/>
        <line num="3" count="10" type="stmt"/>
        <line num="7" count="10" type="stmt"/>
        <line num="8" count="10" type="stmt"/>
        <line num="112" count="10" type="cond" truecount="2" falsecount="2"/>
        <line num="113" count="10" type="stmt"/>
        <line num="115" count="0" type="stmt"/>
        <line num="166" count="10" type="stmt"/>
        <line num="192" count="10" type="stmt"/>
        <line num="194" count="10" type="stmt"/>
      </file>
      <file name="candidatesRoutes.js" path="D:\GitHub\Diploma-Work\backend\src\api\routes\candidatesRoutes.js">
        <metrics statements="6" coveredstatements="6" conditionals="0" coveredconditionals="0" methods="0" coveredmethods="0"/>
        <line num="1" count="10" type="stmt"/>
        <line num="2" count="10" type="stmt"/>
        <line num="3" count="10" type="stmt"/>
        <line num="81" count="10" type="stmt"/>
        <line num="166" count="10" type="stmt"/>
        <line num="168" count="10" type="stmt"/>
      </file>
      <file name="electionsRoutes.js" path="D:\GitHub\Diploma-Work\backend\src\api\routes\electionsRoutes.js">
        <metrics statements="10" coveredstatements="10" conditionals="0" coveredconditionals="0" methods="0" coveredmethods="0"/>
        <line num="1" count="10" type="stmt"/>
        <line num="2" count="10" type="stmt"/>
        <line num="9" count="10" type="stmt"/>
        <line num="10" count="10" type="stmt"/>
        <line num="55" count="10" type="stmt"/>
        <line num="98" count="10" type="stmt"/>
        <line num="146" count="10" type="stmt"/>
        <line num="207" count="10" type="stmt"/>
        <line num="257" count="10" type="stmt"/>
        <line num="259" count="10" type="stmt"/>
      </file>
      <file name="eventsRoutes.js" path="D:\GitHub\Diploma-Work\backend\src\api\routes\eventsRoutes.js">
        <metrics statements="5" coveredstatements="5" conditionals="0" coveredconditionals="0" methods="0" coveredmethods="0"/>
        <line num="1" count="10" type="stmt"/>
        <line num="2" count="10" type="stmt"/>
        <line num="3" count="10" type="stmt"/>
        <line num="45" count="10" type="stmt"/>
        <line num="47" count="10" type="stmt"/>
      </file>
      <file name="locationsRoutes.js" path="D:\GitHub\Diploma-Work\backend\src\api\routes\locationsRoutes.js">
        <metrics statements="8" coveredstatements="8" conditionals="0" coveredconditionals="0" methods="0" coveredmethods="0"/>
        <line num="1" count="10" type="stmt"/>
        <line num="2" count="10" type="stmt"/>
        <line num="8" count="10" type="stmt"/>
        <line num="42" count="10" type="stmt"/>
        <line num="73" count="10" type="stmt"/>
        <line num="112" count="10" type="stmt"/>
        <line num="148" count="10" type="stmt"/>
        <line num="150" count="10" type="stmt"/>
      </file>
      <file name="managerRoutes.js" path="D:\GitHub\Diploma-Work\backend\src\api\routes\managerRoutes.js">
        <metrics statements="13" coveredstatements="13" conditionals="0" coveredconditionals="0" methods="0" coveredmethods="0"/>
        <line num="1" count="10" type="stmt"/>
        <line num="2" count="10" type="stmt"/>
        <line num="13" count="10" type="stmt"/>
        <line num="83" count="10" type="stmt"/>
        <line num="127" count="10" type="stmt"/>
        <line num="200" count="10" type="stmt"/>
        <line num="253" count="10" type="stmt"/>
        <line num="293" count="10" type="stmt"/>
        <line num="371" count="10" type="stmt"/>
        <line num="435" count="10" type="stmt"/>
        <line num="478" count="10" type="stmt"/>
        <line num="538" count="10" type="stmt"/>
        <line num="540" count="10" type="stmt"/>
      </file>
      <file name="otpRoutes.js" path="D:\GitHub\Diploma-Work\backend\src\api\routes\otpRoutes.js">
        <metrics statements="5" coveredstatements="5" conditionals="0" coveredconditionals="0" methods="0" coveredmethods="0"/>
        <line num="1" count="10" type="stmt"/>
        <line num="2" count="10" type="stmt"/>
        <line num="3" count="10" type="stmt"/>
        <line num="42" count="10" type="stmt"/>
        <line num="44" count="10" type="stmt"/>
      </file>
      <file name="usersRoutes.js" path="D:\GitHub\Diploma-Work\backend\src\api\routes\usersRoutes.js">
        <metrics statements="7" coveredstatements="7" conditionals="0" coveredconditionals="0" methods="0" coveredmethods="0"/>
        <line num="1" count="10" type="stmt"/>
        <line num="2" count="10" type="stmt"/>
        <line num="7" count="10" type="stmt"/>
        <line num="58" count="10" type="stmt"/>
        <line num="136" count="10" type="stmt"/>
        <line num="184" count="10" type="stmt"/>
        <line num="186" count="10" type="stmt"/>
      </file>
      <file name="voteRoutes.js" path="D:\GitHub\Diploma-Work\backend\src\api\routes\voteRoutes.js">
        <metrics statements="8" coveredstatements="8" conditionals="0" coveredconditionals="0" methods="0" coveredmethods="0"/>
        <line num="1" count="10" type="stmt"/>
        <line num="2" count="10" type="stmt"/>
        <line num="8" count="10" type="stmt"/>
        <line num="56" count="10" type="stmt"/>
        <line num="93" count="10" type="stmt"/>
        <line num="143" count="10" type="stmt"/>
        <line num="191" count="10" type="stmt"/>
        <line num="193" count="10" type="stmt"/>
      </file>
    </package>
    <package name="src.config">
      <metrics statements="11" coveredstatements="11" conditionals="4" coveredconditionals="2" methods="0" coveredmethods="0"/>
      <file name="db.js" path="D:\GitHub\Diploma-Work\backend\src\config\db.js">
        <metrics statements="3" coveredstatements="3" conditionals="0" coveredconditionals="0" methods="0" coveredmethods="0"/>
        <line num="1" count="11" type="stmt"/>
        <line num="3" count="11" type="stmt"/>
        <line num="11" count="11" type="stmt"/>
      </file>
      <file name="environment.js" path="D:\GitHub\Diploma-Work\backend\src\config\environment.js">
        <metrics statements="4" coveredstatements="4" conditionals="2" coveredconditionals="1" methods="0" coveredmethods="0"/>
        <line num="1" count="11" type="stmt"/>
        <line num="2" count="11" type="stmt"/>
        <line num="4" count="11" type="cond" truecount="1" falsecount="1"/>
        <line num="5" count="11" type="stmt"/>
      </file>
      <file name="swagger.js" path="D:\GitHub\Diploma-Work\backend\src\config\swagger.js">
        <metrics statements="4" coveredstatements="4" conditionals="2" coveredconditionals="1" methods="0" coveredmethods="0"/>
        <line num="1" count="10" type="stmt"/>
        <line num="3" count="10" type="stmt"/>
        <line num="30" count="10" type="stmt"/>
        <line num="32" count="10" type="stmt"/>
      </file>
    </package>
    <package name="src.models">
      <metrics statements="185" coveredstatements="171" conditionals="14" coveredconditionals="11" methods="47" coveredmethods="44"/>
      <file name="Candidate.js" path="D:\GitHub\Diploma-Work\backend\src\models\Candidate.js">
        <metrics statements="24" coveredstatements="24" conditionals="8" coveredconditionals="8" methods="7" coveredmethods="7"/>
        <line num="1" count="10" type="stmt"/>
        <line num="6" count="35" type="stmt"/>
        <line num="7" count="35" type="stmt"/>
        <line num="17" count="35" type="stmt"/>
        <line num="18" count="35" type="stmt"/>
        <line num="23" count="23" type="stmt"/>
        <line num="24" count="23" type="stmt"/>
        <line num="26" count="23" type="stmt"/>
        <line num="27" count="23" type="stmt"/>
        <line num="31" count="1" type="stmt"/>
        <line num="53" count="1" type="stmt"/>
        <line num="54" count="1" type="stmt"/>
        <line num="58" count="8" type="stmt"/>
        <line num="81" count="8" type="stmt"/>
        <line num="82" count="8" type="stmt"/>
        <line num="86" count="1" type="stmt"/>
        <line num="90" count="1" type="stmt"/>
        <line num="94" count="1" type="stmt"/>
        <line num="95" count="1" type="stmt"/>
        <line num="96" count="2" type="stmt"/>
        <line num="97" count="1" type="stmt"/>
        <line num="101" count="1" type="stmt"/>
        <line num="102" count="1" type="stmt"/>
        <line num="106" count="10" type="stmt"/>
      </file>
      <file name="City.js" path="D:\GitHub\Diploma-Work\backend\src\models\City.js">
        <metrics statements="17" coveredstatements="13" conditionals="0" coveredconditionals="0" methods="4" coveredmethods="3"/>
        <line num="1" count="10" type="stmt"/>
        <line num="6" count="131" type="stmt"/>
        <line num="7" count="131" type="stmt"/>
        <line num="9" count="131" type="stmt"/>
        <line num="10" count="131" type="stmt"/>
        <line num="14" count="1" type="stmt"/>
        <line num="16" count="1" type="stmt"/>
        <line num="17" count="1" type="stmt"/>
        <line num="21" count="0" type="stmt"/>
        <line num="22" count="0" type="stmt"/>
        <line num="24" count="0" type="stmt"/>
        <line num="25" count="0" type="stmt"/>
        <line num="29" count="21" type="stmt"/>
        <line num="30" count="21" type="stmt"/>
        <line num="32" count="21" type="stmt"/>
        <line num="33" count="21" type="stmt"/>
        <line num="37" count="10" type="stmt"/>
      </file>
      <file name="Election.js" path="D:\GitHub\Diploma-Work\backend\src\models\Election.js">
        <metrics statements="33" coveredstatements="33" conditionals="4" coveredconditionals="2" methods="7" coveredmethods="7"/>
        <line num="1" count="10" type="stmt"/>
        <line num="2" count="10" type="stmt"/>
        <line num="7" count="48" type="stmt"/>
        <line num="8" count="48" type="stmt"/>
        <line num="16" count="48" type="stmt"/>
        <line num="17" count="48" type="stmt"/>
        <line num="19" count="48" type="cond" truecount="1" falsecount="1"/>
        <line num="20" count="48" type="stmt"/>
        <line num="22" count="48" type="cond" truecount="1" falsecount="1"/>
        <line num="23" count="48" type="stmt"/>
        <line num="25" count="48" type="stmt"/>
        <line num="29" count="1" type="stmt"/>
        <line num="31" count="1" type="stmt"/>
        <line num="32" count="1" type="stmt"/>
        <line num="36" count="2" type="stmt"/>
        <line num="37" count="2" type="stmt"/>
        <line num="39" count="2" type="stmt"/>
        <line num="40" count="1" type="stmt"/>
        <line num="44" count="2" type="stmt"/>
        <line num="69" count="2" type="stmt"/>
        <line num="70" count="1" type="stmt"/>
        <line num="74" count="2" type="stmt"/>
        <line num="88" count="2" type="stmt"/>
        <line num="89" count="2" type="stmt"/>
        <line num="94" count="1" type="stmt"/>
        <line num="95" count="1" type="stmt"/>
        <line num="97" count="1" type="stmt"/>
        <line num="98" count="1" type="stmt"/>
        <line num="102" count="1" type="stmt"/>
        <line num="103" count="1" type="stmt"/>
        <line num="105" count="1" type="stmt"/>
        <line num="106" count="1" type="stmt"/>
        <line num="110" count="10" type="stmt"/>
      </file>
      <file name="Event.js" path="D:\GitHub\Diploma-Work\backend\src\models\Event.js">
        <metrics statements="21" coveredstatements="17" conditionals="0" coveredconditionals="0" methods="6" coveredmethods="5"/>
        <line num="1" count="10" type="stmt"/>
        <line num="6" count="12" type="stmt"/>
        <line num="7" count="12" type="stmt"/>
        <line num="9" count="12" type="stmt"/>
        <line num="10" count="12" type="stmt"/>
        <line num="15" count="1" type="stmt"/>
        <line num="17" count="1" type="stmt"/>
        <line num="18" count="1" type="stmt"/>
        <line num="23" count="0" type="stmt"/>
        <line num="24" count="0" type="stmt"/>
        <line num="26" count="0" type="stmt"/>
        <line num="27" count="0" type="stmt"/>
        <line num="31" count="1" type="stmt"/>
        <line num="35" count="1" type="stmt"/>
        <line num="39" count="1" type="stmt"/>
        <line num="40" count="1" type="stmt"/>
        <line num="41" count="3" type="stmt"/>
        <line num="42" count="1" type="stmt"/>
        <line num="46" count="1" type="stmt"/>
        <line num="47" count="1" type="stmt"/>
        <line num="51" count="10" type="stmt"/>
      </file>
      <file name="ProfileChangeRequest.js" path="D:\GitHub\Diploma-Work\backend\src\models\ProfileChangeRequest.js">
        <metrics statements="21" coveredstatements="21" conditionals="0" coveredconditionals="0" methods="5" coveredmethods="5"/>
        <line num="1" count="10" type="stmt"/>
        <line num="6" count="8" type="stmt"/>
        <line num="7" count="8" type="stmt"/>
        <line num="14" count="8" type="stmt"/>
        <line num="15" count="8" type="stmt"/>
        <line num="19" count="1" type="stmt"/>
        <line num="25" count="1" type="stmt"/>
        <line num="26" count="1" type="stmt"/>
        <line num="30" count="10" type="stmt"/>
        <line num="36" count="10" type="stmt"/>
        <line num="37" count="10" type="stmt"/>
        <line num="38" count="10" type="stmt"/>
        <line num="43" count="1" type="stmt"/>
        <line num="44" count="1" type="stmt"/>
        <line num="45" count="1" type="stmt"/>
        <line num="46" count="1" type="stmt"/>
        <line num="51" count="4" type="stmt"/>
        <line num="52" count="4" type="stmt"/>
        <line num="53" count="4" type="stmt"/>
        <line num="54" count="4" type="stmt"/>
        <line num="58" count="10" type="stmt"/>
      </file>
      <file name="Region.js" path="D:\GitHub\Diploma-Work\backend\src\models\Region.js">
        <metrics statements="17" coveredstatements="13" conditionals="0" coveredconditionals="0" methods="4" coveredmethods="3"/>
        <line num="1" count="10" type="stmt"/>
        <line num="5" count="131" type="stmt"/>
        <line num="6" count="131" type="stmt"/>
        <line num="8" count="131" type="stmt"/>
        <line num="9" count="131" type="stmt"/>
        <line num="13" count="1" type="stmt"/>
        <line num="15" count="1" type="stmt"/>
        <line num="16" count="1" type="stmt"/>
        <line num="20" count="0" type="stmt"/>
        <line num="21" count="0" type="stmt"/>
        <line num="23" count="0" type="stmt"/>
        <line num="24" count="0" type="stmt"/>
        <line num="28" count="1" type="stmt"/>
        <line num="29" count="1" type="stmt"/>
        <line num="31" count="1" type="stmt"/>
        <line num="32" count="1" type="stmt"/>
        <line num="36" count="10" type="stmt"/>
      </file>
      <file name="User.js" path="D:\GitHub\Diploma-Work\backend\src\models\User.js">
        <metrics statements="26" coveredstatements="26" conditionals="2" coveredconditionals="1" methods="10" coveredmethods="10"/>
        <line num="1" count="10" type="stmt"/>
        <line num="6" count="121" type="stmt"/>
        <line num="7" count="121" type="stmt"/>
        <line num="20" count="121" type="stmt"/>
        <line num="21" count="121" type="stmt"/>
        <line num="25" count="29" type="stmt"/>
        <line num="29" count="29" type="stmt"/>
        <line num="33" count="8" type="stmt"/>
        <line num="37" count="8" type="stmt"/>
        <line num="41" count="8" type="stmt"/>
        <line num="45" count="8" type="stmt"/>
        <line num="49" count="24" type="stmt"/>
        <line num="53" count="24" type="stmt"/>
        <line num="57" count="7" type="stmt"/>
        <line num="61" count="7" type="stmt"/>
        <line num="65" count="2" type="stmt"/>
        <line num="69" count="2" type="stmt"/>
        <line num="73" count="1" type="stmt"/>
        <line num="76" count="1" type="stmt"/>
        <line num="80" count="3" type="stmt"/>
        <line num="81" count="3" type="stmt"/>
        <line num="82" count="10" type="stmt"/>
        <line num="83" count="3" type="stmt"/>
        <line num="86" count="3" type="stmt"/>
        <line num="87" count="3" type="stmt"/>
        <line num="91" count="10" type="stmt"/>
      </file>
      <file name="Vote.js" path="D:\GitHub\Diploma-Work\backend\src\models\Vote.js">
        <metrics statements="26" coveredstatements="24" conditionals="0" coveredconditionals="0" methods="4" coveredmethods="4"/>
        <line num="1" count="10" type="stmt"/>
        <line num="6" count="8" type="stmt"/>
        <line num="7" count="8" type="stmt"/>
        <line num="8" count="8" type="stmt"/>
        <line num="9" count="8" type="stmt"/>
        <line num="13" count="7" type="stmt"/>
        <line num="18" count="7" type="stmt"/>
        <line num="19" count="7" type="stmt"/>
        <line num="20" count="7" type="stmt"/>
        <line num="24" count="2" type="stmt"/>
        <line num="25" count="2" type="stmt"/>
        <line num="26" count="2" type="stmt"/>
        <line num="27" count="2" type="stmt"/>
        <line num="31" count="12" type="stmt"/>
        <line num="32" count="12" type="stmt"/>
        <line num="35" count="12" type="stmt"/>
        <line num="36" count="12" type="stmt"/>
        <line num="37" count="12" type="stmt"/>
        <line num="40" count="12" type="stmt"/>
        <line num="41" count="12" type="stmt"/>
        <line num="42" count="12" type="stmt"/>
        <line num="44" count="12" type="stmt"/>
        <line num="45" count="12" type="stmt"/>
        <line num="47" count="0" type="stmt"/>
        <line num="48" count="0" type="stmt"/>
        <line num="53" count="10" type="stmt"/>
      </file>
    </package>
    <package name="src.services">
      <metrics statements="36" coveredstatements="6" conditionals="12" coveredconditionals="0" methods="4" coveredmethods="0"/>
      <file name="egovService.js" path="D:\GitHub\Diploma-Work\backend\src\services\egovService.js">
        <metrics statements="7" coveredstatements="3" conditionals="0" coveredconditionals="0" methods="2" coveredmethods="0"/>
        <line num="1" count="10" type="stmt"/>
        <line num="2" count="10" type="stmt"/>
        <line num="5" count="0" type="stmt"/>
        <line num="6" count="0" type="stmt"/>
        <line num="10" count="0" type="stmt"/>
        <line num="11" count="0" type="stmt"/>
        <line num="14" count="10" type="stmt"/>
      </file>
      <file name="otpService.js" path="D:\GitHub\Diploma-Work\backend\src\services\otpService.js">
        <metrics statements="29" coveredstatements="3" conditionals="12" coveredconditionals="0" methods="2" coveredmethods="0"/>
        <line num="1" count="10" type="stmt"/>
        <line num="2" count="10" type="stmt"/>
        <line num="5" count="0" type="stmt"/>
        <line num="6" count="0" type="stmt"/>
        <line num="7" count="0" type="stmt"/>
        <line num="9" count="0" type="cond" truecount="0" falsecount="2"/>
        <line num="10" count="0" type="stmt"/>
        <line num="11" count="0" type="cond" truecount="0" falsecount="2"/>
        <line num="12" count="0" type="cond" truecount="0" falsecount="4"/>
        <line num="13" count="0" type="stmt"/>
        <line num="15" count="0" type="stmt"/>
        <line num="16" count="0" type="stmt"/>
        <line num="17" count="0" type="stmt"/>
        <line num="19" count="0" type="stmt"/>
        <line num="20" count="0" type="stmt"/>
        <line num="21" count="0" type="stmt"/>
        <line num="26" count="0" type="stmt"/>
        <line num="27" count="0" type="stmt"/>
        <line num="28" count="0" type="stmt"/>
        <line num="30" count="0" type="cond" truecount="0" falsecount="2"/>
        <line num="31" count="0" type="stmt"/>
        <line num="32" count="0" type="cond" truecount="0" falsecount="2"/>
        <line num="33" count="0" type="stmt"/>
        <line num="34" count="0" type="stmt"/>
        <line num="35" count="0" type="stmt"/>
        <line num="37" count="0" type="stmt"/>
        <line num="38" count="0" type="stmt"/>
        <line num="39" count="0" type="stmt"/>
        <line num="43" count="10" type="stmt"/>
      </file>
    </package>
    <package name="src.utils">
      <metrics statements="42" coveredstatements="29" conditionals="39" coveredconditionals="27" methods="11" coveredmethods="9"/>
      <file name="dataValidation.js" path="D:\GitHub\Diploma-Work\backend\src\utils\dataValidation.js">
        <metrics statements="18" coveredstatements="17" conditionals="33" coveredconditionals="27" methods="8" coveredmethods="7"/>
        <line num="1" count="11" type="stmt"/>
        <line num="3" count="11" type="cond" truecount="2" falsecount="0"/>
        <line num="4" count="54" type="stmt"/>
        <line num="12" count="11" type="cond" truecount="0" falsecount="2"/>
        <line num="13" count="0" type="stmt"/>
        <line num="21" count="11" type="stmt"/>
        <line num="22" count="20" type="cond" truecount="2" falsecount="0"/>
        <line num="25" count="11" type="cond" truecount="2" falsecount="0"/>
        <line num="26" count="5" type="stmt"/>
        <line num="34" count="11" type="stmt"/>
        <line num="35" count="27" type="cond" truecount="2" falsecount="0"/>
        <line num="38" count="11" type="stmt"/>
        <line num="39" count="20" type="stmt"/>
        <line num="45" count="11" type="stmt"/>
        <line num="46" count="17" type="stmt"/>
        <line num="53" count="11" type="stmt"/>
        <line num="54" count="20" type="stmt"/>
        <line num="63" count="11" type="stmt"/>
      </file>
      <file name="dateHelper.js" path="D:\GitHub\Diploma-Work\backend\src\utils\dateHelper.js">
        <metrics statements="6" coveredstatements="6" conditionals="0" coveredconditionals="0" methods="1" coveredmethods="1"/>
        <line num="1" count="10" type="stmt"/>
        <line num="2" count="96" type="stmt"/>
        <line num="3" count="96" type="stmt"/>
        <line num="4" count="96" type="stmt"/>
        <line num="5" count="96" type="stmt"/>
        <line num="6" count="96" type="stmt"/>
      </file>
      <file name="voteToken.js" path="D:\GitHub\Diploma-Work\backend\src\utils\voteToken.js">
        <metrics statements="18" coveredstatements="6" conditionals="6" coveredconditionals="0" methods="2" coveredmethods="1"/>
        <line num="1" count="10" type="stmt"/>
        <line num="3" count="10" type="stmt"/>
        <line num="6" count="4" type="stmt"/>
        <line num="7" count="4" type="stmt"/>
        <line num="11" count="4" type="stmt"/>
        <line num="15" count="0" type="stmt"/>
        <line num="16" count="0" type="cond" truecount="0" falsecount="2"/>
        <line num="18" count="0" type="stmt"/>
        <line num="19" count="0" type="stmt"/>
        <line num="24" count="0" type="cond" truecount="0" falsecount="2"/>
        <line num="25" count="0" type="stmt"/>
        <line num="26" count="0" type="stmt"/>
        <line num="29" count="0" type="stmt"/>
        <line num="34" count="0" type="cond" truecount="0" falsecount="2"/>
        <line num="35" count="0" type="stmt"/>
        <line num="36" count="0" type="stmt"/>
        <line num="39" count="0" type="stmt"/>
        <line num="42" count="10" type="stmt"/>
      </file>
    </package>
    <package name="tests.helpers">
      <metrics statements="97" coveredstatements="80" conditionals="21" coveredconditionals="11" methods="18" coveredmethods="17"/>
      <file name="entitiesHelper.js" path="D:\GitHub\Diploma-Work\backend\tests\helpers\entitiesHelper.js">
        <metrics statements="49" coveredstatements="37" conditionals="11" coveredconditionals="5" methods="6" coveredmethods="6"/>
        <line num="1" count="10" type="stmt"/>
        <line num="2" count="10" type="stmt"/>
        <line num="3" count="10" type="stmt"/>
        <line num="4" count="10" type="stmt"/>
        <line num="5" count="10" type="stmt"/>
        <line num="6" count="10" type="stmt"/>
        <line num="8" count="10" type="cond" truecount="1" falsecount="0"/>
        <line num="9" count="131" type="stmt"/>
        <line num="10" count="131" type="stmt"/>
        <line num="14" count="131" type="stmt"/>
        <line num="15" count="131" type="stmt"/>
        <line num="17" count="0" type="stmt"/>
        <line num="18" count="0" type="stmt"/>
        <line num="22" count="10" type="cond" truecount="1" falsecount="0"/>
        <line num="23" count="131" type="stmt"/>
        <line num="24" count="131" type="stmt"/>
        <line num="29" count="131" type="stmt"/>
        <line num="30" count="131" type="stmt"/>
        <line num="32" count="0" type="stmt"/>
        <line num="33" count="0" type="stmt"/>
        <line num="37" count="10" type="cond" truecount="1" falsecount="0"/>
        <line num="38" count="11" type="stmt"/>
        <line num="39" count="11" type="stmt"/>
        <line num="45" count="11" type="stmt"/>
        <line num="46" count="11" type="stmt"/>
        <line num="48" count="0" type="stmt"/>
        <line num="49" count="0" type="stmt"/>
        <line num="53" count="10" type="cond" truecount="1" falsecount="0"/>
        <line num="54" count="47" type="stmt"/>
        <line num="55" count="47" type="stmt"/>
        <line num="63" count="47" type="stmt"/>
        <line num="64" count="47" type="stmt"/>
        <line num="66" count="0" type="stmt"/>
        <line num="67" count="0" type="stmt"/>
        <line num="71" count="10" type="stmt"/>
        <line num="76" count="22" type="stmt"/>
        <line num="77" count="22" type="stmt"/>
        <line num="82" count="22" type="stmt"/>
        <line num="87" count="22" type="stmt"/>
        <line num="89" count="0" type="stmt"/>
        <line num="90" count="0" type="stmt"/>
        <line num="94" count="10" type="stmt"/>
        <line num="100" count="8" type="stmt"/>
        <line num="101" count="8" type="stmt"/>
        <line num="107" count="8" type="stmt"/>
        <line num="108" count="8" type="stmt"/>
        <line num="110" count="0" type="stmt"/>
        <line num="111" count="0" type="stmt"/>
        <line num="115" count="10" type="stmt"/>
      </file>
      <file name="tokenHelper.js" path="D:\GitHub\Diploma-Work\backend\tests\helpers\tokenHelper.js">
        <metrics statements="15" coveredstatements="15" conditionals="4" coveredconditionals="3" methods="4" coveredmethods="4"/>
        <line num="1" count="9" type="stmt"/>
        <line num="3" count="9" type="stmt"/>
        <line num="5" count="9" type="cond" truecount="1" falsecount="0"/>
        <line num="6" count="111" type="stmt"/>
        <line num="7" count="111" type="stmt"/>
        <line num="10" count="9" type="cond" truecount="1" falsecount="0"/>
        <line num="11" count="28" type="stmt"/>
        <line num="18" count="28" type="stmt"/>
        <line num="21" count="9" type="cond" truecount="0" falsecount="1"/>
        <line num="22" count="1" type="stmt"/>
        <line num="29" count="1" type="stmt"/>
        <line num="32" count="9" type="cond" truecount="1" falsecount="0"/>
        <line num="33" count="82" type="stmt"/>
        <line num="40" count="82" type="stmt"/>
        <line num="43" count="9" type="stmt"/>
      </file>
      <file name="usersHelper.js" path="D:\GitHub\Diploma-Work\backend\tests\helpers\usersHelper.js">
        <metrics statements="33" coveredstatements="28" conditionals="6" coveredconditionals="3" methods="8" coveredmethods="7"/>
        <line num="1" count="7" type="stmt"/>
        <line num="2" count="7" type="stmt"/>
        <line num="3" count="7" type="stmt"/>
        <line num="5" count="7" type="stmt"/>
        <line num="14" count="7" type="stmt"/>
        <line num="15" count="327" type="stmt"/>
        <line num="18" count="7" type="stmt"/>
        <line num="19" count="109" type="stmt"/>
        <line num="22" count="7" type="cond" truecount="0" falsecount="1"/>
        <line num="23" count="109" type="stmt"/>
        <line num="33" count="7" type="cond" truecount="0" falsecount="1"/>
        <line num="34" count="109" type="stmt"/>
        <line num="35" count="109" type="stmt"/>
        <line num="36" count="109" type="stmt"/>
        <line num="37" count="109" type="stmt"/>
        <line num="38" count="109" type="stmt"/>
        <line num="40" count="0" type="stmt"/>
        <line num="41" count="0" type="stmt"/>
        <line num="45" count="7" type="cond" truecount="0" falsecount="1"/>
        <line num="46" count="0" type="stmt"/>
        <line num="49" count="7" type="cond" truecount="1" falsecount="0"/>
        <line num="50" count="1" type="stmt"/>
        <line num="53" count="7" type="cond" truecount="1" falsecount="0"/>
        <line num="54" count="108" type="stmt"/>
        <line num="57" count="7" type="cond" truecount="1" falsecount="0"/>
        <line num="58" count="34" type="stmt"/>
        <line num="59" count="34" type="stmt"/>
        <line num="60" count="34" type="stmt"/>
        <line num="66" count="34" type="stmt"/>
        <line num="67" count="34" type="stmt"/>
        <line num="69" count="0" type="stmt"/>
        <line num="70" count="0" type="stmt"/>
        <line num="74" count="7" type="stmt"/>
      </file>
    </package>
  </project>
</coverage>
