{"D:\\GitHub\\Diploma-Work\\backend\\src\\index.js": {"path":"D:\\GitHub\\Diploma-Work\\backend\\src\\index.js","statementMap":{"0":{"start":{"line":1,"column":0},"end":{"line":1,"column":32}},"1":{"start":{"line":2,"column":16},"end":{"line":2,"column":34}},"2":{"start":{"line":3,"column":13},"end":{"line":3,"column":28}},"3":{"start":{"line":4,"column":15},"end":{"line":4,"column":32}},"4":{"start":{"line":5,"column":15},"end":{"line":5,"column":32}},"5":{"start":{"line":6,"column":21},"end":{"line":6,"column":45}},"6":{"start":{"line":7,"column":18},"end":{"line":7,"column":47}},"7":{"start":{"line":8,"column":18},"end":{"line":8,"column":47}},"8":{"start":{"line":9,"column":21},"end":{"line":9,"column":48}},"9":{"start":{"line":15,"column":4},"end":{"line":15,"column":47}},"10":{"start":{"line":16,"column":19},"end":{"line":16,"column":53}},"11":{"start":{"line":17,"column":24},"end":{"line":17,"column":63}},"12":{"start":{"line":18,"column":25},"end":{"line":18,"column":65}},"13":{"start":{"line":19,"column":19},"end":{"line":19,"column":53}},"14":{"start":{"line":20,"column":20},"end":{"line":20,"column":55}},"15":{"start":{"line":21,"column":21},"end":{"line":21,"column":57}},"16":{"start":{"line":22,"column":22},"end":{"line":22,"column":59}},"17":{"start":{"line":23,"column":20},"end":{"line":23,"column":55}},"18":{"start":{"line":24,"column":24},"end":{"line":24,"column":63}},"19":{"start":{"line":25,"column":18},"end":{"line":25,"column":51}},"20":{"start":{"line":27,"column":12},"end":{"line":27,"column":21}},"21":{"start":{"line":29,"column":23},"end":{"line":32,"column":1}},"22":{"start":{"line":34,"column":20},"end":{"line":48,"column":1}},"23":{"start":{"line":36,"column":4},"end":{"line":40,"column":5}},"24":{"start":{"line":37,"column":6},"end":{"line":37,"column":27}},"25":{"start":{"line":39,"column":6},"end":{"line":39,"column":71}},"26":{"start":{"line":49,"column":0},"end":{"line":49,"column":27}},"27":{"start":{"line":51,"column":0},"end":{"line":73,"column":2}},"28":{"start":{"line":75,"column":23},"end":{"line":81,"column":1}},"29":{"start":{"line":82,"column":0},"end":{"line":82,"column":43}},"30":{"start":{"line":84,"column":0},"end":{"line":86,"column":1}},"31":{"start":{"line":85,"column":2},"end":{"line":85,"column":25}},"32":{"start":{"line":87,"column":0},"end":{"line":87,"column":24}},"33":{"start":{"line":88,"column":0},"end":{"line":88,"column":24}},"34":{"start":{"line":90,"column":0},"end":{"line":92,"column":3}},"35":{"start":{"line":91,"column":2},"end":{"line":91,"column":49}},"36":{"start":{"line":94,"column":0},"end":{"line":96,"column":1}},"37":{"start":{"line":95,"column":2},"end":{"line":95,"column":71}},"38":{"start":{"line":98,"column":0},"end":{"line":98,"column":33}},"39":{"start":{"line":99,"column":0},"end":{"line":99,"column":31}},"40":{"start":{"line":100,"column":0},"end":{"line":100,"column":43}},"41":{"start":{"line":101,"column":0},"end":{"line":101,"column":58}},"42":{"start":{"line":102,"column":0},"end":{"line":102,"column":46}},"43":{"start":{"line":103,"column":0},"end":{"line":103,"column":48}},"44":{"start":{"line":104,"column":0},"end":{"line":104,"column":37}},"45":{"start":{"line":105,"column":0},"end":{"line":105,"column":63}},"46":{"start":{"line":106,"column":0},"end":{"line":106,"column":57}},"47":{"start":{"line":107,"column":0},"end":{"line":107,"column":56}},"48":{"start":{"line":109,"column":13},"end":{"line":109,"column":37}},"49":{"start":{"line":111,"column":0},"end":{"line":115,"column":1}},"50":{"start":{"line":112,"column":2},"end":{"line":114,"column":5}},"51":{"start":{"line":113,"column":4},"end":{"line":113,"column":53}},"52":{"start":{"line":117,"column":0},"end":{"line":117,"column":21}}},"fnMap":{"0":{"name":"(anonymous_0)","decl":{"start":{"line":35,"column":10},"end":{"line":35,"column":11}},"loc":{"start":{"line":35,"column":32},"end":{"line":41,"column":3}},"line":35},"1":{"name":"(anonymous_1)","decl":{"start":{"line":90,"column":13},"end":{"line":90,"column":14}},"loc":{"start":{"line":90,"column":27},"end":{"line":92,"column":1}},"line":90},"2":{"name":"(anonymous_2)","decl":{"start":{"line":112,"column":19},"end":{"line":112,"column":20}},"loc":{"start":{"line":112,"column":25},"end":{"line":114,"column":3}},"line":112}},"branchMap":{"0":{"loc":{"start":{"line":30,"column":2},"end":{"line":30,"column":53}},"type":"binary-expr","locations":[{"start":{"line":30,"column":2},"end":{"line":30,"column":26}},{"start":{"line":30,"column":30},"end":{"line":30,"column":53}}],"line":30},"1":{"loc":{"start":{"line":31,"column":2},"end":{"line":31,"column":53}},"type":"binary-expr","locations":[{"start":{"line":31,"column":2},"end":{"line":31,"column":25}},{"start":{"line":31,"column":30},"end":{"line":31,"column":53}}],"line":31},"2":{"loc":{"start":{"line":36,"column":4},"end":{"line":40,"column":5}},"type":"if","locations":[{"start":{"line":36,"column":4},"end":{"line":40,"column":5}},{"start":{"line":38,"column":11},"end":{"line":40,"column":5}}],"line":36},"3":{"loc":{"start":{"line":36,"column":8},"end":{"line":36,"column":50}},"type":"binary-expr","locations":[{"start":{"line":36,"column":8},"end":{"line":36,"column":15}},{"start":{"line":36,"column":19},"end":{"line":36,"column":50}}],"line":36},"4":{"loc":{"start":{"line":84,"column":0},"end":{"line":86,"column":1}},"type":"if","locations":[{"start":{"line":84,"column":0},"end":{"line":86,"column":1}},{"start":{},"end":{}}],"line":84},"5":{"loc":{"start":{"line":94,"column":0},"end":{"line":96,"column":1}},"type":"if","locations":[{"start":{"line":94,"column":0},"end":{"line":96,"column":1}},{"start":{},"end":{}}],"line":94},"6":{"loc":{"start":{"line":109,"column":13},"end":{"line":109,"column":37}},"type":"binary-expr","locations":[{"start":{"line":109,"column":13},"end":{"line":109,"column":29}},{"start":{"line":109,"column":33},"end":{"line":109,"column":37}}],"line":109},"7":{"loc":{"start":{"line":111,"column":0},"end":{"line":115,"column":1}},"type":"if","locations":[{"start":{"line":111,"column":0},"end":{"line":115,"column":1}},{"start":{},"end":{}}],"line":111}},"s":{"0":10,"1":10,"2":10,"3":10,"4":10,"5":10,"6":10,"7":10,"8":10,"9":10,"10":10,"11":10,"12":10,"13":10,"14":10,"15":10,"16":10,"17":10,"18":10,"19":10,"20":10,"21":10,"22":10,"23":134,"24":134,"25":0,"26":10,"27":10,"28":10,"29":10,"30":10,"31":0,"32":10,"33":10,"34":10,"35":0,"36":10,"37":0,"38":10,"39":10,"40":10,"41":10,"42":10,"43":10,"44":10,"45":10,"46":10,"47":10,"48":10,"49":10,"50":0,"51":0,"52":10},"f":{"0":134,"1":0,"2":0},"b":{"0":[10,0],"1":[10,0],"2":[134,0],"3":[134,0],"4":[0,10],"5":[0,10],"6":[10,0],"7":[0,10]},"_coverageSchema":"1a1c01bbd47fc00a2c39e90264f33305004495a9","hash":"6e12b5ca63f95f7e36b1c8149fe791db92b4db7e"}
,"D:\\GitHub\\Diploma-Work\\backend\\src\\api\\controllers\\adminController.js": {"path":"D:\\GitHub\\Diploma-Work\\backend\\src\\api\\controllers\\adminController.js","statementMap":{"0":{"start":{"line":1,"column":13},"end":{"line":1,"column":41}},"1":{"start":{"line":2,"column":13},"end":{"line":2,"column":41}},"2":{"start":{"line":3,"column":29},"end":{"line":3,"column":73}},"3":{"start":{"line":4,"column":15},"end":{"line":4,"column":32}},"4":{"start":{"line":12,"column":4},"end":{"line":12,"column":41}},"5":{"start":{"line":14,"column":0},"end":{"line":21,"column":2}},"6":{"start":{"line":15,"column":2},"end":{"line":20,"column":3}},"7":{"start":{"line":16,"column":18},"end":{"line":16,"column":37}},"8":{"start":{"line":17,"column":4},"end":{"line":17,"column":32}},"9":{"start":{"line":19,"column":4},"end":{"line":19,"column":61}},"10":{"start":{"line":23,"column":0},"end":{"line":125,"column":2}},"11":{"start":{"line":24,"column":2},"end":{"line":124,"column":3}},"12":{"start":{"line":36,"column":8},"end":{"line":36,"column":16}},"13":{"start":{"line":39,"column":4},"end":{"line":50,"column":5}},"14":{"start":{"line":49,"column":6},"end":{"line":49,"column":74}},"15":{"start":{"line":52,"column":22},"end":{"line":52,"column":47}},"16":{"start":{"line":53,"column":4},"end":{"line":57,"column":5}},"17":{"start":{"line":54,"column":6},"end":{"line":56,"column":64}},"18":{"start":{"line":58,"column":30},"end":{"line":58,"column":72}},"19":{"start":{"line":59,"column":4},"end":{"line":63,"column":5}},"20":{"start":{"line":60,"column":6},"end":{"line":62,"column":73}},"21":{"start":{"line":64,"column":24},"end":{"line":64,"column":53}},"22":{"start":{"line":65,"column":4},"end":{"line":69,"column":5}},"23":{"start":{"line":66,"column":6},"end":{"line":68,"column":66}},"24":{"start":{"line":70,"column":4},"end":{"line":72,"column":5}},"25":{"start":{"line":71,"column":6},"end":{"line":71,"column":69}},"26":{"start":{"line":73,"column":4},"end":{"line":75,"column":5}},"27":{"start":{"line":74,"column":6},"end":{"line":74,"column":76}},"28":{"start":{"line":76,"column":4},"end":{"line":78,"column":5}},"29":{"start":{"line":77,"column":6},"end":{"line":77,"column":75}},"30":{"start":{"line":79,"column":4},"end":{"line":81,"column":5}},"31":{"start":{"line":80,"column":6},"end":{"line":80,"column":76}},"32":{"start":{"line":82,"column":4},"end":{"line":86,"column":5}},"33":{"start":{"line":83,"column":6},"end":{"line":85,"column":72}},"34":{"start":{"line":87,"column":17},"end":{"line":87,"column":44}},"35":{"start":{"line":88,"column":4},"end":{"line":90,"column":5}},"36":{"start":{"line":89,"column":6},"end":{"line":89,"column":65}},"37":{"start":{"line":91,"column":4},"end":{"line":93,"column":5}},"38":{"start":{"line":92,"column":6},"end":{"line":92,"column":78}},"39":{"start":{"line":94,"column":4},"end":{"line":96,"column":5}},"40":{"start":{"line":95,"column":6},"end":{"line":95,"column":71}},"41":{"start":{"line":97,"column":4},"end":{"line":101,"column":5}},"42":{"start":{"line":98,"column":6},"end":{"line":100,"column":74}},"43":{"start":{"line":104,"column":27},"end":{"line":104,"column":58}},"44":{"start":{"line":106,"column":17},"end":{"line":117,"column":5}},"45":{"start":{"line":119,"column":20},"end":{"line":119,"column":43}},"46":{"start":{"line":121,"column":4},"end":{"line":121,"column":34}},"47":{"start":{"line":123,"column":4},"end":{"line":123,"column":61}},"48":{"start":{"line":127,"column":0},"end":{"line":139,"column":2}},"49":{"start":{"line":128,"column":2},"end":{"line":138,"column":3}},"50":{"start":{"line":129,"column":19},"end":{"line":129,"column":29}},"51":{"start":{"line":130,"column":17},"end":{"line":130,"column":40}},"52":{"start":{"line":131,"column":4},"end":{"line":133,"column":5}},"53":{"start":{"line":132,"column":6},"end":{"line":132,"column":65}},"54":{"start":{"line":134,"column":21},"end":{"line":134,"column":42}},"55":{"start":{"line":135,"column":4},"end":{"line":135,"column":35}},"56":{"start":{"line":137,"column":4},"end":{"line":137,"column":61}},"57":{"start":{"line":141,"column":0},"end":{"line":166,"column":2}},"58":{"start":{"line":142,"column":2},"end":{"line":165,"column":3}},"59":{"start":{"line":143,"column":19},"end":{"line":143,"column":29}},"60":{"start":{"line":144,"column":17},"end":{"line":144,"column":25}},"61":{"start":{"line":145,"column":17},"end":{"line":145,"column":40}},"62":{"start":{"line":146,"column":4},"end":{"line":148,"column":5}},"63":{"start":{"line":147,"column":6},"end":{"line":147,"column":65}},"64":{"start":{"line":149,"column":4},"end":{"line":149,"column":48}},"65":{"start":{"line":150,"column":4},"end":{"line":150,"column":73}},"66":{"start":{"line":151,"column":4},"end":{"line":151,"column":54}},"67":{"start":{"line":152,"column":4},"end":{"line":154,"column":5}},"68":{"start":{"line":153,"column":6},"end":{"line":153,"column":69}},"69":{"start":{"line":155,"column":4},"end":{"line":157,"column":5}},"70":{"start":{"line":156,"column":6},"end":{"line":156,"column":78}},"71":{"start":{"line":158,"column":4},"end":{"line":160,"column":5}},"72":{"start":{"line":159,"column":6},"end":{"line":159,"column":71}},"73":{"start":{"line":161,"column":21},"end":{"line":161,"column":48}},"74":{"start":{"line":162,"column":4},"end":{"line":162,"column":35}},"75":{"start":{"line":164,"column":4},"end":{"line":164,"column":61}},"76":{"start":{"line":168,"column":0},"end":{"line":175,"column":2}},"77":{"start":{"line":169,"column":2},"end":{"line":174,"column":3}},"78":{"start":{"line":170,"column":21},"end":{"line":170,"column":56}},"79":{"start":{"line":171,"column":4},"end":{"line":171,"column":35}},"80":{"start":{"line":173,"column":4},"end":{"line":173,"column":71}},"81":{"start":{"line":177,"column":0},"end":{"line":190,"column":2}},"82":{"start":{"line":178,"column":2},"end":{"line":189,"column":3}},"83":{"start":{"line":179,"column":19},"end":{"line":179,"column":29}},"84":{"start":{"line":180,"column":20},"end":{"line":180,"column":58}},"85":{"start":{"line":182,"column":4},"end":{"line":184,"column":5}},"86":{"start":{"line":183,"column":6},"end":{"line":183,"column":68}},"87":{"start":{"line":186,"column":4},"end":{"line":186,"column":34}},"88":{"start":{"line":188,"column":4},"end":{"line":188,"column":70}},"89":{"start":{"line":192,"column":0},"end":{"line":223,"column":2}},"90":{"start":{"line":193,"column":2},"end":{"line":222,"column":3}},"91":{"start":{"line":194,"column":19},"end":{"line":194,"column":29}},"92":{"start":{"line":196,"column":20},"end":{"line":196,"column":58}},"93":{"start":{"line":197,"column":4},"end":{"line":199,"column":5}},"94":{"start":{"line":198,"column":6},"end":{"line":198,"column":68}},"95":{"start":{"line":201,"column":4},"end":{"line":203,"column":5}},"96":{"start":{"line":202,"column":6},"end":{"line":202,"column":76}},"97":{"start":{"line":205,"column":23},"end":{"line":205,"column":25}},"98":{"start":{"line":206,"column":4},"end":{"line":206,"column":55}},"99":{"start":{"line":208,"column":4},"end":{"line":208,"column":51}},"100":{"start":{"line":210,"column":27},"end":{"line":213,"column":5}},"101":{"start":{"line":215,"column":4},"end":{"line":218,"column":7}},"102":{"start":{"line":220,"column":4},"end":{"line":220,"column":51}},"103":{"start":{"line":221,"column":4},"end":{"line":221,"column":65}},"104":{"start":{"line":225,"column":0},"end":{"line":251,"column":2}},"105":{"start":{"line":226,"column":2},"end":{"line":250,"column":3}},"106":{"start":{"line":227,"column":19},"end":{"line":227,"column":29}},"107":{"start":{"line":229,"column":20},"end":{"line":229,"column":58}},"108":{"start":{"line":230,"column":4},"end":{"line":232,"column":5}},"109":{"start":{"line":231,"column":6},"end":{"line":231,"column":68}},"110":{"start":{"line":234,"column":4},"end":{"line":236,"column":5}},"111":{"start":{"line":235,"column":6},"end":{"line":235,"column":76}},"112":{"start":{"line":238,"column":27},"end":{"line":241,"column":5}},"113":{"start":{"line":243,"column":4},"end":{"line":246,"column":7}},"114":{"start":{"line":248,"column":4},"end":{"line":248,"column":51}},"115":{"start":{"line":249,"column":4},"end":{"line":249,"column":65}}},"fnMap":{"0":{"name":"(anonymous_0)","decl":{"start":{"line":14,"column":17},"end":{"line":14,"column":18}},"loc":{"start":{"line":14,"column":37},"end":{"line":21,"column":1}},"line":14},"1":{"name":"(anonymous_1)","decl":{"start":{"line":23,"column":21},"end":{"line":23,"column":22}},"loc":{"start":{"line":23,"column":41},"end":{"line":125,"column":1}},"line":23},"2":{"name":"(anonymous_2)","decl":{"start":{"line":127,"column":21},"end":{"line":127,"column":22}},"loc":{"start":{"line":127,"column":41},"end":{"line":139,"column":1}},"line":127},"3":{"name":"(anonymous_3)","decl":{"start":{"line":141,"column":21},"end":{"line":141,"column":22}},"loc":{"start":{"line":141,"column":41},"end":{"line":166,"column":1}},"line":141},"4":{"name":"(anonymous_4)","decl":{"start":{"line":168,"column":25},"end":{"line":168,"column":26}},"loc":{"start":{"line":168,"column":45},"end":{"line":175,"column":1}},"line":168},"5":{"name":"(anonymous_5)","decl":{"start":{"line":177,"column":25},"end":{"line":177,"column":26}},"loc":{"start":{"line":177,"column":45},"end":{"line":190,"column":1}},"line":177},"6":{"name":"(anonymous_6)","decl":{"start":{"line":192,"column":25},"end":{"line":192,"column":26}},"loc":{"start":{"line":192,"column":45},"end":{"line":223,"column":1}},"line":192},"7":{"name":"(anonymous_7)","decl":{"start":{"line":225,"column":24},"end":{"line":225,"column":25}},"loc":{"start":{"line":225,"column":44},"end":{"line":251,"column":1}},"line":225}},"branchMap":{"0":{"loc":{"start":{"line":39,"column":4},"end":{"line":50,"column":5}},"type":"if","locations":[{"start":{"line":39,"column":4},"end":{"line":50,"column":5}},{"start":{},"end":{}}],"line":39},"1":{"loc":{"start":{"line":40,"column":6},"end":{"line":47,"column":15}},"type":"binary-expr","locations":[{"start":{"line":40,"column":6},"end":{"line":40,"column":10}},{"start":{"line":41,"column":6},"end":{"line":41,"column":17}},{"start":{"line":42,"column":6},"end":{"line":42,"column":16}},{"start":{"line":43,"column":6},"end":{"line":43,"column":20}},{"start":{"line":44,"column":6},"end":{"line":44,"column":14}},{"start":{"line":45,"column":6},"end":{"line":45,"column":19}},{"start":{"line":46,"column":6},"end":{"line":46,"column":12}},{"start":{"line":47,"column":6},"end":{"line":47,"column":15}}],"line":40},"2":{"loc":{"start":{"line":53,"column":4},"end":{"line":57,"column":5}},"type":"if","locations":[{"start":{"line":53,"column":4},"end":{"line":57,"column":5}},{"start":{},"end":{}}],"line":53},"3":{"loc":{"start":{"line":59,"column":4},"end":{"line":63,"column":5}},"type":"if","locations":[{"start":{"line":59,"column":4},"end":{"line":63,"column":5}},{"start":{},"end":{}}],"line":59},"4":{"loc":{"start":{"line":65,"column":4},"end":{"line":69,"column":5}},"type":"if","locations":[{"start":{"line":65,"column":4},"end":{"line":69,"column":5}},{"start":{},"end":{}}],"line":65},"5":{"loc":{"start":{"line":70,"column":4},"end":{"line":72,"column":5}},"type":"if","locations":[{"start":{"line":70,"column":4},"end":{"line":72,"column":5}},{"start":{},"end":{}}],"line":70},"6":{"loc":{"start":{"line":73,"column":4},"end":{"line":75,"column":5}},"type":"if","locations":[{"start":{"line":73,"column":4},"end":{"line":75,"column":5}},{"start":{},"end":{}}],"line":73},"7":{"loc":{"start":{"line":76,"column":4},"end":{"line":78,"column":5}},"type":"if","locations":[{"start":{"line":76,"column":4},"end":{"line":78,"column":5}},{"start":{},"end":{}}],"line":76},"8":{"loc":{"start":{"line":79,"column":4},"end":{"line":81,"column":5}},"type":"if","locations":[{"start":{"line":79,"column":4},"end":{"line":81,"column":5}},{"start":{},"end":{}}],"line":79},"9":{"loc":{"start":{"line":79,"column":8},"end":{"line":79,"column":46}},"type":"binary-expr","locations":[{"start":{"line":79,"column":8},"end":{"line":79,"column":18}},{"start":{"line":79,"column":22},"end":{"line":79,"column":46}}],"line":79},"10":{"loc":{"start":{"line":82,"column":4},"end":{"line":86,"column":5}},"type":"if","locations":[{"start":{"line":82,"column":4},"end":{"line":86,"column":5}},{"start":{},"end":{}}],"line":82},"11":{"loc":{"start":{"line":88,"column":4},"end":{"line":90,"column":5}},"type":"if","locations":[{"start":{"line":88,"column":4},"end":{"line":90,"column":5}},{"start":{},"end":{}}],"line":88},"12":{"loc":{"start":{"line":91,"column":4},"end":{"line":93,"column":5}},"type":"if","locations":[{"start":{"line":91,"column":4},"end":{"line":93,"column":5}},{"start":{},"end":{}}],"line":91},"13":{"loc":{"start":{"line":94,"column":4},"end":{"line":96,"column":5}},"type":"if","locations":[{"start":{"line":94,"column":4},"end":{"line":96,"column":5}},{"start":{},"end":{}}],"line":94},"14":{"loc":{"start":{"line":97,"column":4},"end":{"line":101,"column":5}},"type":"if","locations":[{"start":{"line":97,"column":4},"end":{"line":101,"column":5}},{"start":{},"end":{}}],"line":97},"15":{"loc":{"start":{"line":131,"column":4},"end":{"line":133,"column":5}},"type":"if","locations":[{"start":{"line":131,"column":4},"end":{"line":133,"column":5}},{"start":{},"end":{}}],"line":131},"16":{"loc":{"start":{"line":146,"column":4},"end":{"line":148,"column":5}},"type":"if","locations":[{"start":{"line":146,"column":4},"end":{"line":148,"column":5}},{"start":{},"end":{}}],"line":146},"17":{"loc":{"start":{"line":152,"column":4},"end":{"line":154,"column":5}},"type":"if","locations":[{"start":{"line":152,"column":4},"end":{"line":154,"column":5}},{"start":{},"end":{}}],"line":152},"18":{"loc":{"start":{"line":152,"column":8},"end":{"line":152,"column":46}},"type":"binary-expr","locations":[{"start":{"line":152,"column":8},"end":{"line":152,"column":18}},{"start":{"line":152,"column":22},"end":{"line":152,"column":46}}],"line":152},"19":{"loc":{"start":{"line":155,"column":4},"end":{"line":157,"column":5}},"type":"if","locations":[{"start":{"line":155,"column":4},"end":{"line":157,"column":5}},{"start":{},"end":{}}],"line":155},"20":{"loc":{"start":{"line":155,"column":8},"end":{"line":155,"column":62}},"type":"binary-expr","locations":[{"start":{"line":155,"column":8},"end":{"line":155,"column":26}},{"start":{"line":155,"column":30},"end":{"line":155,"column":62}}],"line":155},"21":{"loc":{"start":{"line":158,"column":4},"end":{"line":160,"column":5}},"type":"if","locations":[{"start":{"line":158,"column":4},"end":{"line":160,"column":5}},{"start":{},"end":{}}],"line":158},"22":{"loc":{"start":{"line":158,"column":8},"end":{"line":158,"column":50}},"type":"binary-expr","locations":[{"start":{"line":158,"column":8},"end":{"line":158,"column":20}},{"start":{"line":158,"column":24},"end":{"line":158,"column":50}}],"line":158},"23":{"loc":{"start":{"line":182,"column":4},"end":{"line":184,"column":5}},"type":"if","locations":[{"start":{"line":182,"column":4},"end":{"line":184,"column":5}},{"start":{},"end":{}}],"line":182},"24":{"loc":{"start":{"line":197,"column":4},"end":{"line":199,"column":5}},"type":"if","locations":[{"start":{"line":197,"column":4},"end":{"line":199,"column":5}},{"start":{},"end":{}}],"line":197},"25":{"loc":{"start":{"line":201,"column":4},"end":{"line":203,"column":5}},"type":"if","locations":[{"start":{"line":201,"column":4},"end":{"line":203,"column":5}},{"start":{},"end":{}}],"line":201},"26":{"loc":{"start":{"line":230,"column":4},"end":{"line":232,"column":5}},"type":"if","locations":[{"start":{"line":230,"column":4},"end":{"line":232,"column":5}},{"start":{},"end":{}}],"line":230},"27":{"loc":{"start":{"line":234,"column":4},"end":{"line":236,"column":5}},"type":"if","locations":[{"start":{"line":234,"column":4},"end":{"line":236,"column":5}},{"start":{},"end":{}}],"line":234}},"s":{"0":10,"1":10,"2":10,"3":10,"4":10,"5":10,"6":1,"7":1,"8":1,"9":0,"10":10,"11":6,"12":6,"13":6,"14":1,"15":5,"16":5,"17":1,"18":4,"19":4,"20":1,"21":3,"22":3,"23":1,"24":2,"25":0,"26":2,"27":0,"28":2,"29":0,"30":2,"31":0,"32":2,"33":0,"34":2,"35":2,"36":1,"37":1,"38":0,"39":1,"40":0,"41":1,"42":0,"43":1,"44":1,"45":1,"46":1,"47":0,"48":10,"49":4,"50":4,"51":4,"52":4,"53":2,"54":2,"55":2,"56":0,"57":10,"58":5,"59":5,"60":5,"61":5,"62":5,"63":1,"64":4,"65":4,"66":4,"67":4,"68":1,"69":3,"70":1,"71":2,"72":1,"73":1,"74":1,"75":0,"76":10,"77":1,"78":1,"79":1,"80":0,"81":10,"82":2,"83":2,"84":2,"85":2,"86":1,"87":1,"88":0,"89":10,"90":4,"91":4,"92":4,"93":4,"94":1,"95":3,"96":1,"97":2,"98":2,"99":2,"100":2,"101":2,"102":0,"103":0,"104":10,"105":4,"106":4,"107":4,"108":4,"109":1,"110":3,"111":1,"112":2,"113":2,"114":0,"115":0},"f":{"0":1,"1":6,"2":4,"3":5,"4":1,"5":2,"6":4,"7":4},"b":{"0":[1,5],"1":[6,5,5,5,5,5,5,5],"2":[1,4],"3":[1,3],"4":[1,2],"5":[0,2],"6":[0,2],"7":[0,2],"8":[0,2],"9":[2,2],"10":[0,2],"11":[1,1],"12":[0,1],"13":[0,1],"14":[0,1],"15":[2,2],"16":[1,4],"17":[1,3],"18":[4,1],"19":[1,2],"20":[3,1],"21":[1,1],"22":[2,1],"23":[1,1],"24":[1,3],"25":[1,2],"26":[1,3],"27":[1,2]},"_coverageSchema":"1a1c01bbd47fc00a2c39e90264f33305004495a9","hash":"7b50c54747c173863a90510cb4f4f505ce1e5f34"}
,"D:\\GitHub\\Diploma-Work\\backend\\src\\api\\controllers\\authController.js": {"path":"D:\\GitHub\\Diploma-Work\\backend\\src\\api\\controllers\\authController.js","statementMap":{"0":{"start":{"line":1,"column":15},"end":{"line":1,"column":32}},"1":{"start":{"line":2,"column":12},"end":{"line":2,"column":35}},"2":{"start":{"line":3,"column":13},"end":{"line":3,"column":41}},"3":{"start":{"line":4,"column":13},"end":{"line":4,"column":41}},"4":{"start":{"line":5,"column":22},"end":{"line":5,"column":58}},"5":{"start":{"line":13,"column":4},"end":{"line":13,"column":41}},"6":{"start":{"line":15,"column":0},"end":{"line":125,"column":2}},"7":{"start":{"line":16,"column":2},"end":{"line":124,"column":3}},"8":{"start":{"line":28,"column":8},"end":{"line":28,"column":16}},"9":{"start":{"line":31,"column":4},"end":{"line":42,"column":5}},"10":{"start":{"line":41,"column":6},"end":{"line":41,"column":74}},"11":{"start":{"line":45,"column":4},"end":{"line":47,"column":5}},"12":{"start":{"line":46,"column":6},"end":{"line":46,"column":69}},"13":{"start":{"line":48,"column":4},"end":{"line":50,"column":5}},"14":{"start":{"line":49,"column":6},"end":{"line":49,"column":76}},"15":{"start":{"line":51,"column":4},"end":{"line":53,"column":5}},"16":{"start":{"line":52,"column":6},"end":{"line":52,"column":75}},"17":{"start":{"line":54,"column":4},"end":{"line":56,"column":5}},"18":{"start":{"line":55,"column":6},"end":{"line":55,"column":76}},"19":{"start":{"line":57,"column":4},"end":{"line":61,"column":5}},"20":{"start":{"line":58,"column":6},"end":{"line":60,"column":72}},"21":{"start":{"line":62,"column":16},"end":{"line":62,"column":39}},"22":{"start":{"line":63,"column":29},"end":{"line":63,"column":64}},"23":{"start":{"line":64,"column":4},"end":{"line":68,"column":5}},"24":{"start":{"line":65,"column":6},"end":{"line":67,"column":65}},"25":{"start":{"line":69,"column":4},"end":{"line":71,"column":5}},"26":{"start":{"line":70,"column":6},"end":{"line":70,"column":78}},"27":{"start":{"line":72,"column":4},"end":{"line":74,"column":5}},"28":{"start":{"line":73,"column":6},"end":{"line":73,"column":71}},"29":{"start":{"line":75,"column":4},"end":{"line":80,"column":5}},"30":{"start":{"line":76,"column":6},"end":{"line":79,"column":9}},"31":{"start":{"line":81,"column":17},"end":{"line":81,"column":44}},"32":{"start":{"line":82,"column":4},"end":{"line":84,"column":5}},"33":{"start":{"line":83,"column":6},"end":{"line":83,"column":65}},"34":{"start":{"line":87,"column":25},"end":{"line":87,"column":50}},"35":{"start":{"line":88,"column":4},"end":{"line":92,"column":5}},"36":{"start":{"line":89,"column":6},"end":{"line":91,"column":64}},"37":{"start":{"line":94,"column":4},"end":{"line":102,"column":5}},"38":{"start":{"line":95,"column":6},"end":{"line":97,"column":7}},"39":{"start":{"line":96,"column":8},"end":{"line":96,"column":68}},"40":{"start":{"line":98,"column":23},"end":{"line":98,"column":50}},"41":{"start":{"line":99,"column":6},"end":{"line":101,"column":7}},"42":{"start":{"line":100,"column":8},"end":{"line":100,"column":67}},"43":{"start":{"line":104,"column":27},"end":{"line":104,"column":58}},"44":{"start":{"line":106,"column":17},"end":{"line":117,"column":5}},"45":{"start":{"line":119,"column":20},"end":{"line":119,"column":43}},"46":{"start":{"line":121,"column":4},"end":{"line":121,"column":34}},"47":{"start":{"line":123,"column":4},"end":{"line":123,"column":61}},"48":{"start":{"line":127,"column":0},"end":{"line":160,"column":2}},"49":{"start":{"line":128,"column":2},"end":{"line":159,"column":3}},"50":{"start":{"line":129,"column":30},"end":{"line":129,"column":38}},"51":{"start":{"line":130,"column":17},"end":{"line":130,"column":42}},"52":{"start":{"line":131,"column":25},"end":{"line":131,"column":56}},"53":{"start":{"line":132,"column":4},"end":{"line":137,"column":5}},"54":{"start":{"line":136,"column":6},"end":{"line":136,"column":70}},"55":{"start":{"line":138,"column":22},"end":{"line":138,"column":58}},"56":{"start":{"line":139,"column":18},"end":{"line":150,"column":5}},"57":{"start":{"line":151,"column":4},"end":{"line":155,"column":7}},"58":{"start":{"line":156,"column":4},"end":{"line":156,"column":51}},"59":{"start":{"line":158,"column":4},"end":{"line":158,"column":58}},"60":{"start":{"line":162,"column":0},"end":{"line":169,"column":2}},"61":{"start":{"line":163,"column":2},"end":{"line":168,"column":3}},"62":{"start":{"line":164,"column":4},"end":{"line":164,"column":29}},"63":{"start":{"line":165,"column":4},"end":{"line":165,"column":52}},"64":{"start":{"line":167,"column":4},"end":{"line":167,"column":59}}},"fnMap":{"0":{"name":"(anonymous_0)","decl":{"start":{"line":15,"column":19},"end":{"line":15,"column":20}},"loc":{"start":{"line":15,"column":39},"end":{"line":125,"column":1}},"line":15},"1":{"name":"(anonymous_1)","decl":{"start":{"line":127,"column":16},"end":{"line":127,"column":17}},"loc":{"start":{"line":127,"column":36},"end":{"line":160,"column":1}},"line":127},"2":{"name":"(anonymous_2)","decl":{"start":{"line":162,"column":17},"end":{"line":162,"column":18}},"loc":{"start":{"line":162,"column":37},"end":{"line":169,"column":1}},"line":162}},"branchMap":{"0":{"loc":{"start":{"line":31,"column":4},"end":{"line":42,"column":5}},"type":"if","locations":[{"start":{"line":31,"column":4},"end":{"line":42,"column":5}},{"start":{},"end":{}}],"line":31},"1":{"loc":{"start":{"line":32,"column":6},"end":{"line":39,"column":15}},"type":"binary-expr","locations":[{"start":{"line":32,"column":6},"end":{"line":32,"column":10}},{"start":{"line":33,"column":6},"end":{"line":33,"column":17}},{"start":{"line":34,"column":6},"end":{"line":34,"column":16}},{"start":{"line":35,"column":6},"end":{"line":35,"column":20}},{"start":{"line":36,"column":6},"end":{"line":36,"column":14}},{"start":{"line":37,"column":6},"end":{"line":37,"column":19}},{"start":{"line":38,"column":6},"end":{"line":38,"column":12}},{"start":{"line":39,"column":6},"end":{"line":39,"column":15}}],"line":32},"2":{"loc":{"start":{"line":45,"column":4},"end":{"line":47,"column":5}},"type":"if","locations":[{"start":{"line":45,"column":4},"end":{"line":47,"column":5}},{"start":{},"end":{}}],"line":45},"3":{"loc":{"start":{"line":48,"column":4},"end":{"line":50,"column":5}},"type":"if","locations":[{"start":{"line":48,"column":4},"end":{"line":50,"column":5}},{"start":{},"end":{}}],"line":48},"4":{"loc":{"start":{"line":51,"column":4},"end":{"line":53,"column":5}},"type":"if","locations":[{"start":{"line":51,"column":4},"end":{"line":53,"column":5}},{"start":{},"end":{}}],"line":51},"5":{"loc":{"start":{"line":54,"column":4},"end":{"line":56,"column":5}},"type":"if","locations":[{"start":{"line":54,"column":4},"end":{"line":56,"column":5}},{"start":{},"end":{}}],"line":54},"6":{"loc":{"start":{"line":54,"column":8},"end":{"line":54,"column":46}},"type":"binary-expr","locations":[{"start":{"line":54,"column":8},"end":{"line":54,"column":18}},{"start":{"line":54,"column":22},"end":{"line":54,"column":46}}],"line":54},"7":{"loc":{"start":{"line":57,"column":4},"end":{"line":61,"column":5}},"type":"if","locations":[{"start":{"line":57,"column":4},"end":{"line":61,"column":5}},{"start":{},"end":{}}],"line":57},"8":{"loc":{"start":{"line":64,"column":4},"end":{"line":68,"column":5}},"type":"if","locations":[{"start":{"line":64,"column":4},"end":{"line":68,"column":5}},{"start":{},"end":{}}],"line":64},"9":{"loc":{"start":{"line":64,"column":8},"end":{"line":64,"column":54}},"type":"binary-expr","locations":[{"start":{"line":64,"column":8},"end":{"line":64,"column":28}},{"start":{"line":64,"column":32},"end":{"line":64,"column":54}}],"line":64},"10":{"loc":{"start":{"line":69,"column":4},"end":{"line":71,"column":5}},"type":"if","locations":[{"start":{"line":69,"column":4},"end":{"line":71,"column":5}},{"start":{},"end":{}}],"line":69},"11":{"loc":{"start":{"line":72,"column":4},"end":{"line":74,"column":5}},"type":"if","locations":[{"start":{"line":72,"column":4},"end":{"line":74,"column":5}},{"start":{},"end":{}}],"line":72},"12":{"loc":{"start":{"line":75,"column":4},"end":{"line":80,"column":5}},"type":"if","locations":[{"start":{"line":75,"column":4},"end":{"line":80,"column":5}},{"start":{},"end":{}}],"line":75},"13":{"loc":{"start":{"line":82,"column":4},"end":{"line":84,"column":5}},"type":"if","locations":[{"start":{"line":82,"column":4},"end":{"line":84,"column":5}},{"start":{},"end":{}}],"line":82},"14":{"loc":{"start":{"line":88,"column":4},"end":{"line":92,"column":5}},"type":"if","locations":[{"start":{"line":88,"column":4},"end":{"line":92,"column":5}},{"start":{},"end":{}}],"line":88},"15":{"loc":{"start":{"line":94,"column":4},"end":{"line":102,"column":5}},"type":"if","locations":[{"start":{"line":94,"column":4},"end":{"line":102,"column":5}},{"start":{},"end":{}}],"line":94},"16":{"loc":{"start":{"line":95,"column":6},"end":{"line":97,"column":7}},"type":"if","locations":[{"start":{"line":95,"column":6},"end":{"line":97,"column":7}},{"start":{},"end":{}}],"line":95},"17":{"loc":{"start":{"line":99,"column":6},"end":{"line":101,"column":7}},"type":"if","locations":[{"start":{"line":99,"column":6},"end":{"line":101,"column":7}},{"start":{},"end":{}}],"line":99},"18":{"loc":{"start":{"line":132,"column":4},"end":{"line":137,"column":5}},"type":"if","locations":[{"start":{"line":132,"column":4},"end":{"line":137,"column":5}},{"start":{},"end":{}}],"line":132},"19":{"loc":{"start":{"line":133,"column":6},"end":{"line":134,"column":67}},"type":"binary-expr","locations":[{"start":{"line":133,"column":6},"end":{"line":133,"column":11}},{"start":{"line":134,"column":6},"end":{"line":134,"column":67}}],"line":133}},"s":{"0":10,"1":10,"2":10,"3":10,"4":10,"5":10,"6":10,"7":14,"8":14,"9":14,"10":0,"11":14,"12":0,"13":14,"14":0,"15":14,"16":0,"17":14,"18":0,"19":14,"20":0,"21":14,"22":14,"23":14,"24":1,"25":13,"26":0,"27":13,"28":0,"29":13,"30":0,"31":13,"32":13,"33":1,"34":12,"35":12,"36":1,"37":11,"38":0,"39":0,"40":0,"41":0,"42":0,"43":11,"44":11,"45":11,"46":11,"47":0,"48":10,"49":9,"50":9,"51":9,"52":8,"53":8,"54":3,"55":5,"56":5,"57":5,"58":5,"59":1,"60":10,"61":1,"62":1,"63":1,"64":0},"f":{"0":14,"1":9,"2":1},"b":{"0":[0,14],"1":[14,14,14,14,14,14,14,14],"2":[0,14],"3":[0,14],"4":[0,14],"5":[0,14],"6":[14,14],"7":[0,14],"8":[1,13],"9":[14,14],"10":[0,13],"11":[0,13],"12":[0,13],"13":[1,12],"14":[1,11],"15":[0,11],"16":[0,0],"17":[0,0],"18":[3,5],"19":[8,6]},"_coverageSchema":"1a1c01bbd47fc00a2c39e90264f33305004495a9","hash":"5cfd787bb3613b8f48d773b98864f0b5bf1411fa"}
,"D:\\GitHub\\Diploma-Work\\backend\\src\\api\\controllers\\candidatesController.js": {"path":"D:\\GitHub\\Diploma-Work\\backend\\src\\api\\controllers\\candidatesController.js","statementMap":{"0":{"start":{"line":1,"column":18},"end":{"line":1,"column":51}},"1":{"start":{"line":3,"column":0},"end":{"line":10,"column":2}},"2":{"start":{"line":4,"column":2},"end":{"line":9,"column":3}},"3":{"start":{"line":5,"column":23},"end":{"line":5,"column":47}},"4":{"start":{"line":6,"column":4},"end":{"line":6,"column":37}},"5":{"start":{"line":8,"column":4},"end":{"line":8,"column":66}},"6":{"start":{"line":12,"column":0},"end":{"line":21,"column":2}},"7":{"start":{"line":13,"column":2},"end":{"line":20,"column":3}},"8":{"start":{"line":14,"column":15},"end":{"line":14,"column":28}},"9":{"start":{"line":15,"column":22},"end":{"line":15,"column":49}},"10":{"start":{"line":16,"column":4},"end":{"line":16,"column":36}},"11":{"start":{"line":18,"column":4},"end":{"line":18,"column":21}},"12":{"start":{"line":19,"column":4},"end":{"line":19,"column":65}}},"fnMap":{"0":{"name":"(anonymous_0)","decl":{"start":{"line":3,"column":17},"end":{"line":3,"column":18}},"loc":{"start":{"line":3,"column":37},"end":{"line":10,"column":1}},"line":3},"1":{"name":"(anonymous_1)","decl":{"start":{"line":12,"column":18},"end":{"line":12,"column":19}},"loc":{"start":{"line":12,"column":38},"end":{"line":21,"column":1}},"line":12}},"branchMap":{},"s":{"0":10,"1":10,"2":1,"3":1,"4":1,"5":0,"6":10,"7":1,"8":1,"9":1,"10":1,"11":0,"12":0},"f":{"0":1,"1":1},"b":{},"_coverageSchema":"1a1c01bbd47fc00a2c39e90264f33305004495a9","hash":"ab578be109c25b127e3080ffaabade2beb3d614c"}
,"D:\\GitHub\\Diploma-Work\\backend\\src\\api\\controllers\\electionsController.js": {"path":"D:\\GitHub\\Diploma-Work\\backend\\src\\api\\controllers\\electionsController.js","statementMap":{"0":{"start":{"line":1,"column":17},"end":{"line":1,"column":49}},"1":{"start":{"line":3,"column":0},"end":{"line":10,"column":2}},"2":{"start":{"line":4,"column":2},"end":{"line":9,"column":3}},"3":{"start":{"line":5,"column":22},"end":{"line":5,"column":45}},"4":{"start":{"line":6,"column":4},"end":{"line":6,"column":36}},"5":{"start":{"line":8,"column":4},"end":{"line":8,"column":65}},"6":{"start":{"line":12,"column":0},"end":{"line":21,"column":2}},"7":{"start":{"line":13,"column":2},"end":{"line":20,"column":3}},"8":{"start":{"line":14,"column":29},"end":{"line":14,"column":37}},"9":{"start":{"line":15,"column":17},"end":{"line":15,"column":55}},"10":{"start":{"line":16,"column":22},"end":{"line":16,"column":73}},"11":{"start":{"line":17,"column":4},"end":{"line":17,"column":36}},"12":{"start":{"line":19,"column":4},"end":{"line":19,"column":75}},"13":{"start":{"line":23,"column":0},"end":{"line":31,"column":2}},"14":{"start":{"line":24,"column":2},"end":{"line":30,"column":3}},"15":{"start":{"line":25,"column":19},"end":{"line":25,"column":29}},"16":{"start":{"line":26,"column":19},"end":{"line":26,"column":51}},"17":{"start":{"line":27,"column":4},"end":{"line":27,"column":33}},"18":{"start":{"line":29,"column":4},"end":{"line":29,"column":68}},"19":{"start":{"line":33,"column":0},"end":{"line":41,"column":2}},"20":{"start":{"line":34,"column":2},"end":{"line":40,"column":3}},"21":{"start":{"line":35,"column":19},"end":{"line":35,"column":29}},"22":{"start":{"line":36,"column":21},"end":{"line":36,"column":47}},"23":{"start":{"line":37,"column":4},"end":{"line":37,"column":35}},"24":{"start":{"line":39,"column":4},"end":{"line":39,"column":64}},"25":{"start":{"line":43,"column":0},"end":{"line":51,"column":2}},"26":{"start":{"line":44,"column":2},"end":{"line":50,"column":3}},"27":{"start":{"line":45,"column":19},"end":{"line":45,"column":29}},"28":{"start":{"line":46,"column":23},"end":{"line":46,"column":55}},"29":{"start":{"line":47,"column":4},"end":{"line":47,"column":37}},"30":{"start":{"line":49,"column":4},"end":{"line":49,"column":66}}},"fnMap":{"0":{"name":"(anonymous_0)","decl":{"start":{"line":3,"column":17},"end":{"line":3,"column":18}},"loc":{"start":{"line":3,"column":37},"end":{"line":10,"column":1}},"line":3},"1":{"name":"(anonymous_1)","decl":{"start":{"line":12,"column":23},"end":{"line":12,"column":24}},"loc":{"start":{"line":12,"column":43},"end":{"line":21,"column":1}},"line":12},"2":{"name":"(anonymous_2)","decl":{"start":{"line":23,"column":20},"end":{"line":23,"column":21}},"loc":{"start":{"line":23,"column":40},"end":{"line":31,"column":1}},"line":23},"3":{"name":"(anonymous_3)","decl":{"start":{"line":33,"column":18},"end":{"line":33,"column":19}},"loc":{"start":{"line":33,"column":38},"end":{"line":41,"column":1}},"line":33},"4":{"name":"(anonymous_4)","decl":{"start":{"line":43,"column":24},"end":{"line":43,"column":25}},"loc":{"start":{"line":43,"column":44},"end":{"line":51,"column":1}},"line":43}},"branchMap":{},"s":{"0":10,"1":10,"2":1,"3":1,"4":1,"5":0,"6":10,"7":1,"8":1,"9":1,"10":1,"11":1,"12":0,"13":10,"14":2,"15":2,"16":2,"17":2,"18":0,"19":10,"20":2,"21":2,"22":2,"23":1,"24":1,"25":10,"26":2,"27":2,"28":2,"29":1,"30":1},"f":{"0":1,"1":1,"2":2,"3":2,"4":2},"b":{},"_coverageSchema":"1a1c01bbd47fc00a2c39e90264f33305004495a9","hash":"c2e2d61eb007bd21689f84ed434bd4e558a35da5"}
,"D:\\GitHub\\Diploma-Work\\backend\\src\\api\\controllers\\eventsController.js": {"path":"D:\\GitHub\\Diploma-Work\\backend\\src\\api\\controllers\\eventsController.js","statementMap":{"0":{"start":{"line":1,"column":14},"end":{"line":1,"column":43}},"1":{"start":{"line":3,"column":0},"end":{"line":10,"column":2}},"2":{"start":{"line":4,"column":2},"end":{"line":9,"column":3}},"3":{"start":{"line":5,"column":19},"end":{"line":5,"column":39}},"4":{"start":{"line":6,"column":4},"end":{"line":6,"column":33}},"5":{"start":{"line":8,"column":4},"end":{"line":8,"column":62}}},"fnMap":{"0":{"name":"(anonymous_0)","decl":{"start":{"line":3,"column":17},"end":{"line":3,"column":18}},"loc":{"start":{"line":3,"column":37},"end":{"line":10,"column":1}},"line":3}},"branchMap":{},"s":{"0":10,"1":10,"2":1,"3":1,"4":1,"5":0},"f":{"0":1},"b":{},"_coverageSchema":"1a1c01bbd47fc00a2c39e90264f33305004495a9","hash":"4f648e426c2dc6353990ccda350fb05c3051797e"}
,"D:\\GitHub\\Diploma-Work\\backend\\src\\api\\controllers\\locationsController.js": {"path":"D:\\GitHub\\Diploma-Work\\backend\\src\\api\\controllers\\locationsController.js","statementMap":{"0":{"start":{"line":1,"column":13},"end":{"line":1,"column":41}},"1":{"start":{"line":2,"column":15},"end":{"line":2,"column":45}},"2":{"start":{"line":4,"column":0},"end":{"line":12,"column":2}},"3":{"start":{"line":5,"column":2},"end":{"line":11,"column":3}},"4":{"start":{"line":6,"column":19},"end":{"line":6,"column":29}},"5":{"start":{"line":7,"column":17},"end":{"line":7,"column":39}},"6":{"start":{"line":8,"column":4},"end":{"line":8,"column":31}},"7":{"start":{"line":10,"column":4},"end":{"line":10,"column":60}},"8":{"start":{"line":14,"column":0},"end":{"line":22,"column":2}},"9":{"start":{"line":15,"column":2},"end":{"line":21,"column":3}},"10":{"start":{"line":16,"column":19},"end":{"line":16,"column":29}},"11":{"start":{"line":17,"column":19},"end":{"line":17,"column":43}},"12":{"start":{"line":18,"column":4},"end":{"line":18,"column":33}},"13":{"start":{"line":20,"column":4},"end":{"line":20,"column":62}},"14":{"start":{"line":24,"column":0},"end":{"line":31,"column":2}},"15":{"start":{"line":25,"column":2},"end":{"line":30,"column":3}},"16":{"start":{"line":26,"column":19},"end":{"line":26,"column":38}},"17":{"start":{"line":27,"column":4},"end":{"line":27,"column":33}},"18":{"start":{"line":29,"column":4},"end":{"line":29,"column":62}},"19":{"start":{"line":33,"column":0},"end":{"line":40,"column":2}},"20":{"start":{"line":34,"column":2},"end":{"line":39,"column":3}},"21":{"start":{"line":35,"column":20},"end":{"line":35,"column":41}},"22":{"start":{"line":36,"column":4},"end":{"line":36,"column":34}},"23":{"start":{"line":38,"column":4},"end":{"line":38,"column":63}}},"fnMap":{"0":{"name":"(anonymous_0)","decl":{"start":{"line":4,"column":22},"end":{"line":4,"column":23}},"loc":{"start":{"line":4,"column":42},"end":{"line":12,"column":1}},"line":4},"1":{"name":"(anonymous_1)","decl":{"start":{"line":14,"column":24},"end":{"line":14,"column":25}},"loc":{"start":{"line":14,"column":44},"end":{"line":22,"column":1}},"line":14},"2":{"name":"(anonymous_2)","decl":{"start":{"line":24,"column":23},"end":{"line":24,"column":24}},"loc":{"start":{"line":24,"column":43},"end":{"line":31,"column":1}},"line":24},"3":{"name":"(anonymous_3)","decl":{"start":{"line":33,"column":24},"end":{"line":33,"column":25}},"loc":{"start":{"line":33,"column":44},"end":{"line":40,"column":1}},"line":33}},"branchMap":{},"s":{"0":10,"1":10,"2":10,"3":1,"4":1,"5":1,"6":1,"7":0,"8":10,"9":1,"10":1,"11":1,"12":1,"13":0,"14":10,"15":1,"16":1,"17":1,"18":0,"19":10,"20":1,"21":1,"22":1,"23":0},"f":{"0":1,"1":1,"2":1,"3":1},"b":{},"_coverageSchema":"1a1c01bbd47fc00a2c39e90264f33305004495a9","hash":"1e0003edf9bf4c1ff562ceb2f9e93a16a952dd13"}
,"D:\\GitHub\\Diploma-Work\\backend\\src\\api\\controllers\\managerController.js": {"path":"D:\\GitHub\\Diploma-Work\\backend\\src\\api\\controllers\\managerController.js","statementMap":{"0":{"start":{"line":1,"column":18},"end":{"line":1,"column":51}},"1":{"start":{"line":2,"column":17},"end":{"line":2,"column":49}},"2":{"start":{"line":3,"column":14},"end":{"line":3,"column":43}},"3":{"start":{"line":5,"column":0},"end":{"line":19,"column":2}},"4":{"start":{"line":6,"column":2},"end":{"line":18,"column":3}},"5":{"start":{"line":7,"column":64},"end":{"line":7,"column":72}},"6":{"start":{"line":8,"column":21},"end":{"line":14,"column":6}},"7":{"start":{"line":15,"column":4},"end":{"line":15,"column":35}},"8":{"start":{"line":17,"column":4},"end":{"line":17,"column":65}},"9":{"start":{"line":21,"column":0},"end":{"line":29,"column":2}},"10":{"start":{"line":22,"column":2},"end":{"line":28,"column":3}},"11":{"start":{"line":23,"column":19},"end":{"line":23,"column":29}},"12":{"start":{"line":24,"column":21},"end":{"line":24,"column":46}},"13":{"start":{"line":25,"column":4},"end":{"line":25,"column":35}},"14":{"start":{"line":27,"column":4},"end":{"line":27,"column":65}},"15":{"start":{"line":31,"column":0},"end":{"line":55,"column":2}},"16":{"start":{"line":32,"column":2},"end":{"line":54,"column":3}},"17":{"start":{"line":41,"column":8},"end":{"line":41,"column":16}},"18":{"start":{"line":42,"column":22},"end":{"line":50,"column":6}},"19":{"start":{"line":51,"column":4},"end":{"line":51,"column":36}},"20":{"start":{"line":53,"column":4},"end":{"line":53,"column":66}},"21":{"start":{"line":57,"column":0},"end":{"line":65,"column":2}},"22":{"start":{"line":58,"column":2},"end":{"line":64,"column":3}},"23":{"start":{"line":59,"column":19},"end":{"line":59,"column":29}},"24":{"start":{"line":60,"column":21},"end":{"line":60,"column":47}},"25":{"start":{"line":61,"column":4},"end":{"line":61,"column":35}},"26":{"start":{"line":63,"column":4},"end":{"line":63,"column":66}},"27":{"start":{"line":67,"column":0},"end":{"line":96,"column":2}},"28":{"start":{"line":68,"column":2},"end":{"line":95,"column":3}},"29":{"start":{"line":69,"column":19},"end":{"line":69,"column":29}},"30":{"start":{"line":78,"column":8},"end":{"line":78,"column":16}},"31":{"start":{"line":80,"column":23},"end":{"line":80,"column":25}},"32":{"start":{"line":81,"column":4},"end":{"line":81,"column":60}},"33":{"start":{"line":81,"column":31},"end":{"line":81,"column":60}},"34":{"start":{"line":82,"column":4},"end":{"line":82,"column":72}},"35":{"start":{"line":82,"column":35},"end":{"line":82,"column":72}},"36":{"start":{"line":83,"column":4},"end":{"line":83,"column":48}},"37":{"start":{"line":83,"column":27},"end":{"line":83,"column":48}},"38":{"start":{"line":84,"column":4},"end":{"line":84,"column":54}},"39":{"start":{"line":84,"column":29},"end":{"line":84,"column":54}},"40":{"start":{"line":85,"column":4},"end":{"line":85,"column":69}},"41":{"start":{"line":85,"column":34},"end":{"line":85,"column":69}},"42":{"start":{"line":86,"column":4},"end":{"line":87,"column":53}},"43":{"start":{"line":87,"column":6},"end":{"line":87,"column":53}},"44":{"start":{"line":88,"column":4},"end":{"line":89,"column":53}},"45":{"start":{"line":89,"column":6},"end":{"line":89,"column":53}},"46":{"start":{"line":91,"column":21},"end":{"line":91,"column":59}},"47":{"start":{"line":92,"column":4},"end":{"line":92,"column":35}},"48":{"start":{"line":94,"column":4},"end":{"line":94,"column":66}},"49":{"start":{"line":98,"column":0},"end":{"line":109,"column":2}},"50":{"start":{"line":99,"column":2},"end":{"line":108,"column":3}},"51":{"start":{"line":100,"column":42},"end":{"line":100,"column":50}},"52":{"start":{"line":101,"column":21},"end":{"line":104,"column":5}},"53":{"start":{"line":105,"column":4},"end":{"line":105,"column":35}},"54":{"start":{"line":107,"column":4},"end":{"line":107,"column":67}},"55":{"start":{"line":111,"column":0},"end":{"line":119,"column":2}},"56":{"start":{"line":112,"column":2},"end":{"line":118,"column":3}},"57":{"start":{"line":113,"column":47},"end":{"line":113,"column":55}},"58":{"start":{"line":114,"column":18},"end":{"line":114,"column":72}},"59":{"start":{"line":115,"column":4},"end":{"line":115,"column":32}},"60":{"start":{"line":117,"column":4},"end":{"line":117,"column":62}},"61":{"start":{"line":121,"column":0},"end":{"line":136,"column":2}},"62":{"start":{"line":122,"column":2},"end":{"line":135,"column":3}},"63":{"start":{"line":123,"column":19},"end":{"line":123,"column":29}},"64":{"start":{"line":124,"column":47},"end":{"line":124,"column":55}},"65":{"start":{"line":126,"column":23},"end":{"line":126,"column":25}},"66":{"start":{"line":127,"column":4},"end":{"line":127,"column":54}},"67":{"start":{"line":127,"column":29},"end":{"line":127,"column":54}},"68":{"start":{"line":128,"column":4},"end":{"line":128,"column":72}},"69":{"start":{"line":128,"column":35},"end":{"line":128,"column":72}},"70":{"start":{"line":129,"column":4},"end":{"line":129,"column":69}},"71":{"start":{"line":129,"column":34},"end":{"line":129,"column":69}},"72":{"start":{"line":131,"column":21},"end":{"line":131,"column":55}},"73":{"start":{"line":132,"column":4},"end":{"line":132,"column":35}},"74":{"start":{"line":134,"column":4},"end":{"line":134,"column":62}},"75":{"start":{"line":138,"column":0},"end":{"line":146,"column":2}},"76":{"start":{"line":139,"column":2},"end":{"line":145,"column":3}},"77":{"start":{"line":140,"column":19},"end":{"line":140,"column":29}},"78":{"start":{"line":141,"column":21},"end":{"line":141,"column":43}},"79":{"start":{"line":142,"column":4},"end":{"line":142,"column":35}},"80":{"start":{"line":144,"column":4},"end":{"line":144,"column":62}}},"fnMap":{"0":{"name":"(anonymous_0)","decl":{"start":{"line":5,"column":25},"end":{"line":5,"column":26}},"loc":{"start":{"line":5,"column":45},"end":{"line":19,"column":1}},"line":5},"1":{"name":"(anonymous_1)","decl":{"start":{"line":21,"column":25},"end":{"line":21,"column":26}},"loc":{"start":{"line":21,"column":45},"end":{"line":29,"column":1}},"line":21},"2":{"name":"(anonymous_2)","decl":{"start":{"line":31,"column":26},"end":{"line":31,"column":27}},"loc":{"start":{"line":31,"column":46},"end":{"line":55,"column":1}},"line":31},"3":{"name":"(anonymous_3)","decl":{"start":{"line":57,"column":26},"end":{"line":57,"column":27}},"loc":{"start":{"line":57,"column":46},"end":{"line":65,"column":1}},"line":57},"4":{"name":"(anonymous_4)","decl":{"start":{"line":67,"column":26},"end":{"line":67,"column":27}},"loc":{"start":{"line":67,"column":46},"end":{"line":96,"column":1}},"line":67},"5":{"name":"(anonymous_5)","decl":{"start":{"line":98,"column":26},"end":{"line":98,"column":27}},"loc":{"start":{"line":98,"column":46},"end":{"line":109,"column":1}},"line":98},"6":{"name":"(anonymous_6)","decl":{"start":{"line":111,"column":22},"end":{"line":111,"column":23}},"loc":{"start":{"line":111,"column":42},"end":{"line":119,"column":1}},"line":111},"7":{"name":"(anonymous_7)","decl":{"start":{"line":121,"column":22},"end":{"line":121,"column":23}},"loc":{"start":{"line":121,"column":42},"end":{"line":136,"column":1}},"line":121},"8":{"name":"(anonymous_8)","decl":{"start":{"line":138,"column":22},"end":{"line":138,"column":23}},"loc":{"start":{"line":138,"column":42},"end":{"line":146,"column":1}},"line":138}},"branchMap":{"0":{"loc":{"start":{"line":81,"column":4},"end":{"line":81,"column":60}},"type":"if","locations":[{"start":{"line":81,"column":4},"end":{"line":81,"column":60}},{"start":{},"end":{}}],"line":81},"1":{"loc":{"start":{"line":82,"column":4},"end":{"line":82,"column":72}},"type":"if","locations":[{"start":{"line":82,"column":4},"end":{"line":82,"column":72}},{"start":{},"end":{}}],"line":82},"2":{"loc":{"start":{"line":83,"column":4},"end":{"line":83,"column":48}},"type":"if","locations":[{"start":{"line":83,"column":4},"end":{"line":83,"column":48}},{"start":{},"end":{}}],"line":83},"3":{"loc":{"start":{"line":84,"column":4},"end":{"line":84,"column":54}},"type":"if","locations":[{"start":{"line":84,"column":4},"end":{"line":84,"column":54}},{"start":{},"end":{}}],"line":84},"4":{"loc":{"start":{"line":85,"column":4},"end":{"line":85,"column":69}},"type":"if","locations":[{"start":{"line":85,"column":4},"end":{"line":85,"column":69}},{"start":{},"end":{}}],"line":85},"5":{"loc":{"start":{"line":86,"column":4},"end":{"line":87,"column":53}},"type":"if","locations":[{"start":{"line":86,"column":4},"end":{"line":87,"column":53}},{"start":{},"end":{}}],"line":86},"6":{"loc":{"start":{"line":88,"column":4},"end":{"line":89,"column":53}},"type":"if","locations":[{"start":{"line":88,"column":4},"end":{"line":89,"column":53}},{"start":{},"end":{}}],"line":88},"7":{"loc":{"start":{"line":127,"column":4},"end":{"line":127,"column":54}},"type":"if","locations":[{"start":{"line":127,"column":4},"end":{"line":127,"column":54}},{"start":{},"end":{}}],"line":127},"8":{"loc":{"start":{"line":128,"column":4},"end":{"line":128,"column":72}},"type":"if","locations":[{"start":{"line":128,"column":4},"end":{"line":128,"column":72}},{"start":{},"end":{}}],"line":128},"9":{"loc":{"start":{"line":129,"column":4},"end":{"line":129,"column":69}},"type":"if","locations":[{"start":{"line":129,"column":4},"end":{"line":129,"column":69}},{"start":{},"end":{}}],"line":129}},"s":{"0":10,"1":10,"2":10,"3":10,"4":1,"5":1,"6":1,"7":1,"8":0,"9":10,"10":1,"11":1,"12":1,"13":1,"14":0,"15":10,"16":1,"17":1,"18":1,"19":1,"20":0,"21":10,"22":1,"23":1,"24":1,"25":1,"26":0,"27":10,"28":1,"29":1,"30":1,"31":1,"32":1,"33":0,"34":1,"35":0,"36":1,"37":1,"38":1,"39":1,"40":1,"41":0,"42":1,"43":0,"44":1,"45":0,"46":1,"47":1,"48":0,"49":10,"50":1,"51":1,"52":1,"53":1,"54":0,"55":10,"56":1,"57":1,"58":1,"59":1,"60":0,"61":10,"62":1,"63":1,"64":1,"65":1,"66":1,"67":1,"68":1,"69":1,"70":1,"71":1,"72":1,"73":1,"74":0,"75":10,"76":1,"77":1,"78":1,"79":1,"80":0},"f":{"0":1,"1":1,"2":1,"3":1,"4":1,"5":1,"6":1,"7":1,"8":1},"b":{"0":[0,1],"1":[0,1],"2":[1,0],"3":[1,0],"4":[0,1],"5":[0,1],"6":[0,1],"7":[1,0],"8":[1,0],"9":[1,0]},"_coverageSchema":"1a1c01bbd47fc00a2c39e90264f33305004495a9","hash":"f5fb7c3280cefb2b33c8be10b3685ac17457a96c"}
,"D:\\GitHub\\Diploma-Work\\backend\\src\\api\\controllers\\otpController.js": {"path":"D:\\GitHub\\Diploma-Work\\backend\\src\\api\\controllers\\otpController.js","statementMap":{"0":{"start":{"line":1,"column":20},"end":{"line":1,"column":56}},"1":{"start":{"line":2,"column":25},"end":{"line":2,"column":62}},"2":{"start":{"line":4,"column":0},"end":{"line":21,"column":2}},"3":{"start":{"line":5,"column":20},"end":{"line":5,"column":28}},"4":{"start":{"line":6,"column":2},"end":{"line":8,"column":3}},"5":{"start":{"line":7,"column":4},"end":{"line":7,"column":66}},"6":{"start":{"line":9,"column":2},"end":{"line":11,"column":3}},"7":{"start":{"line":10,"column":4},"end":{"line":10,"column":69}},"8":{"start":{"line":13,"column":2},"end":{"line":20,"column":3}},"9":{"start":{"line":14,"column":17},"end":{"line":14,"column":37}},"10":{"start":{"line":15,"column":4},"end":{"line":15,"column":31}},"11":{"start":{"line":17,"column":4},"end":{"line":17,"column":45}},"12":{"start":{"line":18,"column":19},"end":{"line":18,"column":36}},"13":{"start":{"line":19,"column":4},"end":{"line":19,"column":54}}},"fnMap":{"0":{"name":"(anonymous_0)","decl":{"start":{"line":4,"column":18},"end":{"line":4,"column":19}},"loc":{"start":{"line":4,"column":38},"end":{"line":21,"column":1}},"line":4}},"branchMap":{"0":{"loc":{"start":{"line":6,"column":2},"end":{"line":8,"column":3}},"type":"if","locations":[{"start":{"line":6,"column":2},"end":{"line":8,"column":3}},{"start":{},"end":{}}],"line":6},"1":{"loc":{"start":{"line":9,"column":2},"end":{"line":11,"column":3}},"type":"if","locations":[{"start":{"line":9,"column":2},"end":{"line":11,"column":3}},{"start":{},"end":{}}],"line":9},"2":{"loc":{"start":{"line":18,"column":19},"end":{"line":18,"column":36}},"type":"binary-expr","locations":[{"start":{"line":18,"column":19},"end":{"line":18,"column":29}},{"start":{"line":18,"column":33},"end":{"line":18,"column":36}}],"line":18}},"s":{"0":10,"1":10,"2":10,"3":0,"4":0,"5":0,"6":0,"7":0,"8":0,"9":0,"10":0,"11":0,"12":0,"13":0},"f":{"0":0},"b":{"0":[0,0],"1":[0,0],"2":[0,0]},"_coverageSchema":"1a1c01bbd47fc00a2c39e90264f33305004495a9","hash":"b498ef68f9fea10a2b69d0c0b7c0fd3701c7bf8b"}
,"D:\\GitHub\\Diploma-Work\\backend\\src\\api\\controllers\\usersController.js": {"path":"D:\\GitHub\\Diploma-Work\\backend\\src\\api\\controllers\\usersController.js","statementMap":{"0":{"start":{"line":1,"column":13},"end":{"line":1,"column":41}},"1":{"start":{"line":2,"column":29},"end":{"line":2,"column":73}},"2":{"start":{"line":8,"column":4},"end":{"line":8,"column":41}},"3":{"start":{"line":10,"column":0},"end":{"line":18,"column":2}},"4":{"start":{"line":11,"column":2},"end":{"line":17,"column":3}},"5":{"start":{"line":12,"column":23},"end":{"line":12,"column":31}},"6":{"start":{"line":13,"column":17},"end":{"line":13,"column":44}},"7":{"start":{"line":14,"column":4},"end":{"line":14,"column":31}},"8":{"start":{"line":16,"column":4},"end":{"line":16,"column":68}},"9":{"start":{"line":20,"column":0},"end":{"line":93,"column":2}},"10":{"start":{"line":21,"column":2},"end":{"line":92,"column":3}},"11":{"start":{"line":22,"column":23},"end":{"line":22,"column":31}},"12":{"start":{"line":23,"column":38},"end":{"line":23,"column":46}},"13":{"start":{"line":25,"column":4},"end":{"line":27,"column":5}},"14":{"start":{"line":26,"column":6},"end":{"line":26,"column":74}},"15":{"start":{"line":29,"column":17},"end":{"line":29,"column":44}},"16":{"start":{"line":30,"column":4},"end":{"line":32,"column":5}},"17":{"start":{"line":31,"column":6},"end":{"line":31,"column":65}},"18":{"start":{"line":34,"column":4},"end":{"line":36,"column":5}},"19":{"start":{"line":35,"column":6},"end":{"line":35,"column":71}},"20":{"start":{"line":38,"column":4},"end":{"line":40,"column":5}},"21":{"start":{"line":39,"column":6},"end":{"line":39,"column":78}},"22":{"start":{"line":42,"column":4},"end":{"line":44,"column":5}},"23":{"start":{"line":43,"column":6},"end":{"line":43,"column":76}},"24":{"start":{"line":46,"column":4},"end":{"line":48,"column":5}},"25":{"start":{"line":47,"column":6},"end":{"line":47,"column":75}},"26":{"start":{"line":50,"column":4},"end":{"line":52,"column":5}},"27":{"start":{"line":51,"column":6},"end":{"line":51,"column":76}},"28":{"start":{"line":54,"column":4},"end":{"line":56,"column":5}},"29":{"start":{"line":55,"column":6},"end":{"line":55,"column":69}},"30":{"start":{"line":58,"column":26},"end":{"line":65,"column":5}},"31":{"start":{"line":66,"column":4},"end":{"line":68,"column":5}},"32":{"start":{"line":67,"column":6},"end":{"line":67,"column":79}},"33":{"start":{"line":70,"column":21},"end":{"line":70,"column":37}},"34":{"start":{"line":72,"column":4},"end":{"line":76,"column":5}},"35":{"start":{"line":73,"column":6},"end":{"line":75,"column":69}},"36":{"start":{"line":78,"column":20},"end":{"line":83,"column":6}},"37":{"start":{"line":85,"column":4},"end":{"line":88,"column":7}},"38":{"start":{"line":90,"column":4},"end":{"line":90,"column":57}},"39":{"start":{"line":91,"column":4},"end":{"line":91,"column":73}},"40":{"start":{"line":95,"column":0},"end":{"line":103,"column":2}},"41":{"start":{"line":96,"column":2},"end":{"line":102,"column":3}},"42":{"start":{"line":97,"column":23},"end":{"line":97,"column":31}},"43":{"start":{"line":98,"column":21},"end":{"line":98,"column":67}},"44":{"start":{"line":99,"column":4},"end":{"line":99,"column":35}},"45":{"start":{"line":101,"column":4},"end":{"line":101,"column":71}}},"fnMap":{"0":{"name":"(anonymous_0)","decl":{"start":{"line":10,"column":25},"end":{"line":10,"column":26}},"loc":{"start":{"line":10,"column":45},"end":{"line":18,"column":1}},"line":10},"1":{"name":"(anonymous_1)","decl":{"start":{"line":20,"column":24},"end":{"line":20,"column":25}},"loc":{"start":{"line":20,"column":44},"end":{"line":93,"column":1}},"line":20},"2":{"name":"(anonymous_2)","decl":{"start":{"line":95,"column":26},"end":{"line":95,"column":27}},"loc":{"start":{"line":95,"column":46},"end":{"line":103,"column":1}},"line":95}},"branchMap":{"0":{"loc":{"start":{"line":25,"column":4},"end":{"line":27,"column":5}},"type":"if","locations":[{"start":{"line":25,"column":4},"end":{"line":27,"column":5}},{"start":{},"end":{}}],"line":25},"1":{"loc":{"start":{"line":25,"column":8},"end":{"line":25,"column":33}},"type":"binary-expr","locations":[{"start":{"line":25,"column":8},"end":{"line":25,"column":19}},{"start":{"line":25,"column":23},"end":{"line":25,"column":33}}],"line":25},"2":{"loc":{"start":{"line":30,"column":4},"end":{"line":32,"column":5}},"type":"if","locations":[{"start":{"line":30,"column":4},"end":{"line":32,"column":5}},{"start":{},"end":{}}],"line":30},"3":{"loc":{"start":{"line":34,"column":4},"end":{"line":36,"column":5}},"type":"if","locations":[{"start":{"line":34,"column":4},"end":{"line":36,"column":5}},{"start":{},"end":{}}],"line":34},"4":{"loc":{"start":{"line":34,"column":8},"end":{"line":34,"column":58}},"type":"binary-expr","locations":[{"start":{"line":34,"column":8},"end":{"line":34,"column":30}},{"start":{"line":34,"column":34},"end":{"line":34,"column":58}}],"line":34},"5":{"loc":{"start":{"line":38,"column":4},"end":{"line":40,"column":5}},"type":"if","locations":[{"start":{"line":38,"column":4},"end":{"line":40,"column":5}},{"start":{},"end":{}}],"line":38},"6":{"loc":{"start":{"line":38,"column":8},"end":{"line":38,"column":71}},"type":"binary-expr","locations":[{"start":{"line":38,"column":8},"end":{"line":38,"column":37}},{"start":{"line":38,"column":41},"end":{"line":38,"column":71}}],"line":38},"7":{"loc":{"start":{"line":42,"column":4},"end":{"line":44,"column":5}},"type":"if","locations":[{"start":{"line":42,"column":4},"end":{"line":44,"column":5}},{"start":{},"end":{}}],"line":42},"8":{"loc":{"start":{"line":42,"column":8},"end":{"line":42,"column":62}},"type":"binary-expr","locations":[{"start":{"line":42,"column":8},"end":{"line":42,"column":35}},{"start":{"line":42,"column":39},"end":{"line":42,"column":62}}],"line":42},"9":{"loc":{"start":{"line":46,"column":4},"end":{"line":48,"column":5}},"type":"if","locations":[{"start":{"line":46,"column":4},"end":{"line":48,"column":5}},{"start":{},"end":{}}],"line":46},"10":{"loc":{"start":{"line":46,"column":8},"end":{"line":46,"column":64}},"type":"binary-expr","locations":[{"start":{"line":46,"column":8},"end":{"line":46,"column":34}},{"start":{"line":46,"column":38},"end":{"line":46,"column":64}}],"line":46},"11":{"loc":{"start":{"line":50,"column":4},"end":{"line":52,"column":5}},"type":"if","locations":[{"start":{"line":50,"column":4},"end":{"line":52,"column":5}},{"start":{},"end":{}}],"line":50},"12":{"loc":{"start":{"line":50,"column":8},"end":{"line":50,"column":65}},"type":"binary-expr","locations":[{"start":{"line":50,"column":8},"end":{"line":50,"column":35}},{"start":{"line":50,"column":39},"end":{"line":50,"column":65}}],"line":50},"13":{"loc":{"start":{"line":54,"column":4},"end":{"line":56,"column":5}},"type":"if","locations":[{"start":{"line":54,"column":4},"end":{"line":56,"column":5}},{"start":{},"end":{}}],"line":54},"14":{"loc":{"start":{"line":66,"column":4},"end":{"line":68,"column":5}},"type":"if","locations":[{"start":{"line":66,"column":4},"end":{"line":68,"column":5}},{"start":{},"end":{}}],"line":66},"15":{"loc":{"start":{"line":72,"column":4},"end":{"line":76,"column":5}},"type":"if","locations":[{"start":{"line":72,"column":4},"end":{"line":76,"column":5}},{"start":{},"end":{}}],"line":72}},"s":{"0":10,"1":10,"2":10,"3":10,"4":3,"5":3,"6":3,"7":3,"8":0,"9":10,"10":14,"11":14,"12":14,"13":14,"14":2,"15":12,"16":12,"17":0,"18":12,"19":1,"20":11,"21":0,"22":11,"23":0,"24":11,"25":0,"26":11,"27":0,"28":11,"29":1,"30":10,"31":10,"32":1,"33":9,"34":9,"35":1,"36":8,"37":8,"38":0,"39":0,"40":10,"41":1,"42":1,"43":1,"44":1,"45":0},"f":{"0":3,"1":14,"2":1},"b":{"0":[2,12],"1":[14,13],"2":[0,12],"3":[1,11],"4":[12,10],"5":[0,11],"6":[11,0],"7":[0,11],"8":[11,0],"9":[0,11],"10":[11,0],"11":[0,11],"12":[11,0],"13":[1,10],"14":[1,9],"15":[1,8]},"_coverageSchema":"1a1c01bbd47fc00a2c39e90264f33305004495a9","hash":"6c933e8a9b02366fba2c216618a7316154c75650"}
,"D:\\GitHub\\Diploma-Work\\backend\\src\\api\\controllers\\voteController.js": {"path":"D:\\GitHub\\Diploma-Work\\backend\\src\\api\\controllers\\voteController.js","statementMap":{"0":{"start":{"line":1,"column":13},"end":{"line":1,"column":41}},"1":{"start":{"line":2,"column":18},"end":{"line":2,"column":51}},"2":{"start":{"line":3,"column":33},"end":{"line":3,"column":65}},"3":{"start":{"line":4,"column":22},"end":{"line":4,"column":58}},"4":{"start":{"line":6,"column":0},"end":{"line":53,"column":2}},"5":{"start":{"line":7,"column":2},"end":{"line":52,"column":3}},"6":{"start":{"line":8,"column":45},"end":{"line":8,"column":53}},"7":{"start":{"line":9,"column":37},"end":{"line":9,"column":45}},"8":{"start":{"line":11,"column":22},"end":{"line":11,"column":58}},"9":{"start":{"line":12,"column":4},"end":{"line":14,"column":5}},"10":{"start":{"line":13,"column":6},"end":{"line":13,"column":79}},"11":{"start":{"line":16,"column":21},"end":{"line":16,"column":74}},"12":{"start":{"line":17,"column":4},"end":{"line":19,"column":5}},"13":{"start":{"line":18,"column":6},"end":{"line":18,"column":73}},"14":{"start":{"line":21,"column":28},"end":{"line":25,"column":6}},"15":{"start":{"line":26,"column":4},"end":{"line":30,"column":5}},"16":{"start":{"line":27,"column":6},"end":{"line":29,"column":64}},"17":{"start":{"line":32,"column":4},"end":{"line":40,"column":5}},"18":{"start":{"line":33,"column":6},"end":{"line":35,"column":7}},"19":{"start":{"line":34,"column":8},"end":{"line":34,"column":68}},"20":{"start":{"line":36,"column":23},"end":{"line":36,"column":50}},"21":{"start":{"line":37,"column":6},"end":{"line":39,"column":7}},"22":{"start":{"line":38,"column":8},"end":{"line":38,"column":67}},"23":{"start":{"line":42,"column":18},"end":{"line":42,"column":46}},"24":{"start":{"line":43,"column":17},"end":{"line":48,"column":6}},"25":{"start":{"line":49,"column":4},"end":{"line":49,"column":37}},"26":{"start":{"line":51,"column":4},"end":{"line":51,"column":60}},"27":{"start":{"line":55,"column":0},"end":{"line":64,"column":2}},"28":{"start":{"line":56,"column":2},"end":{"line":63,"column":3}},"29":{"start":{"line":57,"column":27},"end":{"line":57,"column":37}},"30":{"start":{"line":58,"column":23},"end":{"line":58,"column":31}},"31":{"start":{"line":59,"column":18},"end":{"line":59,"column":71}},"32":{"start":{"line":60,"column":4},"end":{"line":60,"column":32}},"33":{"start":{"line":62,"column":4},"end":{"line":62,"column":61}},"34":{"start":{"line":66,"column":0},"end":{"line":79,"column":2}},"35":{"start":{"line":67,"column":2},"end":{"line":78,"column":3}},"36":{"start":{"line":68,"column":27},"end":{"line":68,"column":37}},"37":{"start":{"line":69,"column":29},"end":{"line":69,"column":37}},"38":{"start":{"line":70,"column":20},"end":{"line":74,"column":6}},"39":{"start":{"line":75,"column":4},"end":{"line":75,"column":34}},"40":{"start":{"line":77,"column":4},"end":{"line":77,"column":70}},"41":{"start":{"line":81,"column":0},"end":{"line":92,"column":2}},"42":{"start":{"line":82,"column":2},"end":{"line":91,"column":3}},"43":{"start":{"line":83,"column":22},"end":{"line":83,"column":30}},"44":{"start":{"line":84,"column":17},"end":{"line":84,"column":49}},"45":{"start":{"line":85,"column":4},"end":{"line":87,"column":5}},"46":{"start":{"line":86,"column":6},"end":{"line":86,"column":66}},"47":{"start":{"line":88,"column":4},"end":{"line":88,"column":31}},"48":{"start":{"line":90,"column":4},"end":{"line":90,"column":67}}},"fnMap":{"0":{"name":"(anonymous_0)","decl":{"start":{"line":6,"column":19},"end":{"line":6,"column":20}},"loc":{"start":{"line":6,"column":39},"end":{"line":53,"column":1}},"line":6},"1":{"name":"(anonymous_1)","decl":{"start":{"line":55,"column":21},"end":{"line":55,"column":22}},"loc":{"start":{"line":55,"column":41},"end":{"line":64,"column":1}},"line":55},"2":{"name":"(anonymous_2)","decl":{"start":{"line":66,"column":28},"end":{"line":66,"column":29}},"loc":{"start":{"line":66,"column":48},"end":{"line":79,"column":1}},"line":66},"3":{"name":"(anonymous_3)","decl":{"start":{"line":81,"column":25},"end":{"line":81,"column":26}},"loc":{"start":{"line":81,"column":45},"end":{"line":92,"column":1}},"line":81}},"branchMap":{"0":{"loc":{"start":{"line":12,"column":4},"end":{"line":14,"column":5}},"type":"if","locations":[{"start":{"line":12,"column":4},"end":{"line":14,"column":5}},{"start":{},"end":{}}],"line":12},"1":{"loc":{"start":{"line":17,"column":4},"end":{"line":19,"column":5}},"type":"if","locations":[{"start":{"line":17,"column":4},"end":{"line":19,"column":5}},{"start":{},"end":{}}],"line":17},"2":{"loc":{"start":{"line":26,"column":4},"end":{"line":30,"column":5}},"type":"if","locations":[{"start":{"line":26,"column":4},"end":{"line":30,"column":5}},{"start":{},"end":{}}],"line":26},"3":{"loc":{"start":{"line":32,"column":4},"end":{"line":40,"column":5}},"type":"if","locations":[{"start":{"line":32,"column":4},"end":{"line":40,"column":5}},{"start":{},"end":{}}],"line":32},"4":{"loc":{"start":{"line":33,"column":6},"end":{"line":35,"column":7}},"type":"if","locations":[{"start":{"line":33,"column":6},"end":{"line":35,"column":7}},{"start":{},"end":{}}],"line":33},"5":{"loc":{"start":{"line":37,"column":6},"end":{"line":39,"column":7}},"type":"if","locations":[{"start":{"line":37,"column":6},"end":{"line":39,"column":7}},{"start":{},"end":{}}],"line":37},"6":{"loc":{"start":{"line":85,"column":4},"end":{"line":87,"column":5}},"type":"if","locations":[{"start":{"line":85,"column":4},"end":{"line":87,"column":5}},{"start":{},"end":{}}],"line":85}},"s":{"0":10,"1":10,"2":10,"3":10,"4":10,"5":7,"6":7,"7":7,"8":7,"9":7,"10":1,"11":6,"12":6,"13":1,"14":5,"15":5,"16":1,"17":4,"18":0,"19":0,"20":0,"21":0,"22":0,"23":4,"24":4,"25":4,"26":0,"27":10,"28":2,"29":2,"30":2,"31":2,"32":2,"33":0,"34":10,"35":2,"36":2,"37":2,"38":2,"39":2,"40":0,"41":10,"42":2,"43":2,"44":2,"45":2,"46":1,"47":1,"48":0},"f":{"0":7,"1":2,"2":2,"3":2},"b":{"0":[1,6],"1":[1,5],"2":[1,4],"3":[0,4],"4":[0,0],"5":[0,0],"6":[1,1]},"_coverageSchema":"1a1c01bbd47fc00a2c39e90264f33305004495a9","hash":"23adbe5d6777b6bd547e6ad2a5eb1e0acc85e3ef"}
,"D:\\GitHub\\Diploma-Work\\backend\\src\\api\\middlewares\\authMiddleware.js": {"path":"D:\\GitHub\\Diploma-Work\\backend\\src\\api\\middlewares\\authMiddleware.js","statementMap":{"0":{"start":{"line":1,"column":12},"end":{"line":1,"column":35}},"1":{"start":{"line":3,"column":0},"end":{"line":16,"column":2}},"2":{"start":{"line":4,"column":16},"end":{"line":4,"column":33}},"3":{"start":{"line":5,"column":2},"end":{"line":7,"column":3}},"4":{"start":{"line":6,"column":4},"end":{"line":6,"column":61}},"5":{"start":{"line":8,"column":2},"end":{"line":15,"column":3}},"6":{"start":{"line":9,"column":20},"end":{"line":9,"column":61}},"7":{"start":{"line":10,"column":4},"end":{"line":10,"column":23}},"8":{"start":{"line":11,"column":4},"end":{"line":11,"column":11}},"9":{"start":{"line":13,"column":4},"end":{"line":13,"column":29}},"10":{"start":{"line":14,"column":4},"end":{"line":14,"column":62}},"11":{"start":{"line":18,"column":0},"end":{"line":23,"column":2}},"12":{"start":{"line":19,"column":2},"end":{"line":21,"column":3}},"13":{"start":{"line":20,"column":4},"end":{"line":20,"column":58}},"14":{"start":{"line":22,"column":2},"end":{"line":22,"column":9}},"15":{"start":{"line":25,"column":0},"end":{"line":30,"column":2}},"16":{"start":{"line":26,"column":2},"end":{"line":28,"column":3}},"17":{"start":{"line":27,"column":4},"end":{"line":27,"column":58}},"18":{"start":{"line":29,"column":2},"end":{"line":29,"column":9}},"19":{"start":{"line":32,"column":0},"end":{"line":44,"column":2}},"20":{"start":{"line":33,"column":16},"end":{"line":33,"column":33}},"21":{"start":{"line":34,"column":2},"end":{"line":43,"column":3}},"22":{"start":{"line":35,"column":4},"end":{"line":40,"column":5}},"23":{"start":{"line":36,"column":6},"end":{"line":36,"column":48}},"24":{"start":{"line":37,"column":6},"end":{"line":37,"column":68}},"25":{"start":{"line":39,"column":6},"end":{"line":39,"column":13}},"26":{"start":{"line":42,"column":4},"end":{"line":42,"column":11}}},"fnMap":{"0":{"name":"(anonymous_0)","decl":{"start":{"line":3,"column":22},"end":{"line":3,"column":23}},"loc":{"start":{"line":3,"column":42},"end":{"line":16,"column":1}},"line":3},"1":{"name":"(anonymous_1)","decl":{"start":{"line":18,"column":18},"end":{"line":18,"column":19}},"loc":{"start":{"line":18,"column":38},"end":{"line":23,"column":1}},"line":18},"2":{"name":"(anonymous_2)","decl":{"start":{"line":25,"column":20},"end":{"line":25,"column":21}},"loc":{"start":{"line":25,"column":40},"end":{"line":30,"column":1}},"line":25},"3":{"name":"(anonymous_3)","decl":{"start":{"line":32,"column":26},"end":{"line":32,"column":27}},"loc":{"start":{"line":32,"column":46},"end":{"line":44,"column":1}},"line":32}},"branchMap":{"0":{"loc":{"start":{"line":5,"column":2},"end":{"line":7,"column":3}},"type":"if","locations":[{"start":{"line":5,"column":2},"end":{"line":7,"column":3}},{"start":{},"end":{}}],"line":5},"1":{"loc":{"start":{"line":19,"column":2},"end":{"line":21,"column":3}},"type":"if","locations":[{"start":{"line":19,"column":2},"end":{"line":21,"column":3}},{"start":{},"end":{}}],"line":19},"2":{"loc":{"start":{"line":26,"column":2},"end":{"line":28,"column":3}},"type":"if","locations":[{"start":{"line":26,"column":2},"end":{"line":28,"column":3}},{"start":{},"end":{}}],"line":26},"3":{"loc":{"start":{"line":34,"column":2},"end":{"line":43,"column":3}},"type":"if","locations":[{"start":{"line":34,"column":2},"end":{"line":43,"column":3}},{"start":{"line":41,"column":9},"end":{"line":43,"column":3}}],"line":34}},"s":{"0":10,"1":10,"2":101,"3":101,"4":18,"5":83,"6":83,"7":83,"8":83,"9":0,"10":0,"11":10,"12":35,"13":8,"14":27,"15":10,"16":9,"17":0,"18":9,"19":10,"20":25,"21":25,"22":2,"23":2,"24":2,"25":0,"26":23},"f":{"0":101,"1":35,"2":9,"3":25},"b":{"0":[18,83],"1":[8,27],"2":[0,9],"3":[2,23]},"_coverageSchema":"1a1c01bbd47fc00a2c39e90264f33305004495a9","hash":"b64db1ccbe2c9138341e97cd9232724046db212e"}
,"D:\\GitHub\\Diploma-Work\\backend\\src\\api\\middlewares\\citizenMiddleware.js": {"path":"D:\\GitHub\\Diploma-Work\\backend\\src\\api\\middlewares\\citizenMiddleware.js","statementMap":{"0":{"start":{"line":1,"column":28},"end":{"line":1,"column":65}},"1":{"start":{"line":4,"column":39},"end":{"line":4,"column":47}},"2":{"start":{"line":5,"column":2},"end":{"line":21,"column":3}},"3":{"start":{"line":6,"column":20},"end":{"line":6,"column":46}},"4":{"start":{"line":7,"column":4},"end":{"line":11,"column":5}},"5":{"start":{"line":8,"column":6},"end":{"line":10,"column":63}},"6":{"start":{"line":12,"column":4},"end":{"line":16,"column":5}},"7":{"start":{"line":13,"column":6},"end":{"line":15,"column":9}},"8":{"start":{"line":17,"column":4},"end":{"line":17,"column":11}},"9":{"start":{"line":19,"column":4},"end":{"line":19,"column":47}},"10":{"start":{"line":20,"column":4},"end":{"line":20,"column":78}},"11":{"start":{"line":24,"column":0},"end":{"line":24,"column":37}}},"fnMap":{"0":{"name":"checkCitizenCorrect","decl":{"start":{"line":3,"column":15},"end":{"line":3,"column":34}},"loc":{"start":{"line":3,"column":51},"end":{"line":22,"column":1}},"line":3}},"branchMap":{"0":{"loc":{"start":{"line":7,"column":4},"end":{"line":11,"column":5}},"type":"if","locations":[{"start":{"line":7,"column":4},"end":{"line":11,"column":5}},{"start":{},"end":{}}],"line":7},"1":{"loc":{"start":{"line":7,"column":8},"end":{"line":7,"column":39}},"type":"binary-expr","locations":[{"start":{"line":7,"column":8},"end":{"line":7,"column":16}},{"start":{"line":7,"column":20},"end":{"line":7,"column":39}}],"line":7},"2":{"loc":{"start":{"line":12,"column":4},"end":{"line":16,"column":5}},"type":"if","locations":[{"start":{"line":12,"column":4},"end":{"line":16,"column":5}},{"start":{},"end":{}}],"line":12},"3":{"loc":{"start":{"line":12,"column":8},"end":{"line":12,"column":72}},"type":"binary-expr","locations":[{"start":{"line":12,"column":8},"end":{"line":12,"column":31}},{"start":{"line":12,"column":35},"end":{"line":12,"column":72}}],"line":12}},"s":{"0":10,"1":0,"2":0,"3":0,"4":0,"5":0,"6":0,"7":0,"8":0,"9":0,"10":0,"11":10},"f":{"0":0},"b":{"0":[0,0],"1":[0,0],"2":[0,0],"3":[0,0]},"_coverageSchema":"1a1c01bbd47fc00a2c39e90264f33305004495a9","hash":"1a38e549a6ff7e3b863662421a54a860e200eb19"}
,"D:\\GitHub\\Diploma-Work\\backend\\src\\api\\routes\\adminRoutes.js": {"path":"D:\\GitHub\\Diploma-Work\\backend\\src\\api\\routes\\adminRoutes.js","statementMap":{"0":{"start":{"line":1,"column":16},"end":{"line":1,"column":34}},"1":{"start":{"line":2,"column":15},"end":{"line":2,"column":31}},"2":{"start":{"line":12,"column":4},"end":{"line":12,"column":45}},"3":{"start":{"line":79,"column":0},"end":{"line":79,"column":29}},"4":{"start":{"line":185,"column":0},"end":{"line":185,"column":34}},"5":{"start":{"line":286,"column":0},"end":{"line":286,"column":37}},"6":{"start":{"line":347,"column":0},"end":{"line":347,"column":40}},"7":{"start":{"line":406,"column":0},"end":{"line":406,"column":40}},"8":{"start":{"line":472,"column":0},"end":{"line":472,"column":44}},"9":{"start":{"line":530,"column":0},"end":{"line":530,"column":53}},"10":{"start":{"line":588,"column":0},"end":{"line":588,"column":51}},"11":{"start":{"line":590,"column":0},"end":{"line":590,"column":24}}},"fnMap":{},"branchMap":{},"s":{"0":10,"1":10,"2":10,"3":10,"4":10,"5":10,"6":10,"7":10,"8":10,"9":10,"10":10,"11":10},"f":{},"b":{},"_coverageSchema":"1a1c01bbd47fc00a2c39e90264f33305004495a9","hash":"f4fb9ab5858a3984e3a65c03697093b6ea69901b"}
,"D:\\GitHub\\Diploma-Work\\backend\\src\\api\\routes\\authRoutes.js": {"path":"D:\\GitHub\\Diploma-Work\\backend\\src\\api\\routes\\authRoutes.js","statementMap":{"0":{"start":{"line":1,"column":16},"end":{"line":1,"column":34}},"1":{"start":{"line":2,"column":15},"end":{"line":2,"column":31}},"2":{"start":{"line":3,"column":36},"end":{"line":3,"column":76}},"3":{"start":{"line":7,"column":4},"end":{"line":7,"column":44}},"4":{"start":{"line":8,"column":28},"end":{"line":8,"column":71}},"5":{"start":{"line":112,"column":0},"end":{"line":116,"column":1}},"6":{"start":{"line":113,"column":2},"end":{"line":113,"column":54}},"7":{"start":{"line":115,"column":2},"end":{"line":115,"column":75}},"8":{"start":{"line":166,"column":0},"end":{"line":166,"column":46}},"9":{"start":{"line":192,"column":0},"end":{"line":192,"column":44}},"10":{"start":{"line":194,"column":0},"end":{"line":194,"column":24}}},"fnMap":{},"branchMap":{"0":{"loc":{"start":{"line":112,"column":0},"end":{"line":116,"column":1}},"type":"if","locations":[{"start":{"line":112,"column":0},"end":{"line":116,"column":1}},{"start":{"line":114,"column":7},"end":{"line":116,"column":1}}],"line":112},"1":{"loc":{"start":{"line":112,"column":4},"end":{"line":112,"column":77}},"type":"binary-expr","locations":[{"start":{"line":112,"column":4},"end":{"line":112,"column":35}},{"start":{"line":112,"column":39},"end":{"line":112,"column":77}}],"line":112}},"s":{"0":10,"1":10,"2":10,"3":10,"4":10,"5":10,"6":10,"7":0,"8":10,"9":10,"10":10},"f":{},"b":{"0":[10,0],"1":[10,0]},"_coverageSchema":"1a1c01bbd47fc00a2c39e90264f33305004495a9","hash":"f50398a50314a515a518e1dd29e7a7daff16d9f6"}
[...]
,"D:\\GitHub\\Diploma-Work\\backend\\src\\utils\\dateHelper.js": {"path":"D:\\GitHub\\Diploma-Work\\backend\\src\\utils\\dateHelper.js","statementMap":{"0":{"start":{"line":1,"column":0},"end":{"line":7,"column":2}},"1":{"start":{"line":2,"column":12},"end":{"line":2,"column":31}},"2":{"start":{"line":3,"column":15},"end":{"line":3,"column":30}},"3":{"start":{"line":4,"column":16},"end":{"line":4,"column":62}},"4":{"start":{"line":5,"column":14},"end":{"line":5,"column":53}},"5":{"start":{"line":6,"column":2},"end":{"line":6,"column":35}}},"fnMap":{"0":{"name":"(anonymous_0)","decl":{"start":{"line":1,"column":26},"end":{"line":1,"column":27}},"loc":{"start":{"line":1,"column":41},"end":{"line":7,"column":1}},"line":1}},"branchMap":{},"s":{"0":10,"1":96,"2":96,"3":96,"4":96,"5":96},"f":{"0":96},"b":{},"_coverageSchema":"1a1c01bbd47fc00a2c39e90264f33305004495a9","hash":"24f73bc06046d88d4f31dc23188da2b8bffa2e1c"}
,"D:\\GitHub\\Diploma-Work\\backend\\src\\utils\\voteToken.js": {"path":"D:\\GitHub\\Diploma-Work\\backend\\src\\utils\\voteToken.js","statementMap":{"0":{"start":{"line":1,"column":15},"end":{"line":1,"column":32}},"1":{"start":{"line":3,"column":19},"end":{"line":3,"column":46}},"2":{"start":{"line":6,"column":16},"end":{"line":6,"column":54}},"3":{"start":{"line":7,"column":16},"end":{"line":10,"column":18}},"4":{"start":{"line":11,"column":2},"end":{"line":11,"column":29}},"5":{"start":{"line":15,"column":16},"end":{"line":15,"column":40}},"6":{"start":{"line":16,"column":2},"end":{"line":16,"column":39}},"7":{"start":{"line":16,"column":26},"end":{"line":16,"column":39}},"8":{"start":{"line":18,"column":29},"end":{"line":18,"column":34}},"9":{"start":{"line":19,"column":24},"end":{"line":22,"column":18}},"10":{"start":{"line":24,"column":2},"end":{"line":27,"column":3}},"11":{"start":{"line":25,"column":4},"end":{"line":25,"column":34}},"12":{"start":{"line":26,"column":4},"end":{"line":26,"column":17}},"13":{"start":{"line":29,"column":16},"end":{"line":32,"column":3}},"14":{"start":{"line":34,"column":2},"end":{"line":37,"column":3}},"15":{"start":{"line":35,"column":4},"end":{"line":35,"column":34}},"16":{"start":{"line":36,"column":4},"end":{"line":36,"column":17}},"17":{"start":{"line":39,"column":2},"end":{"line":39,"column":14}},"18":{"start":{"line":42,"column":0},"end":{"line":45,"column":2}}},"fnMap":{"0":{"name":"generateOneTimeToken","decl":{"start":{"line":5,"column":15},"end":{"line":5,"column":35}},"loc":{"start":{"line":5,"column":38},"end":{"line":12,"column":1}},"line":5},"1":{"name":"verifyOneTimeToken","decl":{"start":{"line":14,"column":15},"end":{"line":14,"column":33}},"loc":{"start":{"line":14,"column":49},"end":{"line":40,"column":1}},"line":14}},"branchMap":{"0":{"loc":{"start":{"line":16,"column":2},"end":{"line":16,"column":39}},"type":"if","locations":[{"start":{"line":16,"column":2},"end":{"line":16,"column":39}},{"start":{},"end":{}}],"line":16},"1":{"loc":{"start":{"line":24,"column":2},"end":{"line":27,"column":3}},"type":"if","locations":[{"start":{"line":24,"column":2},"end":{"line":27,"column":3}},{"start":{},"end":{}}],"line":24},"2":{"loc":{"start":{"line":34,"column":2},"end":{"line":37,"column":3}},"type":"if","locations":[{"start":{"line":34,"column":2},"end":{"line":37,"column":3}},{"start":{},"end":{}}],"line":34}},"s":{"0":10,"1":10,"2":4,"3":4,"4":4,"5":0,"6":0,"7":0,"8":0,"9":0,"10":0,"11":0,"12":0,"13":0,"14":0,"15":0,"16":0,"17":0,"18":10},"f":{"0":4,"1":0},"b":{"0":[0,0],"1":[0,0],"2":[0,0]},"_coverageSchema":"1a1c01bbd47fc00a2c39e90264f33305004495a9","hash":"33b4ab2024389ceb60b08ca671505ed435a8f3b6"}
,"D:\\GitHub\\Diploma-Work\\backend\\tests\\helpers\\entitiesHelper.js": {"path":"D:\\GitHub\\Diploma-Work\\backend\\tests\\helpers\\entitiesHelper.js","statementMap":{"0":{"start":{"line":1,"column":14},"end":{"line":1,"column":47}},"1":{"start":{"line":2,"column":18},"end":{"line":2,"column":55}},"2":{"start":{"line":3,"column":17},"end":{"line":3,"column":53}},"3":{"start":{"line":4,"column":13},"end":{"line":4,"column":45}},"4":{"start":{"line":5,"column":13},"end":{"line":5,"column":45}},"5":{"start":{"line":6,"column":15},"end":{"line":6,"column":49}},"6":{"start":{"line":8,"column":21},"end":{"line":20,"column":1}},"7":{"start":{"line":9,"column":2},"end":{"line":19,"column":3}},"8":{"start":{"line":10,"column":17},"end":{"line":13,"column":5}},"9":{"start":{"line":14,"column":19},"end":{"line":14,"column":44}},"10":{"start":{"line":15,"column":4},"end":{"line":15,"column":18}},"11":{"start":{"line":17,"column":4},"end":{"line":17,"column":51}},"12":{"start":{"line":18,"column":4},"end":{"line":18,"column":16}},"13":{"start":{"line":22,"column":19},"end":{"line":35,"column":1}},"14":{"start":{"line":23,"column":2},"end":{"line":34,"column":3}},"15":{"start":{"line":24,"column":17},"end":{"line":28,"column":5}},"16":{"start":{"line":29,"column":17},"end":{"line":29,"column":40}},"17":{"start":{"line":30,"column":4},"end":{"line":30,"column":16}},"18":{"start":{"line":32,"column":4},"end":{"line":32,"column":49}},"19":{"start":{"line":33,"column":4},"end":{"line":33,"column":16}},"20":{"start":{"line":37,"column":20},"end":{"line":51,"column":1}},"21":{"start":{"line":38,"column":2},"end":{"line":50,"column":3}},"22":{"start":{"line":39,"column":17},"end":{"line":44,"column":5}},"23":{"start":{"line":45,"column":18},"end":{"line":45,"column":42}},"24":{"start":{"line":46,"column":4},"end":{"line":46,"column":17}},"25":{"start":{"line":48,"column":4},"end":{"line":48,"column":50}},"26":{"start":{"line":49,"column":4},"end":{"line":49,"column":16}},"27":{"start":{"line":53,"column":23},"end":{"line":69,"column":1}},"28":{"start":{"line":54,"column":2},"end":{"line":68,"column":3}},"29":{"start":{"line":55,"column":17},"end":{"line":62,"column":5}},"30":{"start":{"line":63,"column":21},"end":{"line":63,"column":48}},"31":{"start":{"line":64,"column":4},"end":{"line":64,"column":20}},"32":{"start":{"line":66,"column":4},"end":{"line":66,"column":53}},"33":{"start":{"line":67,"column":4},"end":{"line":67,"column":16}},"34":{"start":{"line":71,"column":24},"end":{"line":92,"column":1}},"35":{"start":{"line":76,"column":2},"end":{"line":91,"column":3}},"36":{"start":{"line":77,"column":17},"end":{"line":81,"column":5}},"37":{"start":{"line":82,"column":22},"end":{"line":85,"column":5}},"38":{"start":{"line":87,"column":4},"end":{"line":87,"column":21}},"39":{"start":{"line":89,"column":4},"end":{"line":89,"column":55}},"40":{"start":{"line":90,"column":4},"end":{"line":90,"column":16}},"41":{"start":{"line":94,"column":17},"end":{"line":113,"column":1}},"42":{"start":{"line":100,"column":2},"end":{"line":112,"column":3}},"43":{"start":{"line":101,"column":17},"end":{"line":106,"column":5}},"44":{"start":{"line":107,"column":17},"end":{"line":107,"column":38}},"45":{"start":{"line":108,"column":4},"end":{"line":108,"column":16}},"46":{"start":{"line":110,"column":4},"end":{"line":110,"column":48}},"47":{"start":{"line":111,"column":4},"end":{"line":111,"column":16}},"48":{"start":{"line":115,"column":0},"end":{"line":122,"column":2}}},"fnMap":{"0":{"name":"(anonymous_0)","decl":{"start":{"line":8,"column":21},"end":{"line":8,"column":22}},"loc":{"start":{"line":8,"column":47},"end":{"line":20,"column":1}},"line":8},"1":{"name":"(anonymous_1)","decl":{"start":{"line":22,"column":19},"end":{"line":22,"column":20}},"loc":{"start":{"line":22,"column":45},"end":{"line":35,"column":1}},"line":22},"2":{"name":"(anonymous_2)","decl":{"start":{"line":37,"column":20},"end":{"line":37,"column":21}},"loc":{"start":{"line":37,"column":46},"end":{"line":51,"column":1}},"line":37},"3":{"name":"(anonymous_3)","decl":{"start":{"line":53,"column":23},"end":{"line":53,"column":24}},"loc":{"start":{"line":53,"column":49},"end":{"line":69,"column":1}},"line":53},"4":{"name":"(anonymous_4)","decl":{"start":{"line":71,"column":24},"end":{"line":71,"column":25}},"loc":{"start":{"line":75,"column":5},"end":{"line":92,"column":1}},"line":75},"5":{"name":"(anonymous_5)","decl":{"start":{"line":94,"column":17},"end":{"line":94,"column":18}},"loc":{"start":{"line":99,"column":5},"end":{"line":113,"column":1}},"line":99}},"branchMap":{"0":{"loc":{"start":{"line":8,"column":28},"end":{"line":8,"column":42}},"type":"default-arg","locations":[{"start":{"line":8,"column":40},"end":{"line":8,"column":42}}],"line":8},"1":{"loc":{"start":{"line":22,"column":26},"end":{"line":22,"column":40}},"type":"default-arg","locations":[{"start":{"line":22,"column":38},"end":{"line":22,"column":40}}],"line":22},"2":{"loc":{"start":{"line":37,"column":27},"end":{"line":37,"column":41}},"type":"default-arg","locations":[{"start":{"line":37,"column":39},"end":{"line":37,"column":41}}],"line":37},"3":{"loc":{"start":{"line":53,"column":30},"end":{"line":53,"column":44}},"type":"default-arg","locations":[{"start":{"line":53,"column":42},"end":{"line":53,"column":44}}],"line":53},"4":{"loc":{"start":{"line":72,"column":2},"end":{"line":72,"column":16}},"type":"default-arg","locations":[{"start":{"line":72,"column":15},"end":{"line":72,"column":16}}],"line":72},"5":{"loc":{"start":{"line":73,"column":2},"end":{"line":73,"column":17}},"type":"default-arg","locations":[{"start":{"line":73,"column":16},"end":{"line":73,"column":17}}],"line":73},"6":{"loc":{"start":{"line":74,"column":2},"end":{"line":74,"column":16}},"type":"default-arg","locations":[{"start":{"line":74,"column":14},"end":{"line":74,"column":16}}],"line":74},"7":{"loc":{"start":{"line":95,"column":2},"end":{"line":95,"column":15}},"type":"default-arg","locations":[{"start":{"line":95,"column":10},"end":{"line":95,"column":15}}],"line":95},"8":{"loc":{"start":{"line":96,"column":2},"end":{"line":96,"column":16}},"type":"default-arg","locations":[{"start":{"line":96,"column":15},"end":{"line":96,"column":16}}],"line":96},"9":{"loc":{"start":{"line":97,"column":2},"end":{"line":97,"column":17}},"type":"default-arg","locations":[{"start":{"line":97,"column":16},"end":{"line":97,"column":17}}],"line":97},"10":{"loc":{"start":{"line":98,"column":2},"end":{"line":98,"column":12}},"type":"default-arg","locations":[{"start":{"line":98,"column":11},"end":{"line":98,"column":12}}],"line":98}},"s":{"0":10,"1":10,"2":10,"3":10,"4":10,"5":10,"6":10,"7":131,"8":131,"9":131,"10":131,"11":0,"12":0,"13":10,"14":131,"15":131,"16":131,"17":131,"18":0,"19":0,"20":10,"21":11,"22":11,"23":11,"24":11,"25":0,"26":0,"27":10,"28":47,"29":47,"30":47,"31":47,"32":0,"33":0,"34":10,"35":22,"36":22,"37":22,"38":22,"39":0,"40":0,"41":10,"42":8,"43":8,"44":8,"45":8,"46":0,"47":0,"48":10},"f":{"0":131,"1":131,"2":11,"3":47,"4":22,"5":8},"b":{"0":[104],"1":[104],"2":[11],"3":[9],"4":[0],"5":[0],"6":[22],"7":[0],"8":[0],"9":[0],"10":[0]},"_coverageSchema":"1a1c01bbd47fc00a2c39e90264f33305004495a9","hash":"bac73d21a2da657e243ea09425def1b9157d1cbe"}
,"D:\\GitHub\\Diploma-Work\\backend\\tests\\helpers\\tokenHelper.js": {"path":"D:\\GitHub\\Diploma-Work\\backend\\tests\\helpers\\tokenHelper.js","statementMap":{"0":{"start":{"line":1,"column":12},"end":{"line":1,"column":35}},"1":{"start":{"line":3,"column":19},"end":{"line":3,"column":41}},"2":{"start":{"line":5,"column":22},"end":{"line":8,"column":1}},"3":{"start":{"line":6,"column":25},"end":{"line":6,"column":44}},"4":{"start":{"line":7,"column":2},"end":{"line":7,"column":74}},"5":{"start":{"line":10,"column":22},"end":{"line":19,"column":1}},"6":{"start":{"line":11,"column":18},"end":{"line":17,"column":3}},"7":{"start":{"line":18,"column":2},"end":{"line":18,"column":32}},"8":{"start":{"line":21,"column":24},"end":{"line":30,"column":1}},"9":{"start":{"line":22,"column":18},"end":{"line":28,"column":3}},"10":{"start":{"line":29,"column":2},"end":{"line":29,"column":32}},"11":{"start":{"line":32,"column":21},"end":{"line":41,"column":1}},"12":{"start":{"line":33,"column":18},"end":{"line":39,"column":3}},"13":{"start":{"line":40,"column":2},"end":{"line":40,"column":32}},"14":{"start":{"line":43,"column":0},"end":{"line":47,"column":2}}},"fnMap":{"0":{"name":"(anonymous_0)","decl":{"start":{"line":5,"column":22},"end":{"line":5,"column":23}},"loc":{"start":{"line":5,"column":49},"end":{"line":8,"column":1}},"line":5},"1":{"name":"(anonymous_1)","decl":{"start":{"line":10,"column":22},"end":{"line":10,"column":23}},"loc":{"start":{"line":10,"column":42},"end":{"line":19,"column":1}},"line":10},"2":{"name":"(anonymous_2)","decl":{"start":{"line":21,"column":24},"end":{"line":21,"column":25}},"loc":{"start":{"line":21,"column":44},"end":{"line":30,"column":1}},"line":21},"3":{"name":"(anonymous_3)","decl":{"start":{"line":32,"column":21},"end":{"line":32,"column":22}},"loc":{"start":{"line":32,"column":41},"end":{"line":41,"column":1}},"line":32}},"branchMap":{"0":{"loc":{"start":{"line":5,"column":32},"end":{"line":5,"column":44}},"type":"default-arg","locations":[{"start":{"line":5,"column":42},"end":{"line":5,"column":44}}],"line":5},"1":{"loc":{"start":{"line":10,"column":23},"end":{"line":10,"column":37}},"type":"default-arg","locations":[{"start":{"line":10,"column":35},"end":{"line":10,"column":37}}],"line":10},"2":{"loc":{"start":{"line":21,"column":25},"end":{"line":21,"column":39}},"type":"default-arg","locations":[{"start":{"line":21,"column":37},"end":{"line":21,"column":39}}],"line":21},"3":{"loc":{"start":{"line":32,"column":22},"end":{"line":32,"column":36}},"type":"default-arg","locations":[{"start":{"line":32,"column":34},"end":{"line":32,"column":36}}],"line":32}},"s":{"0":9,"1":9,"2":9,"3":111,"4":111,"5":9,"6":28,"7":28,"8":9,"9":1,"10":1,"11":9,"12":82,"13":82,"14":9},"f":{"0":111,"1":28,"2":1,"3":82},"b":{"0":[111],"1":[28],"2":[0],"3":[4]},"_coverageSchema":"1a1c01bbd47fc00a2c39e90264f33305004495a9","hash":"07bc7b5bcaf14429f73afced5b4028115fb54101"}
,"D:\\GitHub\\Diploma-Work\\backend\\tests\\helpers\\usersHelper.js": {"path":"D:\\GitHub\\Diploma-Work\\backend\\tests\\helpers\\usersHelper.js","statementMap":{"0":{"start":{"line":1,"column":13},"end":{"line":1,"column":45}},"1":{"start":{"line":2,"column":18},"end":{"line":2,"column":55}},"2":{"start":{"line":3,"column":15},"end":{"line":3,"column":32}},"3":{"start":{"line":5,"column":20},"end":{"line":12,"column":1}},"4":{"start":{"line":14,"column":24},"end":{"line":16,"column":1}},"5":{"start":{"line":15,"column":2},"end":{"line":15,"column":50}},"6":{"start":{"line":18,"column":23},"end":{"line":20,"column":1}},"7":{"start":{"line":19,"column":2},"end":{"line":19,"column":46}},"8":{"start":{"line":22,"column":23},"end":{"line":31,"column":1}},"9":{"start":{"line":23,"column":2},"end":{"line":30,"column":4}},"10":{"start":{"line":33,"column":19},"end":{"line":43,"column":1}},"11":{"start":{"line":34,"column":2},"end":{"line":42,"column":3}},"12":{"start":{"line":35,"column":17},"end":{"line":35,"column":48}},"13":{"start":{"line":36,"column":27},"end":{"line":36,"column":63}},"14":{"start":{"line":37,"column":17},"end":{"line":37,"column":78}},"15":{"start":{"line":38,"column":4},"end":{"line":38,"column":16}},"16":{"start":{"line":40,"column":4},"end":{"line":40,"column":52}},"17":{"start":{"line":41,"column":4},"end":{"line":41,"column":16}},"18":{"start":{"line":45,"column":20},"end":{"line":47,"column":1}},"19":{"start":{"line":46,"column":2},"end":{"line":46,"column":40}},"20":{"start":{"line":49,"column":22},"end":{"line":51,"column":1}},"21":{"start":{"line":50,"column":2},"end":{"line":50,"column":42}},"22":{"start":{"line":53,"column":27},"end":{"line":55,"column":1}},"23":{"start":{"line":54,"column":2},"end":{"line":54,"column":39}},"24":{"start":{"line":57,"column":24},"end":{"line":72,"column":1}},"25":{"start":{"line":58,"column":2},"end":{"line":71,"column":3}},"26":{"start":{"line":59,"column":17},"end":{"line":59,"column":43}},"27":{"start":{"line":60,"column":25},"end":{"line":65,"column":5}},"28":{"start":{"line":66,"column":22},"end":{"line":66,"column":58}},"29":{"start":{"line":67,"column":4},"end":{"line":67,"column":21}},"30":{"start":{"line":69,"column":4},"end":{"line":69,"column":54}},"31":{"start":{"line":70,"column":4},"end":{"line":70,"column":16}},"32":{"start":{"line":74,"column":0},"end":{"line":79,"column":2}}},"fnMap":{"0":{"name":"(anonymous_0)","decl":{"start":{"line":14,"column":24},"end":{"line":14,"column":25}},"loc":{"start":{"line":14,"column":36},"end":{"line":16,"column":1}},"line":14},"1":{"name":"(anonymous_1)","decl":{"start":{"line":18,"column":23},"end":{"line":18,"column":24}},"loc":{"start":{"line":18,"column":29},"end":{"line":20,"column":1}},"line":18},"2":{"name":"(anonymous_2)","decl":{"start":{"line":22,"column":23},"end":{"line":22,"column":24}},"loc":{"start":{"line":22,"column":49},"end":{"line":31,"column":1}},"line":22},"3":{"name":"(anonymous_3)","decl":{"start":{"line":33,"column":19},"end":{"line":33,"column":20}},"loc":{"start":{"line":33,"column":51},"end":{"line":43,"column":1}},"line":33},"4":{"name":"(anonymous_4)","decl":{"start":{"line":45,"column":20},"end":{"line":45,"column":21}},"loc":{"start":{"line":45,"column":46},"end":{"line":47,"column":1}},"line":45},"5":{"name":"(anonymous_5)","decl":{"start":{"line":49,"column":22},"end":{"line":49,"column":23}},"loc":{"start":{"line":49,"column":48},"end":{"line":51,"column":1}},"line":49},"6":{"name":"(anonymous_6)","decl":{"start":{"line":53,"column":27},"end":{"line":53,"column":28}},"loc":{"start":{"line":53,"column":53},"end":{"line":55,"column":1}},"line":53},"7":{"name":"(anonymous_7)","decl":{"start":{"line":57,"column":24},"end":{"line":57,"column":25}},"loc":{"start":{"line":57,"column":50},"end":{"line":72,"column":1}},"line":57}},"branchMap":{"0":{"loc":{"start":{"line":22,"column":30},"end":{"line":22,"column":44}},"type":"default-arg","locations":[{"start":{"line":22,"column":42},"end":{"line":22,"column":44}}],"line":22},"1":{"loc":{"start":{"line":33,"column":32},"end":{"line":33,"column":46}},"type":"default-arg","locations":[{"start":{"line":33,"column":44},"end":{"line":33,"column":46}}],"line":33},"2":{"loc":{"start":{"line":45,"column":27},"end":{"line":45,"column":41}},"type":"default-arg","locations":[{"start":{"line":45,"column":39},"end":{"line":45,"column":41}}],"line":45},"3":{"loc":{"start":{"line":49,"column":29},"end":{"line":49,"column":43}},"type":"default-arg","locations":[{"start":{"line":49,"column":41},"end":{"line":49,"column":43}}],"line":49},"4":{"loc":{"start":{"line":53,"column":34},"end":{"line":53,"column":48}},"type":"default-arg","locations":[{"start":{"line":53,"column":46},"end":{"line":53,"column":48}}],"line":53},"5":{"loc":{"start":{"line":57,"column":31},"end":{"line":57,"column":45}},"type":"default-arg","locations":[{"start":{"line":57,"column":43},"end":{"line":57,"column":45}}],"line":57}},"s":{"0":7,"1":7,"2":7,"3":7,"4":7,"5":327,"6":7,"7":109,"8":7,"9":109,"10":7,"11":109,"12":109,"13":109,"14":109,"15":109,"16":0,"17":0,"18":7,"19":0,"20":7,"21":1,"22":7,"23":108,"24":7,"25":34,"26":34,"27":34,"28":34,"29":34,"30":0,"31":0,"32":7},"f":{"0":327,"1":109,"2":109,"3":109,"4":0,"5":1,"6":108,"7":34},"b":{"0":[0],"1":[0],"2":[0],"3":[1],"4":[100],"5":[25]},"_coverageSchema":"1a1c01bbd47fc00a2c39e90264f33305004495a9","hash":"256b6ddd3917d060335a237323ca780b65ecf802"}
}
