TN:
SF:src\index.js
FN:35,(anonymous_0)
FN:90,(anonymous_1)
FN:112,(anonymous_2)
FNF:3
FNH:1
FNDA:134,(anonymous_0)
FNDA:0,(anonymous_1)
FNDA:0,(anonymous_2)
DA:1,10
DA:2,10
DA:3,10
DA:4,10
DA:5,10
DA:6,10
DA:7,10
DA:8,10
DA:9,10
DA:15,10
DA:16,10
DA:17,10
DA:18,10
DA:19,10
DA:20,10
DA:21,10
DA:22,10
DA:23,10
DA:24,10
DA:25,10
DA:27,10
DA:29,10
DA:34,10
DA:36,134
DA:37,134
DA:39,0
DA:49,10
DA:51,10
DA:75,10
DA:82,10
DA:84,10
DA:85,0
DA:87,10
DA:88,10
DA:90,10
DA:91,0
DA:94,10
DA:95,0
DA:98,10
DA:99,10
DA:100,10
DA:101,10
DA:102,10
DA:103,10
DA:104,10
DA:105,10
DA:106,10
DA:107,10
DA:109,10
DA:111,10
DA:112,0
DA:113,0
DA:117,10
LF:53
LH:47
BRDA:30,0,0,10
BRDA:30,0,1,0
BRDA:31,1,0,10
BRDA:31,1,1,0
BRDA:36,2,0,134
BRDA:36,2,1,0
BRDA:36,3,0,134
BRDA:36,3,1,0
BRDA:84,4,0,0
BRDA:84,4,1,10
BRDA:94,5,0,0
BRDA:94,5,1,10
BRDA:109,6,0,10
BRDA:109,6,1,0
BRDA:111,7,0,0
BRDA:111,7,1,10
BRF:16
BRH:8
end_of_record
TN:
SF:src\api\controllers\adminController.js
FN:14,(anonymous_0)
FN:23,(anonymous_1)
FN:127,(anonymous_2)
FN:141,(anonymous_3)
FN:168,(anonymous_4)
FN:177,(anonymous_5)
FN:192,(anonymous_6)
FN:225,(anonymous_7)
FNF:8
FNH:8
FNDA:1,(anonymous_0)
FNDA:6,(anonymous_1)
FNDA:4,(anonymous_2)
FNDA:5,(anonymous_3)
FNDA:1,(anonymous_4)
FNDA:2,(anonymous_5)
FNDA:4,(anonymous_6)
FNDA:4,(anonymous_7)
DA:1,10
DA:2,10
DA:3,10
DA:4,10
DA:12,10
DA:14,10
DA:15,1
DA:16,1
DA:17,1
DA:19,0
DA:23,10
DA:24,6
DA:36,6
DA:39,6
DA:49,1
DA:52,5
DA:53,5
DA:54,1
DA:58,4
DA:59,4
DA:60,1
DA:64,3
DA:65,3
DA:66,1
DA:70,2
DA:71,0
DA:73,2
DA:74,0
DA:76,2
DA:77,0
DA:79,2
DA:80,0
DA:82,2
DA:83,0
DA:87,2
DA:88,2
DA:89,1
DA:91,1
DA:92,0
DA:94,1
DA:95,0
DA:97,1
DA:98,0
DA:104,1
DA:106,1
DA:119,1
DA:121,1
DA:123,0
DA:127,10
DA:128,4
DA:129,4
DA:130,4
DA:131,4
DA:132,2
DA:134,2
DA:135,2
DA:137,0
DA:141,10
DA:142,5
DA:143,5
DA:144,5
DA:145,5
DA:146,5
DA:147,1
DA:149,4
DA:150,4
DA:151,4
DA:152,4
DA:153,1
DA:155,3
DA:156,1
DA:158,2
DA:159,1
DA:161,1
DA:162,1
DA:164,0
DA:168,10
DA:169,1
DA:170,1
DA:171,1
DA:173,0
DA:177,10
DA:178,2
DA:179,2
DA:180,2
DA:182,2
DA:183,1
DA:186,1
DA:188,0
DA:192,10
DA:193,4
DA:194,4
DA:196,4
DA:197,4
DA:198,1
DA:201,3
DA:202,1
DA:205,2
DA:206,2
DA:208,2
DA:210,2
DA:215,2
DA:220,0
DA:221,0
DA:225,10
DA:226,4
DA:227,4
DA:229,4
DA:230,4
DA:231,1
DA:234,3
DA:235,1
DA:238,2
DA:243,2
DA:248,0
DA:249,0
LF:116
LH:98
BRDA:39,0,0,1
BRDA:39,0,1,5
BRDA:40,1,0,6
BRDA:40,1,1,5
BRDA:40,1,2,5
BRDA:40,1,3,5
BRDA:40,1,4,5
BRDA:40,1,5,5
BRDA:40,1,6,5
BRDA:40,1,7,5
BRDA:53,2,0,1
BRDA:53,2,1,4
BRDA:59,3,0,1
BRDA:59,3,1,3
BRDA:65,4,0,1
BRDA:65,4,1,2
BRDA:70,5,0,0
BRDA:70,5,1,2
BRDA:73,6,0,0
BRDA:73,6,1,2
BRDA:76,7,0,0
BRDA:76,7,1,2
BRDA:79,8,0,0
BRDA:79,8,1,2
BRDA:79,9,0,2
BRDA:79,9,1,2
BRDA:82,10,0,0
BRDA:82,10,1,2
BRDA:88,11,0,1
BRDA:88,11,1,1
BRDA:91,12,0,0
BRDA:91,12,1,1
BRDA:94,13,0,0
BRDA:94,13,1,1
BRDA:97,14,0,0
BRDA:97,14,1,1
BRDA:131,15,0,2
BRDA:131,15,1,2
BRDA:146,16,0,1
BRDA:146,16,1,4
BRDA:152,17,0,1
BRDA:152,17,1,3
BRDA:152,18,0,4
BRDA:152,18,1,1
BRDA:155,19,0,1
BRDA:155,19,1,2
BRDA:155,20,0,3
BRDA:155,20,1,1
BRDA:158,21,0,1
BRDA:158,21,1,1
BRDA:158,22,0,2
BRDA:158,22,1,1
BRDA:182,23,0,1
BRDA:182,23,1,1
BRDA:197,24,0,1
BRDA:197,24,1,3
BRDA:201,25,0,1
BRDA:201,25,1,2
BRDA:230,26,0,1
BRDA:230,26,1,3
BRDA:234,27,0,1
BRDA:234,27,1,2
BRF:62
BRH:54
end_of_record
TN:
SF:src\api\controllers\authController.js
FN:15,(anonymous_0)
FN:127,(anonymous_1)
FN:162,(anonymous_2)
FNF:3
FNH:3
FNDA:14,(anonymous_0)
FNDA:9,(anonymous_1)
FNDA:1,(anonymous_2)
DA:1,10
DA:2,10
DA:3,10
DA:4,10
DA:5,10
DA:13,10
DA:15,10
DA:16,14
DA:28,14
DA:31,14
DA:41,0
DA:45,14
DA:46,0
DA:48,14
DA:49,0
DA:51,14
DA:52,0
DA:54,14
DA:55,0
DA:57,14
DA:58,0
DA:62,14
DA:63,14
DA:64,14
DA:65,1
DA:69,13
DA:70,0
DA:72,13
DA:73,0
DA:75,13
DA:76,0
DA:81,13
DA:82,13
DA:83,1
DA:87,12
DA:88,12
DA:89,1
DA:94,11
DA:95,0
DA:96,0
DA:98,0
DA:99,0
DA:100,0
DA:104,11
DA:106,11
DA:119,11
DA:121,11
DA:123,0
DA:127,10
DA:128,9
DA:129,9
DA:130,9
DA:131,8
DA:132,8
DA:136,3
DA:138,5
DA:139,5
DA:151,5
DA:156,5
DA:158,1
DA:162,10
DA:163,1
DA:164,1
DA:165,1
DA:167,0
LF:65
LH:49
BRDA:31,0,0,0
BRDA:31,0,1,14
BRDA:32,1,0,14
BRDA:32,1,1,14
BRDA:32,1,2,14
BRDA:32,1,3,14
BRDA:32,1,4,14
BRDA:32,1,5,14
BRDA:32,1,6,14
BRDA:32,1,7,14
BRDA:45,2,0,0
BRDA:45,2,1,14
BRDA:48,3,0,0
BRDA:48,3,1,14
BRDA:51,4,0,0
BRDA:51,4,1,14
BRDA:54,5,0,0
BRDA:54,5,1,14
BRDA:54,6,0,14
BRDA:54,6,1,14
BRDA:57,7,0,0
BRDA:57,7,1,14
BRDA:64,8,0,1
BRDA:64,8,1,13
BRDA:64,9,0,14
BRDA:64,9,1,14
BRDA:69,10,0,0
BRDA:69,10,1,13
BRDA:72,11,0,0
BRDA:72,11,1,13
BRDA:75,12,0,0
BRDA:75,12,1,13
BRDA:82,13,0,1
BRDA:82,13,1,12
BRDA:88,14,0,1
BRDA:88,14,1,11
BRDA:94,15,0,0
BRDA:94,15,1,11
BRDA:95,16,0,0
BRDA:95,16,1,0
BRDA:99,17,0,0
BRDA:99,17,1,0
BRDA:132,18,0,3
BRDA:132,18,1,5
BRDA:133,19,0,8
BRDA:133,19,1,6
BRF:46
BRH:32
end_of_record
TN:
SF:src\api\controllers\candidatesController.js
FN:3,(anonymous_0)
FN:12,(anonymous_1)
FNF:2
FNH:2
FNDA:1,(anonymous_0)
FNDA:1,(anonymous_1)
DA:1,10
DA:3,10
DA:4,1
DA:5,1
DA:6,1
DA:8,0
DA:12,10
DA:13,1
DA:14,1
DA:15,1
DA:16,1
DA:18,0
DA:19,0
LF:13
LH:10
BRF:0
BRH:0
end_of_record
TN:
SF:src\api\controllers\electionsController.js
FN:3,(anonymous_0)
FN:12,(anonymous_1)
FN:23,(anonymous_2)
FN:33,(anonymous_3)
FN:43,(anonymous_4)
FNF:5
FNH:5
FNDA:1,(anonymous_0)
FNDA:1,(anonymous_1)
FNDA:2,(anonymous_2)
FNDA:2,(anonymous_3)
FNDA:2,(anonymous_4)
DA:1,10
DA:3,10
DA:4,1
DA:5,1
DA:6,1
DA:8,0
DA:12,10
DA:13,1
DA:14,1
DA:15,1
DA:16,1
DA:17,1
DA:19,0
DA:23,10
DA:24,2
DA:25,2
DA:26,2
DA:27,2
DA:29,0
DA:33,10
DA:34,2
DA:35,2
DA:36,2
DA:37,1
DA:39,1
DA:43,10
DA:44,2
DA:45,2
DA:46,2
DA:47,1
DA:49,1
LF:31
LH:28
BRF:0
BRH:0
end_of_record
TN:
SF:src\api\controllers\eventsController.js
FN:3,(anonymous_0)
FNF:1
FNH:1
FNDA:1,(anonymous_0)
DA:1,10
DA:3,10
DA:4,1
DA:5,1
DA:6,1
DA:8,0
LF:6
LH:5
BRF:0
BRH:0
end_of_record
TN:
SF:src\api\controllers\locationsController.js
FN:4,(anonymous_0)
FN:14,(anonymous_1)
FN:24,(anonymous_2)
FN:33,(anonymous_3)
FNF:4
FNH:4
FNDA:1,(anonymous_0)
FNDA:1,(anonymous_1)
FNDA:1,(anonymous_2)
FNDA:1,(anonymous_3)
DA:1,10
DA:2,10
DA:4,10
DA:5,1
DA:6,1
DA:7,1
DA:8,1
DA:10,0
DA:14,10
DA:15,1
DA:16,1
DA:17,1
DA:18,1
DA:20,0
DA:24,10
DA:25,1
DA:26,1
DA:27,1
DA:29,0
DA:33,10
DA:34,1
DA:35,1
DA:36,1
DA:38,0
LF:24
LH:20
BRF:0
BRH:0
end_of_record
TN:
SF:src\api\controllers\managerController.js
FN:5,(anonymous_0)
FN:21,(anonymous_1)
FN:31,(anonymous_2)
FN:57,(anonymous_3)
FN:67,(anonymous_4)
FN:98,(anonymous_5)
FN:111,(anonymous_6)
FN:121,(anonymous_7)
FN:138,(anonymous_8)
FNF:9
FNH:9
FNDA:1,(anonymous_0)
FNDA:1,(anonymous_1)
FNDA:1,(anonymous_2)
FNDA:1,(anonymous_3)
FNDA:1,(anonymous_4)
FNDA:1,(anonymous_5)
FNDA:1,(anonymous_6)
FNDA:1,(anonymous_7)
FNDA:1,(anonymous_8)
DA:1,10
DA:2,10
DA:3,10
DA:5,10
DA:6,1
DA:7,1
DA:8,1
DA:15,1
DA:17,0
DA:21,10
DA:22,1
DA:23,1
DA:24,1
DA:25,1
DA:27,0
DA:31,10
DA:32,1
DA:41,1
DA:42,1
DA:51,1
DA:53,0
DA:57,10
DA:58,1
DA:59,1
DA:60,1
DA:61,1
DA:63,0
DA:67,10
DA:68,1
DA:69,1
DA:78,1
DA:80,1
DA:81,1
DA:82,1
DA:83,1
DA:84,1
DA:85,1
DA:86,1
DA:87,0
DA:88,1
DA:89,0
DA:91,1
DA:92,1
DA:94,0
DA:98,10
DA:99,1
DA:100,1
DA:101,1
DA:105,1
DA:107,0
DA:111,10
DA:112,1
DA:113,1
DA:114,1
DA:115,1
DA:117,0
DA:121,10
DA:122,1
DA:123,1
DA:124,1
DA:126,1
DA:127,1
DA:128,1
DA:129,1
DA:131,1
DA:132,1
DA:134,0
DA:138,10
DA:139,1
DA:140,1
DA:141,1
DA:142,1
DA:144,0
LF:73
LH:62
BRDA:81,0,0,0
BRDA:81,0,1,1
BRDA:82,1,0,0
BRDA:82,1,1,1
BRDA:83,2,0,1
BRDA:83,2,1,0
BRDA:84,3,0,1
BRDA:84,3,1,0
BRDA:85,4,0,0
BRDA:85,4,1,1
BRDA:86,5,0,0
BRDA:86,5,1,1
BRDA:88,6,0,0
BRDA:88,6,1,1
BRDA:127,7,0,1
BRDA:127,7,1,0
BRDA:128,8,0,1
BRDA:128,8,1,0
BRDA:129,9,0,1
BRDA:129,9,1,0
BRF:20
BRH:10
end_of_record
TN:
SF:src\api\controllers\otpController.js
FN:4,(anonymous_0)
FNF:1
FNH:0
FNDA:0,(anonymous_0)
DA:1,10
DA:2,10
DA:4,10
DA:5,0
DA:6,0
DA:7,0
DA:9,0
DA:10,0
DA:13,0
DA:14,0
DA:15,0
DA:17,0
DA:18,0
DA:19,0
LF:14
LH:3
BRDA:6,0,0,0
BRDA:6,0,1,0
BRDA:9,1,0,0
BRDA:9,1,1,0
BRDA:18,2,0,0
BRDA:18,2,1,0
BRF:6
BRH:0
end_of_record
TN:
SF:src\api\controllers\usersController.js
FN:10,(anonymous_0)
FN:20,(anonymous_1)
FN:95,(anonymous_2)
FNF:3
FNH:3
FNDA:3,(anonymous_0)
FNDA:14,(anonymous_1)
FNDA:1,(anonymous_2)
DA:1,10
DA:2,10
DA:8,10
DA:10,10
DA:11,3
DA:12,3
DA:13,3
DA:14,3
DA:16,0
DA:20,10
DA:21,14
DA:22,14
DA:23,14
DA:25,14
DA:26,2
DA:29,12
DA:30,12
DA:31,0
DA:34,12
DA:35,1
DA:38,11
DA:39,0
DA:42,11
DA:43,0
DA:46,11
DA:47,0
DA:50,11
DA:51,0
DA:54,11
DA:55,1
DA:58,10
DA:66,10
DA:67,1
DA:70,9
DA:72,9
DA:73,1
DA:78,8
DA:85,8
DA:90,0
DA:91,0
DA:95,10
DA:96,1
DA:97,1
DA:98,1
DA:99,1
DA:101,0
LF:46
LH:37
BRDA:25,0,0,2
BRDA:25,0,1,12
BRDA:25,1,0,14
BRDA:25,1,1,13
BRDA:30,2,0,0
BRDA:30,2,1,12
BRDA:34,3,0,1
BRDA:34,3,1,11
BRDA:34,4,0,12
BRDA:34,4,1,10
BRDA:38,5,0,0
BRDA:38,5,1,11
BRDA:38,6,0,11
BRDA:38,6,1,0
BRDA:42,7,0,0
BRDA:42,7,1,11
BRDA:42,8,0,11
BRDA:42,8,1,0
BRDA:46,9,0,0
BRDA:46,9,1,11
BRDA:46,10,0,11
BRDA:46,10,1,0
BRDA:50,11,0,0
BRDA:50,11,1,11
BRDA:50,12,0,11
BRDA:50,12,1,0
BRDA:54,13,0,1
BRDA:54,13,1,10
BRDA:66,14,0,1
BRDA:66,14,1,9
BRDA:72,15,0,1
BRDA:72,15,1,8
BRF:32
BRH:23
end_of_record
TN:
SF:src\api\controllers\voteController.js
FN:6,(anonymous_0)
FN:55,(anonymous_1)
FN:66,(anonymous_2)
FN:81,(anonymous_3)
FNF:4
FNH:4
FNDA:7,(anonymous_0)
FNDA:2,(anonymous_1)
FNDA:2,(anonymous_2)
FNDA:2,(anonymous_3)
DA:1,10
DA:2,10
DA:3,10
DA:4,10
DA:6,10
DA:7,7
DA:8,7
DA:9,7
DA:11,7
DA:12,7
DA:13,1
DA:16,6
DA:17,6
DA:18,1
DA:21,5
DA:26,5
DA:27,1
DA:32,4
DA:33,0
DA:34,0
DA:36,0
DA:37,0
DA:38,0
DA:42,4
DA:43,4
DA:49,4
DA:51,0
DA:55,10
DA:56,2
DA:57,2
DA:58,2
DA:59,2
DA:60,2
DA:62,0
DA:66,10
DA:67,2
DA:68,2
DA:69,2
DA:70,2
DA:75,2
DA:77,0
DA:81,10
DA:82,2
DA:83,2
DA:84,2
DA:85,2
DA:86,1
DA:88,1
DA:90,0
LF:49
LH:40
BRDA:12,0,0,1
BRDA:12,0,1,6
BRDA:17,1,0,1
BRDA:17,1,1,5
BRDA:26,2,0,1
BRDA:26,2,1,4
BRDA:32,3,0,0
BRDA:32,3,1,4
BRDA:33,4,0,0
BRDA:33,4,1,0
BRDA:37,5,0,0
BRDA:37,5,1,0
BRDA:85,6,0,1
BRDA:85,6,1,1
BRF:14
BRH:9
end_of_record
TN:
SF:src\api\middlewares\authMiddleware.js
FN:3,(anonymous_0)
FN:18,(anonymous_1)
FN:25,(anonymous_2)
FN:32,(anonymous_3)
FNF:4
FNH:4
FNDA:101,(anonymous_0)
FNDA:35,(anonymous_1)
FNDA:9,(anonymous_2)
FNDA:25,(anonymous_3)
DA:1,10
DA:3,10
DA:4,101
DA:5,101
DA:6,18
DA:8,83
DA:9,83
DA:10,83
DA:11,83
DA:13,0
DA:14,0
DA:18,10
DA:19,35
DA:20,8
DA:22,27
DA:25,10
DA:26,9
DA:27,0
DA:29,9
DA:32,10
DA:33,25
DA:34,25
DA:35,2
DA:36,2
DA:37,2
DA:39,0
DA:42,23
LF:27
LH:23
BRDA:5,0,0,18
BRDA:5,0,1,83
BRDA:19,1,0,8
BRDA:19,1,1,27
BRDA:26,2,0,0
BRDA:26,2,1,9
BRDA:34,3,0,2
BRDA:34,3,1,23
BRF:8
BRH:7
end_of_record
TN:
SF:src\api\middlewares\citizenMiddleware.js
FN:3,checkCitizenCorrect
FNF:1
FNH:0
FNDA:0,checkCitizenCorrect
DA:1,10
DA:4,0
DA:5,0
DA:6,0
DA:7,0
DA:8,0
DA:12,0
DA:13,0
DA:17,0
DA:19,0
DA:20,0
DA:24,10
LF:12
LH:2
BRDA:7,0,0,0
BRDA:7,0,1,0
BRDA:7,1,0,0
BRDA:7,1,1,0
BRDA:12,2,0,0
BRDA:12,2,1,0
BRDA:12,3,0,0
BRDA:12,3,1,0
BRF:8
BRH:0
end_of_record
TN:
SF:src\api\routes\adminRoutes.js
FNF:0
FNH:0
DA:1,10
DA:2,10
DA:12,10
DA:79,10
DA:185,10
DA:286,10
DA:347,10
DA:406,10
DA:472,10
DA:530,10
DA:588,10
DA:590,10
LF:12
LH:12
BRF:0
BRH:0
end_of_record
TN:
SF:src\api\routes\authRoutes.js
FNF:0
FNH:0
DA:1,10
DA:2,10
DA:3,10
DA:7,10
DA:8,10
DA:112,10
DA:113,10
DA:115,0
DA:166,10
DA:192,10
DA:194,10
LF:11
LH:10
BRDA:112,0,0,10
BRDA:112,0,1,0
BRDA:112,1,0,10
BRDA:112,1,1,0
BRF:4
BRH:2
end_of_record
TN:
SF:src\api\routes\candidatesRoutes.js
FNF:0
FNH:0
DA:1,10
DA:2,10
DA:3,10
DA:81,10
DA:166,10
DA:168,10
LF:6
LH:6
BRF:0
BRH:0
end_of_record
TN:
SF:src\api\routes\electionsRoutes.js
FNF:0
FNH:0
DA:1,10
DA:2,10
DA:9,10
DA:10,10
DA:55,10
DA:98,10
DA:146,10
DA:207,10
DA:257,10
DA:259,10
LF:10
LH:10
BRF:0
BRH:0
end_of_record
TN:
SF:src\api\routes\eventsRoutes.js
FNF:0
FNH:0
DA:1,10
DA:2,10
DA:3,10
DA:45,10
DA:47,10
LF:5
LH:5
BRF:0
BRH:0
end_of_record
TN:
SF:src\api\routes\locationsRoutes.js
FNF:0
FNH:0
DA:1,10
DA:2,10
DA:8,10
DA:42,10
DA:73,10
DA:112,10
DA:148,10
DA:150,10
LF:8
LH:8
BRF:0
BRH:0
end_of_record
TN:
SF:src\api\routes\managerRoutes.js
FNF:0
FNH:0
DA:1,10
DA:2,10
DA:13,10
DA:83,10
DA:127,10
DA:200,10
DA:253,10
DA:293,10
DA:371,10
DA:435,10
DA:478,10
DA:538,10
DA:540,10
LF:13
LH:13
BRF:0
BRH:0
end_of_record
TN:
SF:src\api\routes\otpRoutes.js
FNF:0
FNH:0
DA:1,10
DA:2,10
DA:3,10
DA:42,10
DA:44,10
LF:5
LH:5
BRF:0
BRH:0
end_of_record
TN:
SF:src\api\routes\usersRoutes.js
FNF:0
FNH:0
DA:1,10
DA:2,10
DA:7,10
DA:58,10
DA:136,10
DA:184,10
DA:186,10
LF:7
LH:7
BRF:0
BRH:0
end_of_record
TN:
SF:src\api\routes\voteRoutes.js
FNF:0
FNH:0
DA:1,10
DA:2,10
DA:8,10
DA:56,10
DA:93,10
DA:143,10
DA:191,10
DA:193,10
LF:8
LH:8
BRF:0
BRH:0
end_of_record
TN:
SF:src\config\db.js
FNF:0
FNH:0
DA:1,11
DA:3,11
DA:11,11
LF:3
LH:3
BRF:0
BRH:0
end_of_record
TN:
SF:src\config\environment.js
FNF:0
FNH:0
DA:1,11
DA:2,11
DA:4,11
DA:5,11
LF:4
LH:4
BRDA:4,0,0,11
BRDA:4,0,1,0
BRF:2
BRH:1
end_of_record
TN:
SF:src\config\swagger.js
FNF:0
FNH:0
DA:1,10
DA:3,10
DA:30,10
DA:32,10
LF:4
LH:4
BRDA:13,0,0,10
BRDA:13,0,1,0
BRF:2
BRH:1
end_of_record
TN:
SF:src\models\Candidate.js
FN:4,(anonymous_0)
FN:21,(anonymous_1)
FN:30,(anonymous_2)
FN:57,(anonymous_3)
FN:85,(anonymous_4)
FN:93,(anonymous_5)
FN:96,(anonymous_6)
FNF:7
FNH:7
FNDA:35,(anonymous_0)
FNDA:23,(anonymous_1)
FNDA:1,(anonymous_2)
FNDA:8,(anonymous_3)
FNDA:1,(anonymous_4)
FNDA:1,(anonymous_5)
FNDA:2,(anonymous_6)
DA:1,10
DA:6,35
DA:7,35
DA:17,35
DA:18,35
DA:23,23
DA:24,23
DA:26,23
DA:27,23
DA:31,1
DA:53,1
DA:54,1
DA:58,8
DA:81,8
DA:82,8
DA:86,1
DA:90,1
DA:94,1
DA:95,1
DA:96,2
DA:97,1
DA:101,1
DA:102,1
DA:106,10
LF:24
LH:24
BRDA:9,0,0,35
BRDA:9,0,1,25
BRDA:12,1,0,35
BRDA:12,1,1,35
BRDA:13,2,0,35
BRDA:13,2,1,35
BRDA:14,3,0,35
BRDA:14,3,1,35
BRF:8
BRH:8
end_of_record
TN:
SF:src\models\City.js
FN:4,(anonymous_0)
FN:13,(anonymous_1)
FN:20,(anonymous_2)
FN:28,(anonymous_3)
FNF:4
FNH:3
FNDA:131,(anonymous_0)
FNDA:1,(anonymous_1)
FNDA:0,(anonymous_2)
FNDA:21,(anonymous_3)
DA:1,10
DA:6,131
DA:7,131
DA:9,131
DA:10,131
DA:14,1
DA:16,1
DA:17,1
DA:21,0
DA:22,0
DA:24,0
DA:25,0
DA:29,21
DA:30,21
DA:32,21
DA:33,21
DA:37,10
LF:17
LH:13
BRF:0
BRH:0
end_of_record
TN:
SF:src\models\Election.js
FN:5,(anonymous_0)
FN:28,(anonymous_1)
FN:35,(anonymous_2)
FN:43,(anonymous_3)
FN:73,(anonymous_4)
FN:92,(anonymous_5)
FN:101,(anonymous_6)
FNF:7
FNH:7
FNDA:48,(anonymous_0)
FNDA:1,(anonymous_1)
FNDA:2,(anonymous_2)
FNDA:2,(anonymous_3)
FNDA:2,(anonymous_4)
FNDA:1,(anonymous_5)
FNDA:1,(anonymous_6)
DA:1,10
DA:2,10
DA:7,48
DA:8,48
DA:16,48
DA:17,48
DA:19,48
DA:20,48
DA:22,48
DA:23,48
DA:25,48
DA:29,1
DA:31,1
DA:32,1
DA:36,2
DA:37,2
DA:39,2
DA:40,1
DA:44,2
DA:69,2
DA:70,1
DA:74,2
DA:88,2
DA:89,2
DA:94,1
DA:95,1
DA:97,1
DA:98,1
DA:102,1
DA:103,1
DA:105,1
DA:106,1
DA:110,10
LF:33
LH:33
BRDA:19,0,0,48
BRDA:19,0,1,0
BRDA:22,1,0,48
BRDA:22,1,1,0
BRF:4
BRH:2
end_of_record
TN:
SF:src\models\Event.js
FN:4,(anonymous_0)
FN:13,(anonymous_1)
FN:21,(anonymous_2)
FN:30,(anonymous_3)
FN:38,(anonymous_4)
FN:41,(anonymous_5)
FNF:6
FNH:5
FNDA:12,(anonymous_0)
FNDA:1,(anonymous_1)
FNDA:0,(anonymous_2)
FNDA:1,(anonymous_3)
FNDA:1,(anonymous_4)
FNDA:3,(anonymous_5)
DA:1,10
DA:6,12
DA:7,12
DA:9,12
DA:10,12
DA:15,1
DA:17,1
DA:18,1
DA:23,0
DA:24,0
DA:26,0
DA:27,0
DA:31,1
DA:35,1
DA:39,1
DA:40,1
DA:41,3
DA:42,1
DA:46,1
DA:47,1
DA:51,10
LF:21
LH:17
BRF:0
BRH:0
end_of_record
TN:
SF:src\models\ProfileChangeRequest.js
FN:4,(anonymous_0)
FN:18,(anonymous_1)
FN:29,(anonymous_2)
FN:41,(anonymous_3)
FN:49,(anonymous_4)
FNF:5
FNH:5
FNDA:8,(anonymous_0)
FNDA:1,(anonymous_1)
FNDA:10,(anonymous_2)
FNDA:1,(anonymous_3)
FNDA:4,(anonymous_4)
DA:1,10
DA:6,8
DA:7,8
DA:14,8
DA:15,8
DA:19,1
DA:25,1
DA:26,1
DA:30,10
DA:36,10
DA:37,10
DA:38,10
DA:43,1
DA:44,1
DA:45,1
DA:46,1
DA:51,4
DA:52,4
DA:53,4
DA:54,4
DA:58,10
LF:21
LH:21
BRF:0
BRH:0
end_of_record
TN:
SF:src\models\Region.js
FN:4,(anonymous_0)
FN:12,(anonymous_1)
FN:19,(anonymous_2)
FN:27,(anonymous_3)
FNF:4
FNH:3
FNDA:131,(anonymous_0)
FNDA:1,(anonymous_1)
FNDA:0,(anonymous_2)
FNDA:1,(anonymous_3)
DA:1,10
DA:5,131
DA:6,131
DA:8,131
DA:9,131
DA:13,1
DA:15,1
DA:16,1
DA:20,0
DA:21,0
DA:23,0
DA:24,0
DA:28,1
DA:29,1
DA:31,1
DA:32,1
DA:36,10
LF:17
LH:13
BRF:0
BRH:0
end_of_record
TN:
SF:src\models\User.js
FN:4,(anonymous_0)
FN:24,(anonymous_1)
FN:32,(anonymous_2)
FN:40,(anonymous_3)
FN:48,(anonymous_4)
FN:56,(anonymous_5)
FN:64,(anonymous_6)
FN:72,(anonymous_7)
FN:79,(anonymous_8)
FN:82,(anonymous_9)
FNF:10
FNH:10
FNDA:121,(anonymous_0)
FNDA:29,(anonymous_1)
FNDA:8,(anonymous_2)
FNDA:8,(anonymous_3)
FNDA:24,(anonymous_4)
FNDA:7,(anonymous_5)
FNDA:2,(anonymous_6)
FNDA:1,(anonymous_7)
FNDA:3,(anonymous_8)
FNDA:10,(anonymous_9)
DA:1,10
DA:6,121
DA:7,121
DA:20,121
DA:21,121
DA:25,29
DA:29,29
DA:33,8
DA:37,8
DA:41,8
DA:45,8
DA:49,24
DA:53,24
DA:57,7
DA:61,7
DA:65,2
DA:69,2
DA:73,1
DA:76,1
DA:80,3
DA:81,3
DA:82,10
DA:83,3
DA:86,3
DA:87,3
DA:91,10
LF:26
LH:26
BRDA:11,0,0,121
BRDA:11,0,1,0
BRF:2
BRH:1
end_of_record
TN:
SF:src\models\Vote.js
FN:4,(anonymous_0)
FN:12,(anonymous_1)
FN:23,(anonymous_2)
FN:30,(anonymous_3)
FNF:4
FNH:4
FNDA:8,(anonymous_0)
FNDA:7,(anonymous_1)
FNDA:2,(anonymous_2)
FNDA:12,(anonymous_3)
DA:1,10
DA:6,8
DA:7,8
DA:8,8
DA:9,8
DA:13,7
DA:18,7
DA:19,7
DA:20,7
DA:24,2
DA:25,2
DA:26,2
DA:27,2
DA:31,12
DA:32,12
DA:35,12
DA:36,12
DA:37,12
DA:40,12
DA:41,12
DA:42,12
DA:44,12
DA:45,12
DA:47,0
DA:48,0
DA:53,10
LF:26
LH:24
BRF:0
BRH:0
end_of_record
TN:
SF:src\services\egovService.js
FN:4,getAllCitizens
FN:9,getCitizenByIIN
FNF:2
FNH:0
FNDA:0,getAllCitizens
FNDA:0,getCitizenByIIN
DA:1,10
DA:2,10
DA:5,0
DA:6,0
DA:10,0
DA:11,0
DA:14,10
LF:7
LH:3
BRF:0
BRH:0
end_of_record
TN:
SF:src\services\otpService.js
FN:4,verifyOtp
FN:25,sendOtp
FNF:2
FNH:0
FNDA:0,verifyOtp
FNDA:0,sendOtp
DA:1,10
DA:2,10
DA:5,0
DA:6,0
DA:7,0
DA:9,0
DA:10,0
DA:11,0
DA:12,0
DA:13,0
DA:15,0
DA:16,0
DA:17,0
DA:19,0
DA:20,0
DA:21,0
DA:26,0
DA:27,0
DA:28,0
DA:30,0
DA:31,0
DA:32,0
DA:33,0
DA:34,0
DA:35,0
DA:37,0
DA:38,0
DA:39,0
DA:43,10
LF:29
LH:3
BRDA:9,0,0,0
BRDA:9,0,1,0
BRDA:11,1,0,0
BRDA:11,1,1,0
BRDA:12,2,0,0
BRDA:12,2,1,0
BRDA:12,3,0,0
BRDA:12,3,1,0
BRDA:30,4,0,0
BRDA:30,4,1,0
BRDA:32,5,0,0
BRDA:32,5,1,0
BRF:12
BRH:0
end_of_record
TN:
SF:src\utils\dataValidation.js
FN:3,(anonymous_0)
FN:12,(anonymous_1)
FN:21,(anonymous_2)
FN:25,(anonymous_3)
FN:34,(anonymous_4)
FN:38,(anonymous_5)
FN:45,(anonymous_6)
FN:53,(anonymous_7)
FNF:8
FNH:7
FNDA:54,(anonymous_0)
FNDA:0,(anonymous_1)
FNDA:20,(anonymous_2)
FNDA:5,(anonymous_3)
FNDA:27,(anonymous_4)
FNDA:20,(anonymous_5)
FNDA:17,(anonymous_6)
FNDA:20,(anonymous_7)
DA:1,11
DA:3,11
DA:4,54
DA:12,11
DA:13,0
DA:21,11
DA:22,20
DA:25,11
DA:26,5
DA:34,11
DA:35,27
DA:38,11
DA:39,20
DA:45,11
DA:46,17
DA:53,11
DA:54,20
DA:63,11
LF:18
LH:17
BRDA:3,0,0,54
BRDA:3,1,0,54
BRDA:5,2,0,54
BRDA:5,2,1,54
BRDA:5,2,2,53
BRDA:5,2,3,52
BRDA:12,3,0,0
BRDA:12,4,0,0
BRDA:14,5,0,0
BRDA:14,5,1,0
BRDA:14,5,2,0
BRDA:14,5,3,0
BRDA:22,6,0,20
BRDA:22,6,1,20
BRDA:25,7,0,5
BRDA:25,8,0,5
BRDA:27,9,0,5
BRDA:27,9,1,5
BRDA:27,9,2,4
BRDA:27,9,3,3
BRDA:35,10,0,27
BRDA:35,10,1,27
BRDA:40,11,0,20
BRDA:40,11,1,20
BRDA:47,12,0,17
BRDA:47,12,1,17
BRDA:47,12,2,16
BRDA:47,12,3,16
BRDA:55,13,0,20
BRDA:55,13,1,20
BRDA:55,13,2,15
BRDA:55,13,3,15
BRDA:55,13,4,15
BRF:33
BRH:27
end_of_record
TN:
SF:src\utils\dateHelper.js
FN:1,(anonymous_0)
FNF:1
FNH:1
FNDA:96,(anonymous_0)
DA:1,10
DA:2,96
DA:3,96
DA:4,96
DA:5,96
DA:6,96
LF:6
LH:6
BRF:0
BRH:0
end_of_record
TN:
SF:src\utils\voteToken.js
FN:5,generateOneTimeToken
FN:14,verifyOneTimeToken
FNF:2
FNH:1
FNDA:4,generateOneTimeToken
FNDA:0,verifyOneTimeToken
DA:1,10
DA:3,10
DA:6,4
DA:7,4
DA:11,4
DA:15,0
DA:16,0
DA:18,0
DA:19,0
DA:24,0
DA:25,0
DA:26,0
DA:29,0
DA:34,0
DA:35,0
DA:36,0
DA:39,0
DA:42,10
LF:18
LH:6
BRDA:16,0,0,0
BRDA:16,0,1,0
BRDA:24,1,0,0
BRDA:24,1,1,0
BRDA:34,2,0,0
BRDA:34,2,1,0
BRF:6
BRH:0
end_of_record
TN:
SF:tests\helpers\entitiesHelper.js
FN:8,(anonymous_0)
FN:22,(anonymous_1)
FN:37,(anonymous_2)
FN:53,(anonymous_3)
FN:71,(anonymous_4)
FN:94,(anonymous_5)
FNF:6
FNH:6
FNDA:131,(anonymous_0)
FNDA:131,(anonymous_1)
FNDA:11,(anonymous_2)
FNDA:47,(anonymous_3)
FNDA:22,(anonymous_4)
FNDA:8,(anonymous_5)
DA:1,10
DA:2,10
DA:3,10
DA:4,10
DA:5,10
DA:6,10
DA:8,10
DA:9,131
DA:10,131
DA:14,131
DA:15,131
DA:17,0
DA:18,0
DA:22,10
DA:23,131
DA:24,131
DA:29,131
DA:30,131
DA:32,0
DA:33,0
DA:37,10
DA:38,11
DA:39,11
DA:45,11
DA:46,11
DA:48,0
DA:49,0
DA:53,10
DA:54,47
DA:55,47
DA:63,47
DA:64,47
DA:66,0
DA:67,0
DA:71,10
DA:76,22
DA:77,22
DA:82,22
DA:87,22
DA:89,0
DA:90,0
DA:94,10
DA:100,8
DA:101,8
DA:107,8
DA:108,8
DA:110,0
DA:111,0
DA:115,10
LF:49
LH:37
BRDA:8,0,0,104
BRDA:22,1,0,104
BRDA:37,2,0,11
BRDA:53,3,0,9
BRDA:72,4,0,0
BRDA:73,5,0,0
BRDA:74,6,0,22
BRDA:95,7,0,0
BRDA:96,8,0,0
BRDA:97,9,0,0
BRDA:98,10,0,0
BRF:11
BRH:5
end_of_record
TN:
SF:tests\helpers\tokenHelper.js
FN:5,(anonymous_0)
FN:10,(anonymous_1)
FN:21,(anonymous_2)
FN:32,(anonymous_3)
FNF:4
FNH:4
FNDA:111,(anonymous_0)
FNDA:28,(anonymous_1)
FNDA:1,(anonymous_2)
FNDA:82,(anonymous_3)
DA:1,9
DA:3,9
DA:5,9
DA:6,111
DA:7,111
DA:10,9
DA:11,28
DA:18,28
DA:21,9
DA:22,1
DA:29,1
DA:32,9
DA:33,82
DA:40,82
DA:43,9
LF:15
LH:15
BRDA:5,0,0,111
BRDA:10,1,0,28
BRDA:21,2,0,0
BRDA:32,3,0,4
BRF:4
BRH:3
end_of_record
TN:
SF:tests\helpers\usersHelper.js
FN:14,(anonymous_0)
FN:18,(anonymous_1)
FN:22,(anonymous_2)
FN:33,(anonymous_3)
FN:45,(anonymous_4)
FN:49,(anonymous_5)
FN:53,(anonymous_6)
FN:57,(anonymous_7)
FNF:8
FNH:7
FNDA:327,(anonymous_0)
FNDA:109,(anonymous_1)
FNDA:109,(anonymous_2)
FNDA:109,(anonymous_3)
FNDA:0,(anonymous_4)
FNDA:1,(anonymous_5)
FNDA:108,(anonymous_6)
FNDA:34,(anonymous_7)
DA:1,7
DA:2,7
DA:3,7
DA:5,7
DA:14,7
DA:15,327
DA:18,7
DA:19,109
DA:22,7
DA:23,109
DA:33,7
DA:34,109
DA:35,109
DA:36,109
DA:37,109
DA:38,109
DA:40,0
DA:41,0
DA:45,7
DA:46,0
DA:49,7
DA:50,1
DA:53,7
DA:54,108
DA:57,7
DA:58,34
DA:59,34
DA:60,34
DA:66,34
DA:67,34
DA:69,0
DA:70,0
DA:74,7
LF:33
LH:28
BRDA:22,0,0,0
BRDA:33,1,0,0
BRDA:45,2,0,0
BRDA:49,3,0,1
BRDA:53,4,0,100
BRDA:57,5,0,25
BRF:6
BRH:3
end_of_record
